2021-01-08 18:15:25.261 | INFO     | __main__:run:12 - Namespace(batch_size=128, code_length=[12, 24, 32, 48], dataset='cifar-10', device=device(type='cuda', index=0), gamma=200, gpu=0, lr=0.0001, max_epoch=10, max_iter=30, num_query=1000, num_samples=2000, num_workers=0, root='data/', topk=-1)
2021-01-08 18:30:13.852 | INFO     | adsh:train:100 - [Training time:886.53]
2021-01-08 18:30:16.925 | INFO     | __main__:run:42 - [code_length:12][map:0.7614][Prec:tensor([1.0000, 1.0000, 0.9975, 0.9411, 0.8352, 0.4334, 0.1792, 0.1111, 0.1012,
        0.1001, 0.1000, 0.1000, 0.1000], device='cuda:0')][Reca:tensor([0.8716, 0.7924, 0.8421, 0.8688, 0.9426, 0.9932, 0.9968, 0.9999, 1.0000,
        1.0000, 1.0000, 1.0000, 1.0000], device='cuda:0')]
2021-01-08 18:44:56.429 | INFO     | adsh:train:100 - [Training time:879.22]
2021-01-08 18:44:58.795 | INFO     | __main__:run:42 - [code_length:24][map:0.8062][Prec:tensor([1.0000, 1.0000, 1.0000, 1.0000, 1.0000, 1.0000, 0.9967, 0.9780, 0.9632,
        0.9366, 0.8276, 0.6029, 0.3328, 0.1451, 0.1073, 0.1013, 0.1002, 0.1000,
        0.1000, 0.1000, 0.1000, 0.1000, 0.1000, 0.1000, 0.1000],
       device='cuda:0')][Reca:tensor([0.9362, 0.7867, 0.9877, 0.9930, 0.9945, 0.9986, 0.9973, 0.9948, 0.9987,
        0.9975, 0.9976, 0.9977, 0.9957, 0.9949, 0.9960, 0.9990, 1.0000, 1.0000,
        1.0000, 1.0000, 1.0000, 1.0000, 1.0000, 1.0000, 1.0000],
       device='cuda:0')]
2021-01-08 18:59:38.167 | INFO     | adsh:train:100 - [Training time:879.09]
2021-01-08 18:59:40.619 | INFO     | __main__:run:42 - [code_length:32][map:0.8301][Prec:tensor([1.0000, 1.0000, 1.0000, 1.0000, 1.0000, 1.0000, 1.0000, 1.0000, 0.9987,
        0.9899, 0.9803, 0.9603, 0.9446, 0.9263, 0.9015, 0.7645, 0.4507, 0.1935,
        0.1168, 0.1032, 0.1009, 0.1003, 0.1001, 0.1000, 0.1000, 0.1000, 0.1000,
        0.1000, 0.1000, 0.1000, 0.1000, 0.1000, 0.1000], device='cuda:0')][Reca:tensor([1.0000, 0.8673, 0.9762, 0.9833, 0.9982, 0.9956, 0.9962, 0.9963, 0.9962,
        0.9948, 0.9987, 0.9918, 0.9986, 0.9942, 0.9966, 0.9956, 0.9800, 0.9867,
        0.9944, 1.0000, 1.0000, 1.0000, 1.0000, 1.0000, 1.0000, 1.0000, 1.0000,
        1.0000, 1.0000, 1.0000, 1.0000, 1.0000, 1.0000], device='cuda:0')]
2021-01-08 19:14:25.107 | INFO     | adsh:train:100 - [Training time:884.18]
2021-01-08 19:14:27.671 | INFO     | __main__:run:42 - [code_length:48][map:0.8042][Prec:tensor([1.0000, 1.0000, 1.0000, 1.0000, 1.0000, 1.0000, 1.0000, 1.0000, 1.0000,
        1.0000, 1.0000, 1.0000, 1.0000, 0.9952, 0.9844, 0.9773, 0.9683, 0.9571,
        0.9505, 0.9434, 0.9318, 0.9178, 0.9055, 0.8759, 0.7637, 0.3848, 0.1620,
        0.1121, 0.1047, 0.1024, 0.1013, 0.1007, 0.1003, 0.1001, 0.1001, 0.1000,
        0.1000, 0.1000, 0.1000, 0.1000, 0.1000, 0.1000, 0.1000, 0.1000, 0.1000,
        0.1000, 0.1000, 0.1000, 0.1000], device='cuda:0')][Reca:tensor([1.0000, 1.0000, 0.9916, 0.9764, 0.9845, 0.9996, 0.9986, 0.9982, 0.9986,
        0.9976, 0.9986, 0.9996, 0.9997, 1.0000, 0.9974, 0.9984, 0.9987, 0.9959,
        0.9972, 0.9990, 0.9991, 0.9978, 0.9976, 0.9944, 0.9900, 0.9826, 0.9937,
        1.0000, 0.9982, 0.9983, 1.0000, 1.0000, 1.0000, 1.0000, 1.0000, 1.0000,
        1.0000, 1.0000, 1.0000, 1.0000, 1.0000, 1.0000, 1.0000, 1.0000, 1.0000,
        1.0000, 1.0000, 1.0000, 1.0000], device='cuda:0')]
