2021-01-07 21:08:06.972 | INFO     | __main__:run:12 - Namespace(batch_size=128, code_length=[12, 24, 32, 48], dataset='cifar-10', device=device(type='cuda', index=0), gamma=200, gpu=0, lr=0.0001, max_epoch=3, max_iter=100, num_query=1000, num_samples=2000, num_workers=0, root='data/', topk=-1)
2021-01-07 21:23:03.445 | INFO     | adsh:train:100 - [Training time:894.50]
2021-01-07 21:23:06.542 | INFO     | __main__:run:42 - [code_length:12][map:0.8143][Prec:tensor([1.0000, 1.0000, 0.9993, 0.9832, 0.8390, 0.4952, 0.1899, 0.1154, 0.1011,
        0.1000, 0.1000, 0.1000, 0.1000], device='cuda:0')][Reca:tensor([1.0000, 0.8596, 0.9874, 0.9924, 0.9928, 0.9989, 0.9989, 1.0000, 1.0000,
        1.0000, 1.0000, 1.0000, 1.0000], device='cuda:0')]
2021-01-07 21:38:02.617 | INFO     | adsh:train:100 - [Training time:895.79]
2021-01-07 21:38:05.125 | INFO     | __main__:run:42 - [code_length:24][map:0.8373][Prec:tensor([1.0000, 1.0000, 1.0000, 1.0000, 1.0000, 0.9987, 0.9913, 0.9751, 0.9609,
        0.9319, 0.8875, 0.7494, 0.3827, 0.1502, 0.1081, 0.1016, 0.1004, 0.1000,
        0.1000, 0.1000, 0.1000, 0.1000, 0.1000, 0.1000, 0.1000],
       device='cuda:0')][Reca:tensor([0.8382, 0.9409, 0.9797, 0.9899, 0.9967, 0.9974, 0.9928, 0.9944, 0.9963,
        0.9976, 0.9913, 0.9869, 0.9931, 0.9979, 0.9990, 1.0000, 1.0000, 1.0000,
        1.0000, 1.0000, 1.0000, 1.0000, 1.0000, 1.0000, 1.0000],
       device='cuda:0')]
2021-01-07 21:53:08.863 | INFO     | adsh:train:100 - [Training time:903.45]
2021-01-07 21:53:11.327 | INFO     | __main__:run:42 - [code_length:32][map:0.8560][Prec:tensor([1.0000, 1.0000, 1.0000, 1.0000, 1.0000, 1.0000, 1.0000, 1.0000, 1.0000,
        0.9914, 0.9743, 0.9569, 0.9398, 0.9255, 0.9045, 0.8634, 0.5389, 0.2259,
        0.1148, 0.1041, 0.1014, 0.1005, 0.1001, 0.1000, 0.1000, 0.1000, 0.1000,
        0.1000, 0.1000, 0.1000, 0.1000, 0.1000, 0.1000], device='cuda:0')][Reca:tensor([0.9822, 0.9863, 0.9955, 0.9964, 0.9982, 1.0000, 1.0000, 1.0000, 1.0000,
        1.0000, 1.0000, 1.0000, 1.0000, 0.9997, 0.9997, 1.0000, 0.9985, 0.9976,
        0.9991, 1.0000, 1.0000, 1.0000, 1.0000, 1.0000, 1.0000, 1.0000, 1.0000,
        1.0000, 1.0000, 1.0000, 1.0000, 1.0000, 1.0000], device='cuda:0')]
2021-01-07 22:08:14.109 | INFO     | adsh:train:100 - [Training time:902.45]
2021-01-07 22:08:16.625 | INFO     | __main__:run:42 - [code_length:48][map:0.8300][Prec:tensor([1.0000, 1.0000, 1.0000, 1.0000, 1.0000, 1.0000, 1.0000, 1.0000, 1.0000,
        1.0000, 1.0000, 1.0000, 1.0000, 0.9966, 0.9871, 0.9737, 0.9608, 0.9485,
        0.9394, 0.9261, 0.9128, 0.8963, 0.8807, 0.8649, 0.8237, 0.5389, 0.1517,
        0.1144, 0.1063, 0.1033, 0.1017, 0.1008, 0.1005, 0.1002, 0.1001, 0.1000,
        0.1000, 0.1000, 0.1000, 0.1000, 0.1000, 0.1000, 0.1000, 0.1000, 0.1000,
        0.1000, 0.1000, 0.1000, 0.1000], device='cuda:0')][Reca:tensor([0.9752, 0.9789, 0.9945, 0.9984, 0.9988, 0.9992, 1.0000, 1.0000, 1.0000,
        1.0000, 1.0000, 1.0000, 0.9993, 0.9993, 1.0000, 1.0000, 1.0000, 1.0000,
        1.0000, 0.9997, 0.9994, 0.9997, 1.0000, 1.0000, 1.0000, 1.0000, 1.0000,
        1.0000, 1.0000, 1.0000, 1.0000, 1.0000, 1.0000, 1.0000, 1.0000, 1.0000,
        1.0000, 1.0000, 1.0000, 1.0000, 1.0000, 1.0000, 1.0000, 1.0000, 1.0000,
        1.0000, 1.0000, 1.0000, 1.0000], device='cuda:0')]
