2021-01-08 16:14:01.136 | INFO     | __main__:run:12 - Namespace(batch_size=128, code_length=[12, 24, 32, 48], dataset='cifar-10', device=device(type='cuda', index=0), gamma=200, gpu=0, lr=0.0001, max_epoch=10, max_iter=30, num_query=1000, num_samples=2000, num_workers=0, root='data/', topk=-1)
2021-01-08 16:28:53.272 | INFO     | adsh:train:100 - [Training time:890.16]
2021-01-08 16:28:56.346 | INFO     | __main__:run:42 - [code_length:12][map:0.8140][Prec:tensor([1.0000, 1.0000, 1.0000, 0.9739, 0.8817, 0.5304, 0.1873, 0.1160, 0.1010,
        0.1000, 0.1000, 0.1000, 0.1000], device='cuda:0')][Reca:tensor([0.6967, 0.9849, 0.9895, 0.9913, 0.9892, 0.9901, 0.9888, 1.0000, 1.0000,
        1.0000, 1.0000, 1.0000, 1.0000], device='cuda:0')]
2021-01-08 16:43:35.950 | INFO     | adsh:train:100 - [Training time:879.32]
2021-01-08 16:43:38.369 | INFO     | __main__:run:42 - [code_length:24][map:0.7744][Prec:tensor([1.0000, 1.0000, 1.0000, 1.0000, 1.0000, 1.0000, 0.9965, 0.9742, 0.9496,
        0.8776, 0.7773, 0.5568, 0.3202, 0.1554, 0.1104, 0.1016, 0.1003, 0.1000,
        0.1000, 0.1000, 0.1000, 0.1000, 0.1000, 0.1000, 0.1000],
       device='cuda:0')][Reca:tensor([0.3412, 0.6368, 0.9451, 0.9864, 0.9901, 0.9916, 0.9931, 0.9933, 0.9935,
        0.9886, 0.9840, 0.9851, 0.9861, 0.9929, 0.9980, 0.9990, 0.9990, 1.0000,
        1.0000, 1.0000, 1.0000, 1.0000, 1.0000, 1.0000, 1.0000],
       device='cuda:0')]
2021-01-08 16:58:24.857 | INFO     | adsh:train:100 - [Training time:886.22]
2021-01-08 16:58:27.298 | INFO     | __main__:run:42 - [code_length:32][map:0.8404][Prec:tensor([1.0000, 1.0000, 1.0000, 1.0000, 1.0000, 1.0000, 1.0000, 1.0000, 1.0000,
        0.9944, 0.9778, 0.9626, 0.9475, 0.9288, 0.9042, 0.8570, 0.5943, 0.1869,
        0.1153, 0.1045, 0.1015, 0.1005, 0.1002, 0.1000, 0.1000, 0.1000, 0.1000,
        0.1000, 0.1000, 0.1000, 0.1000, 0.1000, 0.1000], device='cuda:0')][Reca:tensor([1.0000, 1.0000, 0.9967, 1.0000, 0.9986, 0.9987, 0.9987, 0.9987, 1.0000,
        0.9975, 1.0000, 0.9988, 1.0000, 1.0000, 0.9988, 0.9966, 0.9978, 0.9979,
        1.0000, 1.0000, 1.0000, 1.0000, 1.0000, 1.0000, 1.0000, 1.0000, 1.0000,
        1.0000, 1.0000, 1.0000, 1.0000, 1.0000, 1.0000], device='cuda:0')]
