2021-01-08 13:43:07.107 | INFO     | __main__:run:12 - Namespace(batch_size=128, code_length=[12, 24, 32, 48], dataset='cifar-10', device=device(type='cuda', index=0), gamma=200, gpu=0, lr=0.0001, max_epoch=10, max_iter=30, num_query=1000, num_samples=2000, num_workers=0, root='data/', topk=-1)
2021-01-08 14:00:32.018 | INFO     | adsh:train:101 - [Training time:1042.90]
2021-01-08 14:00:35.285 | INFO     | __main__:run:42 - [code_length:12][map:0.8176][Prec:tensor([1.0000, 1.0000, 0.9986, 0.9797, 0.8753, 0.5072, 0.1795, 0.1131, 0.1009,
        0.1000, 0.1000, 0.1000, 0.1000], device='cuda:0')][Reca:tensor([0.6922, 0.9779, 0.9933, 0.9987, 0.9976, 0.9944, 0.9990, 1.0000, 1.0000,
        1.0000, 1.0000, 1.0000, 1.0000], device='cuda:0')]
2021-01-08 14:17:53.096 | INFO     | adsh:train:101 - [Training time:1037.53]
2021-01-08 14:17:55.579 | INFO     | __main__:run:42 - [code_length:24][map:0.8374][Prec:tensor([1.0000, 1.0000, 1.0000, 1.0000, 1.0000, 1.0000, 0.9994, 0.9874, 0.9617,
        0.9360, 0.8350, 0.7107, 0.3359, 0.1469, 0.1059, 0.1017, 0.1004, 0.1001,
        0.1000, 0.1000, 0.1000, 0.1000, 0.1000, 0.1000, 0.1000],
       device='cuda:0')][Reca:tensor([1.0000, 0.8623, 0.9650, 0.9811, 0.9869, 0.9949, 0.9926, 0.9939, 0.9867,
        0.9859, 0.9876, 0.9891, 0.9927, 0.9959, 0.9950, 0.9990, 1.0000, 1.0000,
        1.0000, 1.0000, 1.0000, 1.0000, 1.0000, 1.0000, 1.0000],
       device='cuda:0')]
2021-01-08 14:35:16.365 | INFO     | adsh:train:101 - [Training time:1040.49]
2021-01-08 14:35:18.881 | INFO     | __main__:run:42 - [code_length:32][map:0.8279][Prec:tensor([1.0000, 1.0000, 1.0000, 1.0000, 1.0000, 1.0000, 1.0000, 1.0000, 1.0000,
        0.9887, 0.9732, 0.9564, 0.9427, 0.9202, 0.8968, 0.8151, 0.5243, 0.1827,
        0.1153, 0.1039, 0.1015, 0.1006, 0.1002, 0.1000, 0.1000, 0.1000, 0.1000,
        0.1000, 0.1000, 0.1000, 0.1000, 0.1000, 0.1000], device='cuda:0')][Reca:tensor([0.9801, 0.8393, 0.9435, 0.9894, 0.9952, 0.9966, 0.9960, 0.9941, 0.9949,
        0.9937, 0.9925, 0.9963, 1.0000, 0.9964, 0.9948, 0.9917, 0.9904, 0.9923,
        0.9995, 1.0000, 1.0000, 1.0000, 1.0000, 1.0000, 1.0000, 1.0000, 1.0000,
        1.0000, 1.0000, 1.0000, 1.0000, 1.0000, 1.0000], device='cuda:0')]
2021-01-08 14:52:43.041 | INFO     | adsh:train:101 - [Training time:1043.86]
2021-01-08 14:52:45.685 | INFO     | __main__:run:42 - [code_length:48][map:0.8182][Prec:tensor([1.0000, 1.0000, 1.0000, 1.0000, 1.0000, 1.0000, 1.0000, 1.0000, 1.0000,
        1.0000, 1.0000, 1.0000, 1.0000, 0.9981, 0.9885, 0.9756, 0.9663, 0.9545,
        0.9432, 0.9342, 0.9257, 0.9078, 0.8910, 0.8716, 0.7866, 0.3891, 0.1766,
        0.1160, 0.1064, 0.1031, 0.1015, 0.1007, 0.1003, 0.1001, 0.1000, 0.1000,
        0.1000, 0.1000, 0.1000, 0.1000, 0.1000, 0.1000, 0.1000, 0.1000, 0.1000,
        0.1000, 0.1000, 0.1000, 0.1000], device='cuda:0')][Reca:tensor([1., 1., 1., 1., 1., 1., 1., 1., 1., 1., 1., 1., 1., 1., 1., 1., 1., 1.,
        1., 1., 1., 1., 1., 1., 1., 1., 1., 1., 1., 1., 1., 1., 1., 1., 1., 1.,
        1., 1., 1., 1., 1., 1., 1., 1., 1., 1., 1., 1., 1.], device='cuda:0')]
