2021-01-10 14:58:23.896 | INFO     | __main__:run:12 - Namespace(batch_size=128, code_length=[12, 24, 32, 48], dataset='cifar-100', device=device(type='cuda', index=0), gamma=200, gpu=0, lr=0.0001, max_epoch=10, max_iter=30, num_query=1000, num_samples=2000, num_workers=0, root='data/', topk=1000)
2021-01-10 15:15:58.148 | INFO     | adsh:train:99 - [Training time:1052.19]
2021-01-10 15:16:01.405 | INFO     | __main__:run:42 - [code_length:12][map:0.2154][Prec:tensor([0.5882, 0.4649, 0.2565, 0.1299, 0.0566, 0.0255, 0.0154, 0.0118, 0.0104,
        0.0101, 0.0100, 0.0100, 0.0100], device='cuda:0')][Reca:tensor([0.4928, 0.5326, 0.5827, 0.6497, 0.7380, 0.8364, 0.9384, 0.9818, 0.9908,
        0.9990, 1.0000, 1.0000, 1.0000], device='cuda:0')]
2021-01-10 15:41:27.142 | INFO     | adsh:train:99 - [Training time:1525.45]
2021-01-10 15:41:29.617 | INFO     | __main__:run:42 - [code_length:24][map:0.3084][Prec:tensor([0.9678, 0.9805, 0.9576, 0.9091, 0.8045, 0.6883, 0.5178, 0.3305, 0.1846,
        0.0970, 0.0447, 0.0250, 0.0168, 0.0131, 0.0114, 0.0105, 0.0102, 0.0100,
        0.0100, 0.0100, 0.0100, 0.0100, 0.0100, 0.0100, 0.0100],
       device='cuda:0')][Reca:tensor([0.9034, 0.8958, 0.9262, 0.9216, 0.8889, 0.8572, 0.8504, 0.8252, 0.8438,
        0.8626, 0.9019, 0.9254, 0.9517, 0.9750, 0.9909, 0.9953, 0.9982, 1.0000,
        1.0000, 1.0000, 1.0000, 1.0000, 1.0000, 1.0000, 1.0000],
       device='cuda:0')]
2021-01-10 15:58:49.952 | INFO     | adsh:train:99 - [Training time:1040.04]
2021-01-10 15:58:52.418 | INFO     | __main__:run:42 - [code_length:32][map:0.3448][Prec:tensor([1.0000, 1.0000, 0.9897, 0.9926, 0.9785, 0.9411, 0.8989, 0.8256, 0.7497,
        0.5774, 0.4171, 0.2760, 0.1582, 0.0780, 0.0402, 0.0245, 0.0173, 0.0135,
        0.0117, 0.0107, 0.0103, 0.0101, 0.0100, 0.0100, 0.0100, 0.0100, 0.0100,
        0.0100, 0.0100, 0.0100, 0.0100, 0.0100, 0.0100], device='cuda:0')][Reca:tensor([0.9416, 0.9591, 0.8970, 0.9199, 0.9250, 0.9411, 0.9386, 0.9455, 0.9272,
        0.8878, 0.8933, 0.8923, 0.8919, 0.8949, 0.9213, 0.9455, 0.9685, 0.9767,
        0.9903, 0.9955, 0.9987, 1.0000, 1.0000, 1.0000, 1.0000, 1.0000, 1.0000,
        1.0000, 1.0000, 1.0000, 1.0000, 1.0000, 1.0000], device='cuda:0')]
2021-01-10 16:18:00.522 | INFO     | adsh:train:99 - [Training time:1147.80]
2021-01-10 16:18:03.102 | INFO     | __main__:run:42 - [code_length:48][map:0.4002][Prec:tensor([1.0000, 1.0000, 1.0000, 1.0000, 1.0000, 0.9997, 0.9928, 0.9861, 0.9771,
        0.9666, 0.9447, 0.9147, 0.8581, 0.7987, 0.7213, 0.6486, 0.5459, 0.4407,
        0.3281, 0.2235, 0.1317, 0.0675, 0.0374, 0.0247, 0.0179, 0.0142, 0.0122,
        0.0111, 0.0105, 0.0102, 0.0101, 0.0100, 0.0100, 0.0100, 0.0100, 0.0100,
        0.0100, 0.0100, 0.0100, 0.0100, 0.0100, 0.0100, 0.0100, 0.0100, 0.0100,
        0.0100, 0.0100, 0.0100, 0.0100], device='cuda:0')][Reca:tensor([0.9999, 0.9998, 0.9665, 0.9917, 0.9746, 0.9587, 0.9661, 0.9776, 0.9631,
        0.9660, 0.9584, 0.9442, 0.9361, 0.9217, 0.9074, 0.9124, 0.8912, 0.8853,
        0.8936, 0.8971, 0.9034, 0.9233, 0.9249, 0.9546, 0.9665, 0.9773, 0.9893,
        0.9947, 0.9968, 0.9997, 1.0000, 1.0000, 1.0000, 1.0000, 1.0000, 1.0000,
        1.0000, 1.0000, 1.0000, 1.0000, 1.0000, 1.0000, 1.0000, 1.0000, 1.0000,
        1.0000, 1.0000, 1.0000, 1.0000], device='cuda:0')]
