2021-01-11 15:05:23.710 | INFO     | __main__:run:12 - Namespace(batch_size=128, code_length=[12, 24, 32, 48], dataset='cifar-10', device=device(type='cuda', index=0), gamma=200, gpu=0, lr=0.0001, max_epoch=10, max_iter=30, num_query=1000, num_samples=2000, num_workers=0, root='data/', topk=1000)
2021-01-11 15:20:17.361 | INFO     | adsh:train:99 - [Training time:891.48]
2021-01-11 15:20:20.337 | INFO     | __main__:run:42 - [code_length:12][map:0.7660][Prec:tensor([1.0000, 1.0000, 0.9986, 0.9844, 0.8679, 0.6613, 0.2021, 0.1134, 0.1008,
        0.1000, 0.1000, 0.1000, 0.1000], device='cuda:0')][Reca:tensor([1., 1., 1., 1., 1., 1., 1., 1., 1., 1., 1., 1., 1.], device='cuda:0')]
2021-01-11 15:35:02.514 | INFO     | adsh:train:99 - [Training time:881.90]
2021-01-11 15:35:04.825 | INFO     | __main__:run:42 - [code_length:24][map:0.7663][Prec:tensor([1.0000, 1.0000, 1.0000, 1.0000, 1.0000, 1.0000, 1.0000, 0.9908, 0.9755,
        0.9375, 0.8616, 0.6452, 0.2946, 0.1504, 0.1087, 0.1012, 0.1003, 0.1001,
        0.1000, 0.1000, 0.1000, 0.1000, 0.1000, 0.1000, 0.1000],
       device='cuda:0')][Reca:tensor([1.0000, 0.8633, 0.9069, 0.9868, 0.9987, 1.0000, 0.9974, 0.9975, 1.0000,
        1.0000, 0.9989, 0.9976, 0.9986, 0.9998, 1.0000, 1.0000, 1.0000, 1.0000,
        1.0000, 1.0000, 1.0000, 1.0000, 1.0000, 1.0000, 1.0000],
       device='cuda:0')]
2021-01-11 15:49:50.382 | INFO     | adsh:train:99 - [Training time:885.28]
2021-01-11 15:49:52.788 | INFO     | __main__:run:42 - [code_length:32][map:0.7729][Prec:tensor([1.0000, 1.0000, 1.0000, 1.0000, 1.0000, 1.0000, 1.0000, 1.0000, 1.0000,
        0.9935, 0.9776, 0.9635, 0.9398, 0.9219, 0.8863, 0.8202, 0.5271, 0.1873,
        0.1198, 0.1044, 0.1017, 0.1005, 0.1001, 0.1000, 0.1000, 0.1000, 0.1000,
        0.1000, 0.1000, 0.1000, 0.1000, 0.1000, 0.1000], device='cuda:0')][Reca:tensor([0.1540, 0.7635, 0.8910, 0.9913, 0.9942, 0.9917, 0.9941, 0.9878, 0.9923,
        0.9949, 0.9936, 0.9948, 0.9927, 0.9975, 0.9878, 0.9735, 0.9711, 0.9904,
        0.9975, 0.9980, 1.0000, 1.0000, 1.0000, 1.0000, 1.0000, 1.0000, 1.0000,
        1.0000, 1.0000, 1.0000, 1.0000, 1.0000, 1.0000], device='cuda:0')]
2021-01-11 16:04:48.638 | INFO     | adsh:train:99 - [Training time:895.56]
2021-01-11 16:04:51.085 | INFO     | __main__:run:42 - [code_length:48][map:0.7680][Prec:tensor([1.0000, 1.0000, 1.0000, 1.0000, 1.0000, 1.0000, 1.0000, 1.0000, 1.0000,
        1.0000, 1.0000, 1.0000, 1.0000, 1.0000, 0.9961, 0.9833, 0.9709, 0.9629,
        0.9569, 0.9486, 0.9317, 0.9160, 0.8992, 0.8762, 0.8052, 0.4901, 0.1721,
        0.1122, 0.1052, 0.1024, 0.1012, 0.1005, 0.1002, 0.1001, 0.1000, 0.1000,
        0.1000, 0.1000, 0.1000, 0.1000, 0.1000, 0.1000, 0.1000, 0.1000, 0.1000,
        0.1000, 0.1000, 0.1000, 0.1000], device='cuda:0')][Reca:tensor([0.6856, 0.8457, 0.9920, 0.9928, 0.9946, 0.9996, 0.9994, 0.9973, 0.9978,
        1.0000, 0.9971, 0.9964, 0.9997, 0.9989, 0.9987, 0.9965, 0.9982, 0.9994,
        0.9988, 0.9987, 0.9979, 0.9977, 0.9988, 0.9981, 0.9945, 0.9845, 0.9860,
        0.9992, 1.0000, 1.0000, 1.0000, 1.0000, 1.0000, 1.0000, 1.0000, 1.0000,
        1.0000, 1.0000, 1.0000, 1.0000, 1.0000, 1.0000, 1.0000, 1.0000, 1.0000,
        1.0000, 1.0000, 1.0000, 1.0000], device='cuda:0')]
