2021-01-07 23:31:22.822 | INFO     | __main__:run:12 - Namespace(batch_size=128, code_length=[12, 24, 32, 48], dataset='cifar-10', device=device(type='cuda', index=0), gamma=200, gpu=0, lr=0.0001, max_epoch=1, max_iter=200, num_query=1000, num_samples=2000, num_workers=0, root='data/', topk=-1)
2021-01-07 23:43:37.619 | INFO     | adsh:train:100 - [Training time:732.77]
2021-01-07 23:43:40.882 | INFO     | __main__:run:42 - [code_length:12][map:0.8011][Prec:tensor([1.0000, 1.0000, 0.9986, 0.9629, 0.7506, 0.4657, 0.2017, 0.1127, 0.1015,
        0.1001, 0.1000, 0.1000, 0.1000], device='cuda:0')][Reca:tensor([0.9899, 0.8861, 0.9727, 0.9848, 0.9875, 0.9791, 0.9952, 0.9980, 1.0000,
        1.0000, 1.0000, 1.0000, 1.0000], device='cuda:0')]
2021-01-07 23:55:44.655 | INFO     | adsh:train:100 - [Training time:723.50]
2021-01-07 23:55:47.364 | INFO     | __main__:run:42 - [code_length:24][map:0.7936][Prec:tensor([1.0000, 1.0000, 1.0000, 1.0000, 1.0000, 1.0000, 0.9960, 0.9761, 0.9490,
        0.9156, 0.8659, 0.7419, 0.3868, 0.1477, 0.1080, 0.1023, 0.1006, 0.1001,
        0.1000, 0.1000, 0.1000, 0.1000, 0.1000, 0.1000, 0.1000],
       device='cuda:0')][Reca:tensor([0.9945, 0.9564, 0.9583, 0.9930, 0.9963, 0.9965, 0.9982, 0.9995, 0.9981,
        0.9977, 0.9995, 0.9995, 0.9979, 0.9974, 0.9990, 1.0000, 1.0000, 1.0000,
        1.0000, 1.0000, 1.0000, 1.0000, 1.0000, 1.0000, 1.0000],
       device='cuda:0')]
2021-01-08 00:07:57.063 | INFO     | adsh:train:100 - [Training time:729.38]
2021-01-08 00:07:59.687 | INFO     | __main__:run:42 - [code_length:32][map:0.8183][Prec:tensor([1.0000, 1.0000, 1.0000, 1.0000, 1.0000, 1.0000, 1.0000, 1.0000, 0.9980,
        0.9870, 0.9639, 0.9421, 0.9169, 0.8910, 0.8562, 0.8020, 0.5253, 0.1933,
        0.1211, 0.1062, 0.1026, 0.1010, 0.1003, 0.1001, 0.1000, 0.1000, 0.1000,
        0.1000, 0.1000, 0.1000, 0.1000, 0.1000, 0.1000], device='cuda:0')][Reca:tensor([0.9994, 0.9995, 0.9997, 0.9984, 0.9985, 1.0000, 1.0000, 1.0000, 1.0000,
        0.9987, 0.9987, 0.9975, 0.9976, 0.9953, 0.9965, 0.9966, 0.9872, 0.9949,
        0.9990, 1.0000, 1.0000, 1.0000, 1.0000, 1.0000, 1.0000, 1.0000, 1.0000,
        1.0000, 1.0000, 1.0000, 1.0000, 1.0000, 1.0000], device='cuda:0')]
2021-01-08 00:20:17.415 | INFO     | adsh:train:100 - [Training time:737.42]
2021-01-08 00:20:20.009 | INFO     | __main__:run:42 - [code_length:48][map:0.8265][Prec:tensor([1.0000, 1.0000, 1.0000, 1.0000, 1.0000, 1.0000, 1.0000, 1.0000, 1.0000,
        1.0000, 1.0000, 1.0000, 1.0000, 0.9981, 0.9894, 0.9806, 0.9727, 0.9607,
        0.9473, 0.9368, 0.9197, 0.9051, 0.8860, 0.8567, 0.8051, 0.4819, 0.1751,
        0.1163, 0.1070, 0.1035, 0.1019, 0.1009, 0.1003, 0.1001, 0.1001, 0.1001,
        0.1000, 0.1000, 0.1000, 0.1000, 0.1000, 0.1000, 0.1000, 0.1000, 0.1000,
        0.1000, 0.1000, 0.1000, 0.1000], device='cuda:0')][Reca:tensor([0.9999, 0.9999, 1.0000, 1.0000, 1.0000, 1.0000, 1.0000, 1.0000, 1.0000,
        1.0000, 1.0000, 1.0000, 1.0000, 1.0000, 1.0000, 1.0000, 1.0000, 1.0000,
        1.0000, 1.0000, 1.0000, 0.9977, 0.9977, 1.0000, 1.0000, 0.9989, 0.9990,
        1.0000, 1.0000, 1.0000, 1.0000, 1.0000, 1.0000, 1.0000, 1.0000, 1.0000,
        1.0000, 1.0000, 1.0000, 1.0000, 1.0000, 1.0000, 1.0000, 1.0000, 1.0000,
        1.0000, 1.0000, 1.0000, 1.0000], device='cuda:0')]
