2021-01-12 09:07:51.788 | INFO     | __main__:run:12 - Namespace(batch_size=128, code_length=[12, 24, 32, 48], dataset='cifar-100f', device=device(type='cuda', index=0), gamma=200, gpu=0, lr=0.0001, max_epoch=10, max_iter=30, num_query=1000, num_samples=2000, num_workers=0, root='data/', topk=10)
2021-01-12 09:22:42.936 | INFO     | adsh:train:99 - [Training time:889.02]
2021-01-12 09:22:45.957 | INFO     | __main__:run:42 - [code_length:12][map:0.1535][Prec:tensor([0.6010, 0.4830, 0.2853, 0.1293, 0.0566, 0.0238, 0.0148, 0.0115, 0.0104,
        0.0101, 0.0100, 0.0100, 0.0100], device='cuda:0')][Reca:tensor([0.5399, 0.6240, 0.6370, 0.6441, 0.6877, 0.7834, 0.9047, 0.9672, 0.9918,
        0.9984, 0.9990, 1.0000, 1.0000], device='cuda:0')]
2021-01-12 09:37:34.059 | INFO     | adsh:train:99 - [Training time:887.81]
2021-01-12 09:37:36.372 | INFO     | __main__:run:42 - [code_length:24][map:0.3040][Prec:tensor([1.0000, 0.9002, 0.8662, 0.8309, 0.7464, 0.6359, 0.4866, 0.3072, 0.1868,
        0.0933, 0.0452, 0.0249, 0.0166, 0.0129, 0.0112, 0.0105, 0.0101, 0.0100,
        0.0100, 0.0100, 0.0100, 0.0100, 0.0100, 0.0100, 0.0100],
       device='cuda:0')][Reca:tensor([0.9224, 0.9055, 0.8703, 0.8961, 0.8693, 0.8678, 0.8510, 0.8510, 0.8512,
        0.8640, 0.8895, 0.9195, 0.9522, 0.9747, 0.9896, 0.9986, 0.9990, 0.9998,
        0.9998, 1.0000, 1.0000, 1.0000, 1.0000, 1.0000, 1.0000],
       device='cuda:0')]
2021-01-12 09:52:19.841 | INFO     | adsh:train:99 - [Training time:883.18]
2021-01-12 09:52:22.344 | INFO     | __main__:run:42 - [code_length:32][map:0.3035][Prec:tensor([1.0000, 0.9895, 0.9841, 0.9378, 0.8768, 0.8484, 0.7802, 0.6954, 0.5929,
        0.4626, 0.3560, 0.2526, 0.1498, 0.0820, 0.0418, 0.0243, 0.0172, 0.0135,
        0.0116, 0.0107, 0.0102, 0.0101, 0.0100, 0.0100, 0.0100, 0.0100, 0.0100,
        0.0100, 0.0100, 0.0100, 0.0100, 0.0100, 0.0100], device='cuda:0')][Reca:tensor([0.9272, 0.9193, 0.9478, 0.9141, 0.9213, 0.9162, 0.8613, 0.8401, 0.8287,
        0.8114, 0.8193, 0.8193, 0.8231, 0.8326, 0.8740, 0.9025, 0.9482, 0.9726,
        0.9856, 0.9933, 0.9956, 1.0000, 1.0000, 1.0000, 1.0000, 1.0000, 1.0000,
        1.0000, 1.0000, 1.0000, 1.0000, 1.0000, 1.0000], device='cuda:0')]
2021-01-12 10:07:08.401 | INFO     | adsh:train:99 - [Training time:885.75]
2021-01-12 10:07:10.921 | INFO     | __main__:run:42 - [code_length:48][map:0.3423][Prec:tensor([1.0000, 0.9989, 0.9990, 0.9919, 0.9718, 0.9626, 0.9364, 0.9002, 0.8449,
        0.7839, 0.7339, 0.6827, 0.6309, 0.5468, 0.4665, 0.4030, 0.3398, 0.2842,
        0.2339, 0.1816, 0.1250, 0.0717, 0.0361, 0.0233, 0.0173, 0.0140, 0.0122,
        0.0111, 0.0105, 0.0102, 0.0101, 0.0100, 0.0100, 0.0100, 0.0100, 0.0100,
        0.0100, 0.0100, 0.0100, 0.0100, 0.0100, 0.0100, 0.0100, 0.0100, 0.0100,
        0.0100, 0.0100, 0.0100, 0.0100], device='cuda:0')][Reca:tensor([0.9817, 0.9707, 0.9808, 0.9628, 0.9215, 0.9249, 0.8958, 0.8688, 0.8339,
        0.7709, 0.7819, 0.7670, 0.7511, 0.7154, 0.6882, 0.6780, 0.6740, 0.6746,
        0.6871, 0.7215, 0.7573, 0.8084, 0.8442, 0.8880, 0.9280, 0.9569, 0.9810,
        0.9907, 0.9965, 0.9988, 0.9997, 1.0000, 1.0000, 1.0000, 1.0000, 1.0000,
        1.0000, 1.0000, 1.0000, 1.0000, 1.0000, 1.0000, 1.0000, 1.0000, 1.0000,
        1.0000, 1.0000, 1.0000, 1.0000], device='cuda:0')]
