2021-01-10 17:20:08.489 | INFO     | __main__:run:12 - Namespace(batch_size=128, code_length=[12, 24, 32, 48], dataset='cifar-100', device=device(type='cuda', index=0), gamma=200, gpu=0, lr=0.0001, max_epoch=10, max_iter=30, num_query=1000, num_samples=2000, num_workers=0, root='data/', topk=1000)
2021-01-10 17:34:55.128 | INFO     | adsh:train:99 - [Training time:884.64]
2021-01-10 17:34:58.224 | INFO     | __main__:run:42 - [code_length:12][map:0.4949][Prec:tensor([1.0000, 0.9868, 0.9357, 0.7700, 0.3944, 0.1611, 0.0824, 0.0577, 0.0513,
        0.0501, 0.0500, 0.0500, 0.0500], device='cuda:0')][Reca:tensor([0.8777, 0.9366, 0.9732, 0.9892, 0.9854, 0.9925, 0.9956, 0.9949, 1.0000,
        1.0000, 1.0000, 1.0000, 1.0000], device='cuda:0')]
2021-01-10 17:49:39.792 | INFO     | adsh:train:99 - [Training time:881.29]
2021-01-10 17:49:42.184 | INFO     | __main__:run:42 - [code_length:24][map:0.5759][Prec:tensor([1.0000, 1.0000, 1.0000, 1.0000, 0.9989, 0.9919, 0.9621, 0.9109, 0.8189,
        0.6663, 0.4065, 0.1806, 0.0921, 0.0633, 0.0537, 0.0508, 0.0502, 0.0500,
        0.0500, 0.0500, 0.0500, 0.0500, 0.0500, 0.0500, 0.0500],
       device='cuda:0')][Reca:tensor([0.8000, 0.9070, 0.9267, 0.9482, 0.9606, 0.9698, 0.9733, 0.9800, 0.9842,
        0.9806, 0.9804, 0.9876, 0.9891, 0.9911, 0.9989, 1.0000, 1.0000, 1.0000,
        1.0000, 1.0000, 1.0000, 1.0000, 1.0000, 1.0000, 1.0000],
       device='cuda:0')]
2021-01-10 18:04:26.084 | INFO     | adsh:train:99 - [Training time:883.60]
2021-01-10 18:04:28.521 | INFO     | __main__:run:42 - [code_length:32][map:0.5333][Prec:tensor([1.0000, 1.0000, 1.0000, 1.0000, 1.0000, 1.0000, 1.0000, 0.9971, 0.9802,
        0.9533, 0.9173, 0.8691, 0.7955, 0.6772, 0.4661, 0.2054, 0.1066, 0.0690,
        0.0558, 0.0518, 0.0504, 0.0501, 0.0500, 0.0500, 0.0500, 0.0500, 0.0500,
        0.0500, 0.0500, 0.0500, 0.0500, 0.0500, 0.0500], device='cuda:0')][Reca:tensor([0.8884, 0.9275, 0.9684, 0.9724, 0.9630, 0.9691, 0.9673, 0.9813, 0.9841,
        0.9851, 0.9897, 0.9911, 0.9813, 0.9703, 0.9663, 0.9653, 0.9828, 0.9888,
        0.9954, 0.9985, 1.0000, 1.0000, 1.0000, 1.0000, 1.0000, 1.0000, 1.0000,
        1.0000, 1.0000, 1.0000, 1.0000, 1.0000, 1.0000], device='cuda:0')]
2021-01-10 18:19:09.267 | INFO     | adsh:train:99 - [Training time:880.45]
2021-01-10 18:19:11.861 | INFO     | __main__:run:42 - [code_length:48][map:0.5686][Prec:tensor([1.0000, 1.0000, 1.0000, 1.0000, 1.0000, 1.0000, 1.0000, 1.0000, 1.0000,
        1.0000, 1.0000, 0.9993, 0.9871, 0.9683, 0.9357, 0.9129, 0.8874, 0.8512,
        0.8094, 0.7735, 0.7170, 0.6474, 0.5396, 0.3248, 0.1299, 0.0779, 0.0614,
        0.0544, 0.0518, 0.0506, 0.0503, 0.0501, 0.0500, 0.0500, 0.0500, 0.0500,
        0.0500, 0.0500, 0.0500, 0.0500, 0.0500, 0.0500, 0.0500, 0.0500, 0.0500,
        0.0500, 0.0500, 0.0500, 0.0500], device='cuda:0')][Reca:tensor([0.7276, 0.9046, 0.9349, 0.9508, 0.9628, 0.9584, 0.9708, 0.9776, 0.9760,
        0.9824, 0.9748, 0.9863, 0.9782, 0.9795, 0.9759, 0.9729, 0.9814, 0.9759,
        0.9733, 0.9744, 0.9724, 0.9727, 0.9723, 0.9701, 0.9712, 0.9847, 0.9902,
        0.9914, 0.9959, 0.9969, 0.9991, 1.0000, 1.0000, 1.0000, 1.0000, 1.0000,
        1.0000, 1.0000, 1.0000, 1.0000, 1.0000, 1.0000, 1.0000, 1.0000, 1.0000,
        1.0000, 1.0000, 1.0000, 1.0000], device='cuda:0')]
