2021-01-08 12:32:18.214 | INFO     | __main__:run:12 - Namespace(batch_size=128, code_length=[12, 24, 32, 48], dataset='cifar-10', device=device(type='cuda', index=0), gamma=200, gpu=0, lr=0.0001, max_epoch=10, max_iter=30, num_query=1000, num_samples=2000, num_workers=0, root='data/', topk=-1)
2021-01-08 12:49:49.559 | INFO     | adsh:train:100 - [Training time:1049.34]
2021-01-08 12:49:52.809 | INFO     | __main__:run:42 - [code_length:12][map:0.7869][Prec:tensor([1.0000, 1.0000, 0.9993, 0.9823, 0.9008, 0.5213, 0.1739, 0.1085, 0.1010,
        0.1001, 0.1000, 0.1000, 0.1000], device='cuda:0')][Reca:tensor([0.8340, 0.9187, 0.9968, 1.0000, 1.0000, 1.0000, 1.0000, 1.0000, 1.0000,
        1.0000, 1.0000, 1.0000, 1.0000], device='cuda:0')]
2021-01-08 13:07:29.673 | INFO     | adsh:train:100 - [Training time:1056.58]
2021-01-08 13:07:32.238 | INFO     | __main__:run:42 - [code_length:24][map:0.8387][Prec:tensor([1.0000, 1.0000, 1.0000, 1.0000, 1.0000, 1.0000, 0.9954, 0.9799, 0.9572,
        0.9306, 0.9069, 0.7437, 0.5957, 0.1357, 0.1076, 0.1018, 0.1006, 0.1001,
        0.1000, 0.1000, 0.1000, 0.1000, 0.1000, 0.1000, 0.1000],
       device='cuda:0')][Reca:tensor([0.9784, 0.9868, 0.9891, 0.9990, 0.9987, 0.9994, 0.9994, 0.9991, 0.9991,
        0.9991, 0.9997, 0.9986, 0.9968, 0.9975, 0.9992, 1.0000, 1.0000, 1.0000,
        1.0000, 1.0000, 1.0000, 1.0000, 1.0000, 1.0000, 1.0000],
       device='cuda:0')]
2021-01-08 13:24:53.320 | INFO     | adsh:train:100 - [Training time:1040.79]
2021-01-08 13:24:55.806 | INFO     | __main__:run:42 - [code_length:32][map:0.8328][Prec:tensor([1.0000, 1.0000, 1.0000, 1.0000, 1.0000, 1.0000, 1.0000, 1.0000, 0.9987,
        0.9875, 0.9739, 0.9527, 0.9262, 0.9023, 0.8642, 0.7543, 0.4997, 0.1898,
        0.1221, 0.1044, 0.1014, 0.1006, 0.1002, 0.1000, 0.1000, 0.1000, 0.1000,
        0.1000, 0.1000, 0.1000, 0.1000, 0.1000, 0.1000], device='cuda:0')][Reca:tensor([0.9991, 0.9130, 0.9705, 0.9887, 0.9917, 0.9932, 0.9907, 0.9921, 0.9911,
        0.9925, 0.9939, 0.9952, 0.9940, 0.9906, 0.9884, 0.9921, 0.9828, 0.9888,
        0.9919, 0.9990, 1.0000, 1.0000, 1.0000, 1.0000, 1.0000, 1.0000, 1.0000,
        1.0000, 1.0000, 1.0000, 1.0000, 1.0000, 1.0000], device='cuda:0')]
2021-01-08 13:42:17.200 | INFO     | adsh:train:100 - [Training time:1041.10]
2021-01-08 13:42:19.826 | INFO     | __main__:run:42 - [code_length:48][map:0.8492][Prec:tensor([1.0000, 1.0000, 1.0000, 1.0000, 1.0000, 1.0000, 1.0000, 1.0000, 1.0000,
        1.0000, 1.0000, 1.0000, 1.0000, 0.9975, 0.9890, 0.9778, 0.9671, 0.9585,
        0.9458, 0.9349, 0.9191, 0.9036, 0.8787, 0.8330, 0.6877, 0.3785, 0.1684,
        0.1172, 0.1057, 0.1028, 0.1015, 0.1007, 0.1002, 0.1001, 0.1000, 0.1000,
        0.1000, 0.1000, 0.1000, 0.1000, 0.1000, 0.1000, 0.1000, 0.1000, 0.1000,
        0.1000, 0.1000, 0.1000, 0.1000], device='cuda:0')][Reca:tensor([0.7960, 0.9783, 0.9956, 0.9986, 0.9986, 0.9960, 0.9974, 1.0000, 1.0000,
        0.9975, 0.9962, 1.0000, 0.9988, 1.0000, 0.9976, 0.9988, 0.9988, 1.0000,
        0.9988, 0.9988, 1.0000, 0.9977, 0.9978, 0.9989, 1.0000, 0.9969, 0.9969,
        1.0000, 0.9990, 0.9990, 1.0000, 1.0000, 1.0000, 1.0000, 1.0000, 1.0000,
        1.0000, 1.0000, 1.0000, 1.0000, 1.0000, 1.0000, 1.0000, 1.0000, 1.0000,
        1.0000, 1.0000, 1.0000, 1.0000], device='cuda:0')]
