2021-01-10 13:18:38.090 | INFO     | __main__:run:12 - Namespace(batch_size=128, code_length=[12, 24, 32, 48], dataset='cifar-100', device=device(type='cuda', index=0), gamma=200, gpu=0, lr=0.0001, max_epoch=10, max_iter=30, num_query=1000, num_samples=2000, num_workers=0, root='data/', topk=-1)
2021-01-10 13:36:13.063 | INFO     | adsh:train:99 - [Training time:1052.96]
2021-01-10 13:36:16.514 | INFO     | __main__:run:42 - [code_length:12][map:0.2142][Prec:tensor([0.5664, 0.5023, 0.2959, 0.1186, 0.0516, 0.0238, 0.0148, 0.0115, 0.0104,
        0.0101, 0.0100, 0.0100, 0.0100], device='cuda:0')][Reca:tensor([0.3082, 0.5892, 0.6069, 0.6291, 0.7102, 0.8011, 0.9080, 0.9694, 0.9939,
        0.9991, 1.0000, 1.0000, 1.0000], device='cuda:0')]
2021-01-10 13:53:49.375 | INFO     | adsh:train:99 - [Training time:1052.57]
2021-01-10 13:53:52.278 | INFO     | __main__:run:42 - [code_length:24][map:0.3703][Prec:tensor([0.9559, 0.9156, 0.8806, 0.8657, 0.8148, 0.7139, 0.5698, 0.3751, 0.2085,
        0.1016, 0.0450, 0.0248, 0.0165, 0.0129, 0.0112, 0.0104, 0.0101, 0.0100,
        0.0100, 0.0100, 0.0100, 0.0100, 0.0100, 0.0100, 0.0100],
       device='cuda:0')][Reca:tensor([0.8828, 0.9018, 0.9044, 0.9175, 0.9156, 0.9028, 0.8997, 0.8748, 0.8834,
        0.8797, 0.9063, 0.9330, 0.9494, 0.9747, 0.9912, 0.9969, 0.9990, 0.9990,
        1.0000, 1.0000, 1.0000, 1.0000, 1.0000, 1.0000, 1.0000],
       device='cuda:0')]
2021-01-10 14:11:23.994 | INFO     | adsh:train:99 - [Training time:1051.40]
2021-01-10 14:11:26.796 | INFO     | __main__:run:42 - [code_length:32][map:0.4096][Prec:tensor([1.0000, 0.9990, 0.9811, 0.9562, 0.9602, 0.9369, 0.8826, 0.8193, 0.7161,
        0.5807, 0.4279, 0.2737, 0.1553, 0.0765, 0.0407, 0.0248, 0.0173, 0.0136,
        0.0117, 0.0108, 0.0103, 0.0101, 0.0100, 0.0100, 0.0100, 0.0100, 0.0100,
        0.0100, 0.0100, 0.0100, 0.0100, 0.0100, 0.0100], device='cuda:0')][Reca:tensor([0.9311, 0.8718, 0.9532, 0.9366, 0.9468, 0.9413, 0.9353, 0.9491, 0.9221,
        0.9294, 0.9214, 0.8959, 0.8947, 0.9165, 0.9339, 0.9495, 0.9616, 0.9790,
        0.9866, 0.9960, 0.9997, 1.0000, 1.0000, 1.0000, 1.0000, 1.0000, 1.0000,
        1.0000, 1.0000, 1.0000, 1.0000, 1.0000, 1.0000], device='cuda:0')]
2021-01-10 14:29:02.687 | INFO     | adsh:train:99 - [Training time:1055.56]
2021-01-10 14:29:05.438 | INFO     | __main__:run:42 - [code_length:48][map:0.4623][Prec:tensor([1.0000, 1.0000, 0.9815, 0.9792, 0.9792, 0.9776, 0.9692, 0.9653, 0.9526,
        0.9296, 0.9016, 0.8580, 0.8144, 0.7502, 0.6827, 0.5747, 0.4981, 0.4127,
        0.3098, 0.2081, 0.1260, 0.0666, 0.0383, 0.0252, 0.0182, 0.0145, 0.0124,
        0.0112, 0.0106, 0.0103, 0.0101, 0.0100, 0.0100, 0.0100, 0.0100, 0.0100,
        0.0100, 0.0100, 0.0100, 0.0100, 0.0100, 0.0100, 0.0100, 0.0100, 0.0100,
        0.0100, 0.0100, 0.0100, 0.0100], device='cuda:0')][Reca:tensor([0.9049, 0.9374, 0.9631, 0.9724, 0.9823, 0.9803, 0.9868, 0.9919, 0.9614,
        0.9604, 0.9396, 0.9303, 0.9237, 0.9061, 0.8958, 0.8746, 0.8740, 0.8921,
        0.8743, 0.8841, 0.9043, 0.9261, 0.9490, 0.9694, 0.9759, 0.9831, 0.9927,
        0.9955, 0.9985, 0.9999, 1.0000, 1.0000, 1.0000, 1.0000, 1.0000, 1.0000,
        1.0000, 1.0000, 1.0000, 1.0000, 1.0000, 1.0000, 1.0000, 1.0000, 1.0000,
        1.0000, 1.0000, 1.0000, 1.0000], device='cuda:0')]
