2021-01-07 23:01:30.627 | INFO     | __main__:run:12 - Namespace(batch_size=128, code_length=[12, 24, 32, 48], dataset='cifar-10', device=device(type='cuda', index=0), gamma=200, gpu=0, lr=0.0001, max_epoch=3, max_iter=30, num_query=1000, num_samples=2000, num_workers=0, root='data/', topk=-1)
2021-01-07 23:06:52.874 | INFO     | adsh:train:100 - [Training time:320.22]
2021-01-07 23:06:56.236 | INFO     | __main__:run:42 - [code_length:12][map:0.6885][Prec:tensor([1.0000, 1.0000, 0.9940, 0.9558, 0.7977, 0.4648, 0.1888, 0.1172, 0.1025,
        0.1001, 0.1000, 0.1000, 0.1000], device='cuda:0')][Reca:tensor([0.7916, 0.7714, 0.9700, 0.9877, 0.9959, 0.9975, 0.9987, 0.9949, 0.9972,
        1.0000, 1.0000, 1.0000, 1.0000], device='cuda:0')]
2021-01-07 23:12:13.006 | INFO     | adsh:train:100 - [Training time:316.47]
2021-01-07 23:12:15.518 | INFO     | __main__:run:42 - [code_length:24][map:0.7213][Prec:tensor([1.0000, 1.0000, 1.0000, 1.0000, 1.0000, 1.0000, 0.9940, 0.9754, 0.9220,
        0.8612, 0.7638, 0.6003, 0.2848, 0.1506, 0.1128, 0.1035, 0.1009, 0.1001,
        0.1000, 0.1000, 0.1000, 0.1000, 0.1000, 0.1000, 0.1000],
       device='cuda:0')][Reca:tensor([0.7481, 0.9682, 0.9515, 0.9371, 0.9794, 0.9820, 0.9783, 0.9835, 0.9718,
        0.9720, 0.9713, 0.9564, 0.9478, 0.9623, 0.9889, 0.9960, 0.9990, 1.0000,
        1.0000, 1.0000, 1.0000, 1.0000, 1.0000, 1.0000, 1.0000],
       device='cuda:0')]
2021-01-07 23:17:32.194 | INFO     | adsh:train:100 - [Training time:316.38]
2021-01-07 23:17:34.707 | INFO     | __main__:run:42 - [code_length:32][map:0.7477][Prec:tensor([1.0000, 1.0000, 1.0000, 1.0000, 1.0000, 1.0000, 1.0000, 1.0000, 0.9993,
        0.9849, 0.9632, 0.9246, 0.8793, 0.8355, 0.7611, 0.6385, 0.4087, 0.1846,
        0.1264, 0.1068, 0.1024, 0.1007, 0.1001, 0.1000, 0.1000, 0.1000, 0.1000,
        0.1000, 0.1000, 0.1000, 0.1000, 0.1000, 0.1000], device='cuda:0')][Reca:tensor([1.0000, 0.9999, 0.9999, 0.9656, 0.9843, 0.9806, 0.9907, 0.9747, 0.9841,
        0.9830, 0.9888, 0.9826, 0.9692, 0.9712, 0.9717, 0.9750, 0.9711, 0.9794,
        0.9829, 0.9970, 0.9980, 0.9990, 0.9990, 1.0000, 1.0000, 1.0000, 1.0000,
        1.0000, 1.0000, 1.0000, 1.0000, 1.0000, 1.0000], device='cuda:0')]
2021-01-07 23:22:54.404 | INFO     | adsh:train:100 - [Training time:319.38]
2021-01-07 23:22:57.015 | INFO     | __main__:run:42 - [code_length:48][map:0.6770][Prec:tensor([1.0000, 1.0000, 1.0000, 1.0000, 1.0000, 1.0000, 1.0000, 1.0000, 1.0000,
        1.0000, 1.0000, 1.0000, 0.9983, 0.9827, 0.9623, 0.9459, 0.9256, 0.8883,
        0.8675, 0.8379, 0.8029, 0.7702, 0.7335, 0.6918, 0.5888, 0.3099, 0.1776,
        0.1308, 0.1133, 0.1079, 0.1044, 0.1022, 0.1010, 0.1005, 0.1002, 0.1001,
        0.1000, 0.1000, 0.1000, 0.1000, 0.1000, 0.1000, 0.1000, 0.1000, 0.1000,
        0.1000, 0.1000, 0.1000, 0.1000], device='cuda:0')][Reca:tensor([0.9957, 0.9598, 0.9559, 0.9762, 0.9831, 0.9859, 0.9862, 0.9921, 0.9924,
        0.9873, 0.9877, 0.9963, 0.9866, 0.9836, 0.9841, 0.9846, 0.9924, 0.9808,
        0.9897, 0.9844, 0.9731, 0.9683, 0.9655, 0.9692, 0.9590, 0.9510, 0.9747,
        0.9895, 0.9919, 0.9940, 0.9970, 0.9980, 0.9990, 1.0000, 1.0000, 1.0000,
        1.0000, 1.0000, 1.0000, 1.0000, 1.0000, 1.0000, 1.0000, 1.0000, 1.0000,
        1.0000, 1.0000, 1.0000, 1.0000], device='cuda:0')]
