2021-01-09 21:25:25.702 | INFO     | __main__:run:12 - Namespace(batch_size=128, code_length=[12, 24, 32, 48], dataset='cifar-10', device=device(type='cuda', index=0), gamma=200, gpu=0, lr=0.0001, max_epoch=10, max_iter=50, num_query=1000, num_samples=2000, num_workers=0, root='data/', topk=-1)
2021-01-09 21:50:23.988 | INFO     | adsh:train:99 - [Training time:1496.29]
2021-01-09 21:50:27.108 | INFO     | __main__:run:42 - [code_length:12][map:0.8592][Prec:tensor([1.0000, 1.0000, 0.9988, 0.9868, 0.9184, 0.5282, 0.1847, 0.1109, 0.1004,
        0.1000, 0.1000, 0.1000, 0.1000], device='cuda:0')][Reca:tensor([0.8347, 0.9803, 0.9976, 1.0000, 0.9988, 0.9977, 0.9970, 0.9981, 1.0000,
        1.0000, 1.0000, 1.0000, 1.0000], device='cuda:0')]
2021-01-09 22:14:53.236 | INFO     | adsh:train:99 - [Training time:1465.85]
2021-01-09 22:14:55.607 | INFO     | __main__:run:42 - [code_length:24][map:0.8534][Prec:tensor([1.0000, 1.0000, 1.0000, 1.0000, 1.0000, 1.0000, 0.9963, 0.9879, 0.9731,
        0.9556, 0.9310, 0.7369, 0.3289, 0.1443, 0.1071, 0.1011, 0.1001, 0.1000,
        0.1000, 0.1000, 0.1000, 0.1000, 0.1000, 0.1000, 0.1000],
       device='cuda:0')][Reca:tensor([1.0000, 0.5193, 0.8827, 0.9542, 0.9962, 0.9963, 0.9939, 0.9915, 0.9916,
        0.9883, 0.9885, 0.9913, 0.9916, 0.9959, 1.0000, 1.0000, 1.0000, 1.0000,
        1.0000, 1.0000, 1.0000, 1.0000, 1.0000, 1.0000, 1.0000],
       device='cuda:0')]
2021-01-09 22:39:22.916 | INFO     | adsh:train:99 - [Training time:1467.03]
2021-01-09 22:39:25.344 | INFO     | __main__:run:42 - [code_length:32][map:0.8520][Prec:tensor([1.0000, 1.0000, 1.0000, 1.0000, 1.0000, 1.0000, 1.0000, 1.0000, 1.0000,
        0.9961, 0.9865, 0.9721, 0.9625, 0.9515, 0.9328, 0.8622, 0.7127, 0.2065,
        0.1133, 0.1026, 0.1010, 0.1004, 0.1001, 0.1000, 0.1000, 0.1000, 0.1000,
        0.1000, 0.1000, 0.1000, 0.1000, 0.1000, 0.1000], device='cuda:0')][Reca:tensor([0.6928, 0.8890, 0.9828, 0.9864, 0.9966, 0.9976, 0.9987, 0.9999, 1.0000,
        1.0000, 1.0000, 1.0000, 1.0000, 0.9988, 0.9931, 0.9934, 0.9965, 0.9977,
        0.9991, 0.9991, 1.0000, 1.0000, 1.0000, 1.0000, 1.0000, 1.0000, 1.0000,
        1.0000, 1.0000, 1.0000, 1.0000, 1.0000, 1.0000], device='cuda:0')]
2021-01-09 23:03:53.707 | INFO     | adsh:train:99 - [Training time:1468.06]
2021-01-09 23:03:56.248 | INFO     | __main__:run:42 - [code_length:48][map:0.8862][Prec:tensor([1.0000, 1.0000, 1.0000, 1.0000, 1.0000, 1.0000, 1.0000, 1.0000, 1.0000,
        1.0000, 1.0000, 1.0000, 1.0000, 0.9982, 0.9948, 0.9909, 0.9867, 0.9828,
        0.9741, 0.9670, 0.9588, 0.9545, 0.9454, 0.9348, 0.8684, 0.4601, 0.1631,
        0.1074, 0.1031, 0.1016, 0.1009, 0.1005, 0.1002, 0.1001, 0.1000, 0.1000,
        0.1000, 0.1000, 0.1000, 0.1000, 0.1000, 0.1000, 0.1000, 0.1000, 0.1000,
        0.1000, 0.1000, 0.1000, 0.1000], device='cuda:0')][Reca:tensor([0.9961, 0.9979, 0.9997, 1.0000, 1.0000, 1.0000, 1.0000, 1.0000, 1.0000,
        1.0000, 1.0000, 1.0000, 1.0000, 1.0000, 1.0000, 1.0000, 1.0000, 1.0000,
        1.0000, 1.0000, 1.0000, 1.0000, 1.0000, 1.0000, 1.0000, 1.0000, 1.0000,
        1.0000, 1.0000, 1.0000, 1.0000, 1.0000, 1.0000, 1.0000, 1.0000, 1.0000,
        1.0000, 1.0000, 1.0000, 1.0000, 1.0000, 1.0000, 1.0000, 1.0000, 1.0000,
        1.0000, 1.0000, 1.0000, 1.0000], device='cuda:0')]
