2021-01-07 16:35:31.627 | INFO     | __main__:run:12 - Namespace(batch_size=128, code_length=[12, 24, 32, 48], dataset='cifar-10', device=device(type='cuda', index=0), gamma=200, gpu=0, lr=0.0001, max_epoch=3, max_iter=50, num_query=1000, num_samples=2000, num_workers=0, root='data/', topk=-1)
2021-01-07 16:43:04.549 | INFO     | adsh:train:100 - [Training time:450.95]
2021-01-07 16:43:07.665 | INFO     | __main__:run:42 - [code_length:12][map:0.7646][Prec:tensor([1.0000, 1.0000, 0.9910, 0.9660, 0.7918, 0.4546, 0.1948, 0.1195, 0.1019,
        0.1001, 0.1000, 0.1000, 0.1000], device='cuda:0')][Reca:tensor([0.7953, 0.9187, 0.9802, 0.9918, 0.9775, 0.9875, 0.9887, 0.9962, 0.9997,
        1.0000, 1.0000, 1.0000, 1.0000], device='cuda:0')]
2021-01-07 16:50:32.998 | INFO     | adsh:train:100 - [Training time:445.05]
2021-01-07 16:50:35.395 | INFO     | __main__:run:42 - [code_length:24][map:0.7646][Prec:tensor([1.0000, 1.0000, 1.0000, 1.0000, 1.0000, 0.9986, 0.9904, 0.9652, 0.9429,
        0.9037, 0.8567, 0.6575, 0.3486, 0.1449, 0.1090, 0.1017, 0.1004, 0.1001,
        0.1000, 0.1000, 0.1000, 0.1000, 0.1000, 0.1000, 0.1000],
       device='cuda:0')][Reca:tensor([0.8624, 0.7629, 0.8547, 0.9605, 0.9654, 0.9805, 0.9826, 0.9802, 0.9850,
        0.9804, 0.9773, 0.9738, 0.9720, 0.9849, 0.9963, 0.9971, 0.9990, 1.0000,
        1.0000, 1.0000, 1.0000, 1.0000, 1.0000, 1.0000, 1.0000],
       device='cuda:0')]
2021-01-07 16:58:05.433 | INFO     | adsh:train:100 - [Training time:449.76]
2021-01-07 16:58:07.876 | INFO     | __main__:run:42 - [code_length:32][map:0.7770][Prec:tensor([1.0000, 1.0000, 1.0000, 1.0000, 1.0000, 1.0000, 1.0000, 0.9987, 0.9939,
        0.9778, 0.9575, 0.9261, 0.8972, 0.8534, 0.7800, 0.6974, 0.4387, 0.1911,
        0.1242, 0.1069, 0.1022, 0.1008, 0.1002, 0.1001, 0.1000, 0.1000, 0.1000,
        0.1000, 0.1000, 0.1000, 0.1000, 0.1000, 0.1000], device='cuda:0')][Reca:tensor([0.8047, 0.8289, 0.8942, 0.9719, 0.9893, 0.9880, 0.9920, 0.9909, 0.9895,
        0.9911, 0.9904, 0.9887, 0.9919, 0.9928, 0.9744, 0.9713, 0.9855, 0.9976,
        0.9984, 0.9993, 0.9993, 1.0000, 1.0000, 1.0000, 1.0000, 1.0000, 1.0000,
        1.0000, 1.0000, 1.0000, 1.0000, 1.0000, 1.0000], device='cuda:0')]
2021-01-07 17:05:38.968 | INFO     | adsh:train:100 - [Training time:450.79]
2021-01-07 17:05:41.539 | INFO     | __main__:run:42 - [code_length:48][map:0.7103][Prec:tensor([1.0000, 1.0000, 1.0000, 1.0000, 1.0000, 1.0000, 1.0000, 1.0000, 1.0000,
        1.0000, 1.0000, 1.0000, 1.0000, 0.9939, 0.9796, 0.9533, 0.9352, 0.9253,
        0.9028, 0.8787, 0.8533, 0.8286, 0.7925, 0.7522, 0.6525, 0.3917, 0.1786,
        0.1228, 0.1098, 0.1048, 0.1022, 0.1011, 0.1004, 0.1002, 0.1001, 0.1000,
        0.1000, 0.1000, 0.1000, 0.1000, 0.1000, 0.1000, 0.1000, 0.1000, 0.1000,
        0.1000, 0.1000, 0.1000, 0.1000], device='cuda:0')][Reca:tensor([0.9109, 0.9027, 0.9196, 0.9710, 0.9823, 0.9812, 0.9871, 0.9893, 0.9922,
        0.9923, 0.9871, 0.9929, 0.9875, 0.9859, 0.9905, 0.9874, 0.9878, 0.9932,
        0.9935, 0.9896, 0.9841, 0.9849, 0.9819, 0.9808, 0.9742, 0.9679, 0.9892,
        0.9936, 0.9957, 0.9980, 0.9991, 1.0000, 1.0000, 1.0000, 1.0000, 1.0000,
        1.0000, 1.0000, 1.0000, 1.0000, 1.0000, 1.0000, 1.0000, 1.0000, 1.0000,
        1.0000, 1.0000, 1.0000, 1.0000], device='cuda:0')]
