2021-01-12 00:17:42.712 | INFO     | __main__:run:12 - Namespace(batch_size=128, code_length=[12, 24, 32, 48], dataset='cifar-10', device=device(type='cuda', index=0), gamma=200, gpu=0, lr=0.0001, max_epoch=10, max_iter=30, num_query=1000, num_samples=2000, num_workers=0, root='data/', topk=10)
2021-01-12 00:35:16.649 | INFO     | adsh:train:99 - [Training time:1051.98]
2021-01-12 00:35:19.814 | INFO     | __main__:run:42 - [code_length:12][map:0.6860][Prec:tensor([1.0000, 1.0000, 0.9786, 0.9550, 0.8606, 0.5241, 0.2059, 0.1152, 0.1008,
        0.1001, 0.1000, 0.1000, 0.1000], device='cuda:0')][Reca:tensor([0.7948, 0.9934, 0.9926, 0.9889, 0.9897, 0.9826, 0.9776, 0.9919, 0.9980,
        1.0000, 1.0000, 1.0000, 1.0000], device='cuda:0')]
2021-01-12 00:52:50.524 | INFO     | adsh:train:99 - [Training time:1050.43]
2021-01-12 00:52:52.934 | INFO     | __main__:run:42 - [code_length:24][map:0.7910][Prec:tensor([1.0000, 1.0000, 1.0000, 1.0000, 1.0000, 1.0000, 0.9994, 0.9918, 0.9684,
        0.9452, 0.8690, 0.6804, 0.3094, 0.1490, 0.1104, 0.1014, 0.1003, 0.1001,
        0.1000, 0.1000, 0.1000, 0.1000, 0.1000, 0.1000, 0.1000],
       device='cuda:0')][Reca:tensor([1.0000, 0.9537, 0.9745, 0.9957, 0.9987, 1.0000, 0.9987, 0.9987, 0.9988,
        0.9964, 0.9965, 0.9966, 0.9968, 0.9990, 1.0000, 1.0000, 1.0000, 1.0000,
        1.0000, 1.0000, 1.0000, 1.0000, 1.0000, 1.0000, 1.0000],
       device='cuda:0')]
2021-01-12 01:10:27.222 | INFO     | adsh:train:99 - [Training time:1054.00]
2021-01-12 01:10:29.652 | INFO     | __main__:run:42 - [code_length:32][map:0.7774][Prec:tensor([1.0000, 1.0000, 1.0000, 1.0000, 1.0000, 1.0000, 1.0000, 1.0000, 1.0000,
        0.9880, 0.9656, 0.9483, 0.9301, 0.9005, 0.8501, 0.7324, 0.4328, 0.2029,
        0.1199, 0.1044, 0.1016, 0.1005, 0.1001, 0.1001, 0.1000, 0.1000, 0.1000,
        0.1000, 0.1000, 0.1000, 0.1000, 0.1000, 0.1000], device='cuda:0')][Reca:tensor([0.9828, 0.8621, 0.9230, 0.9679, 0.9605, 0.9903, 0.9932, 0.9947, 0.9909,
        0.9860, 0.9852, 0.9915, 0.9916, 0.9847, 0.9806, 0.9865, 0.9818, 0.9887,
        0.9979, 0.9980, 0.9990, 0.9990, 0.9990, 1.0000, 1.0000, 1.0000, 1.0000,
        1.0000, 1.0000, 1.0000, 1.0000, 1.0000, 1.0000], device='cuda:0')]
2021-01-12 01:28:02.739 | INFO     | adsh:train:99 - [Training time:1052.79]
2021-01-12 01:28:05.273 | INFO     | __main__:run:42 - [code_length:48][map:0.7731][Prec:tensor([1.0000, 1.0000, 1.0000, 1.0000, 1.0000, 1.0000, 1.0000, 1.0000, 1.0000,
        1.0000, 1.0000, 1.0000, 1.0000, 0.9961, 0.9897, 0.9776, 0.9638, 0.9524,
        0.9409, 0.9255, 0.9088, 0.8909, 0.8625, 0.8330, 0.7216, 0.5294, 0.2090,
        0.1200, 0.1066, 0.1031, 0.1015, 0.1006, 0.1002, 0.1001, 0.1000, 0.1000,
        0.1000, 0.1000, 0.1000, 0.1000, 0.1000, 0.1000, 0.1000, 0.1000, 0.1000,
        0.1000, 0.1000, 0.1000, 0.1000], device='cuda:0')][Reca:tensor([0.8254, 0.8942, 0.9345, 0.9478, 0.9871, 0.9943, 0.9959, 0.9972, 0.9932,
        0.9919, 0.9960, 0.9947, 0.9908, 0.9922, 0.9923, 0.9949, 0.9938, 0.9938,
        0.9914, 0.9939, 0.9928, 0.9848, 0.9795, 0.9920, 0.9855, 0.9797, 0.9855,
        0.9969, 0.9990, 1.0000, 1.0000, 1.0000, 1.0000, 1.0000, 1.0000, 1.0000,
        1.0000, 1.0000, 1.0000, 1.0000, 1.0000, 1.0000, 1.0000, 1.0000, 1.0000,
        1.0000, 1.0000, 1.0000, 1.0000], device='cuda:0')]
