2021-01-10 18:20:04.088 | INFO     | __main__:run:12 - Namespace(batch_size=128, code_length=[12, 24, 32, 48], dataset='cifar-100', device=device(type='cuda', index=0), gamma=200, gpu=0, lr=0.0001, max_epoch=10, max_iter=30, num_query=1000, num_samples=2000, num_workers=0, root='data/', topk=1000)
2021-01-10 18:37:27.873 | INFO     | adsh:train:99 - [Training time:1041.78]
2021-01-10 18:37:31.141 | INFO     | __main__:run:42 - [code_length:12][map:0.5194][Prec:tensor([1.0000, 0.9978, 0.9465, 0.8095, 0.4242, 0.1624, 0.0816, 0.0580, 0.0516,
        0.0501, 0.0500, 0.0500, 0.0500], device='cuda:0')][Reca:tensor([1.0000, 0.9563, 0.9645, 0.9815, 0.9739, 0.9852, 0.9890, 0.9918, 0.9990,
        1.0000, 1.0000, 1.0000, 1.0000], device='cuda:0')]
2021-01-10 18:54:47.374 | INFO     | adsh:train:99 - [Training time:1035.94]
2021-01-10 18:54:49.842 | INFO     | __main__:run:42 - [code_length:24][map:0.5626][Prec:tensor([1.0000, 1.0000, 1.0000, 1.0000, 1.0000, 0.9961, 0.9723, 0.9336, 0.8568,
        0.7042, 0.4628, 0.1971, 0.0971, 0.0644, 0.0538, 0.0508, 0.0501, 0.0500,
        0.0500, 0.0500, 0.0500, 0.0500, 0.0500, 0.0500, 0.0500],
       device='cuda:0')][Reca:tensor([0.8462, 0.7758, 0.9352, 0.9877, 0.9957, 0.9922, 0.9911, 0.9966, 0.9969,
        0.9985, 0.9934, 0.9976, 1.0000, 0.9979, 0.9980, 1.0000, 1.0000, 1.0000,
        1.0000, 1.0000, 1.0000, 1.0000, 1.0000, 1.0000, 1.0000],
       device='cuda:0')]
2021-01-10 19:12:06.080 | INFO     | adsh:train:99 - [Training time:1035.94]
2021-01-10 19:12:08.580 | INFO     | __main__:run:42 - [code_length:32][map:0.5672][Prec:tensor([1.0000, 1.0000, 1.0000, 1.0000, 1.0000, 1.0000, 1.0000, 0.9971, 0.9872,
        0.9570, 0.9134, 0.8495, 0.7673, 0.6496, 0.4481, 0.2205, 0.1088, 0.0690,
        0.0561, 0.0518, 0.0504, 0.0501, 0.0500, 0.0500, 0.0500, 0.0500, 0.0500,
        0.0500, 0.0500, 0.0500, 0.0500, 0.0500, 0.0500], device='cuda:0')][Reca:tensor([1.0000, 0.9529, 0.9215, 0.9408, 0.9307, 0.9469, 0.9590, 0.9639, 0.9837,
        0.9843, 0.9835, 0.9844, 0.9809, 0.9728, 0.9739, 0.9722, 0.9900, 0.9978,
        0.9980, 1.0000, 0.9990, 0.9990, 1.0000, 1.0000, 1.0000, 1.0000, 1.0000,
        1.0000, 1.0000, 1.0000, 1.0000, 1.0000, 1.0000], device='cuda:0')]
2021-01-10 19:29:27.121 | INFO     | adsh:train:99 - [Training time:1038.24]
2021-01-10 19:29:29.715 | INFO     | __main__:run:42 - [code_length:48][map:0.5600][Prec:tensor([1.0000, 1.0000, 1.0000, 1.0000, 1.0000, 1.0000, 1.0000, 1.0000, 1.0000,
        1.0000, 1.0000, 1.0000, 0.9982, 0.9884, 0.9708, 0.9395, 0.9089, 0.8720,
        0.8332, 0.7917, 0.7423, 0.6584, 0.5040, 0.2938, 0.1341, 0.0826, 0.0631,
        0.0551, 0.0521, 0.0508, 0.0503, 0.0501, 0.0500, 0.0500, 0.0500, 0.0500,
        0.0500, 0.0500, 0.0500, 0.0500, 0.0500, 0.0500, 0.0500, 0.0500, 0.0500,
        0.0500, 0.0500, 0.0500, 0.0500], device='cuda:0')][Reca:tensor([1.0000, 0.9754, 0.9856, 0.9787, 0.9905, 0.9955, 0.9956, 1.0000, 1.0000,
        1.0000, 0.9981, 1.0000, 0.9982, 1.0000, 1.0000, 0.9983, 0.9983, 0.9984,
        1.0000, 1.0000, 1.0000, 0.9973, 0.9961, 0.9976, 0.9989, 0.9957, 0.9990,
        0.9980, 1.0000, 1.0000, 1.0000, 1.0000, 1.0000, 1.0000, 1.0000, 1.0000,
        1.0000, 1.0000, 1.0000, 1.0000, 1.0000, 1.0000, 1.0000, 1.0000, 1.0000,
        1.0000, 1.0000, 1.0000, 1.0000], device='cuda:0')]
