2021-01-08 10:51:06.130 | INFO     | __main__:run:12 - Namespace(batch_size=128, code_length=[12, 24, 32, 48], dataset='cifar-10', device=device(type='cuda', index=0), gamma=200, gpu=0, lr=0.0001, max_epoch=10, max_iter=30, num_query=1000, num_samples=2000, num_workers=0, root='data/', topk=-1)
2021-01-08 11:08:31.499 | INFO     | adsh:train:100 - [Training time:1043.31]
2021-01-08 11:08:35.158 | INFO     | __main__:run:42 - [code_length:12][map:0.8260][Prec:tensor([1.0000, 1.0000, 0.9953, 0.9171, 0.6955, 0.4687, 0.1889, 0.1130, 0.1019,
        0.1001, 0.1000, 0.1000, 0.1000], device='cuda:0')][Reca:tensor([1., 1., 1., 1., 1., 1., 1., 1., 1., 1., 1., 1., 1.], device='cuda:0')]
2021-01-08 11:25:57.641 | INFO     | adsh:train:100 - [Training time:1042.20]
2021-01-08 11:26:00.111 | INFO     | __main__:run:42 - [code_length:24][map:0.7901][Prec:tensor([1.0000, 1.0000, 1.0000, 1.0000, 1.0000, 1.0000, 0.9953, 0.9826, 0.9585,
        0.9244, 0.8775, 0.7253, 0.2943, 0.1542, 0.1096, 0.1020, 0.1005, 0.1001,
        0.1000, 0.1000, 0.1000, 0.1000, 0.1000, 0.1000, 0.1000],
       device='cuda:0')][Reca:tensor([0.9988, 0.9952, 0.9900, 0.9925, 0.9981, 1.0000, 0.9997, 0.9997, 0.9990,
        0.9990, 1.0000, 0.9997, 0.9998, 1.0000, 1.0000, 1.0000, 1.0000, 1.0000,
        1.0000, 1.0000, 1.0000, 1.0000, 1.0000, 1.0000, 1.0000],
       device='cuda:0')]
2021-01-08 11:43:24.212 | INFO     | adsh:train:100 - [Training time:1043.80]
2021-01-08 11:43:26.810 | INFO     | __main__:run:42 - [code_length:32][map:0.8345][Prec:tensor([1.0000, 1.0000, 1.0000, 1.0000, 1.0000, 1.0000, 1.0000, 1.0000, 0.9974,
        0.9893, 0.9713, 0.9545, 0.9299, 0.9074, 0.8575, 0.7841, 0.4763, 0.1812,
        0.1183, 0.1044, 0.1016, 0.1005, 0.1001, 0.1000, 0.1000, 0.1000, 0.1000,
        0.1000, 0.1000, 0.1000, 0.1000, 0.1000, 0.1000], device='cuda:0')][Reca:tensor([0.5354, 0.8488, 0.9929, 0.9999, 0.9946, 0.9974, 1.0000, 1.0000, 0.9987,
        0.9963, 1.0000, 0.9988, 0.9953, 0.9977, 0.9965, 0.9945, 0.9989, 0.9979,
        1.0000, 1.0000, 1.0000, 1.0000, 1.0000, 1.0000, 1.0000, 1.0000, 1.0000,
        1.0000, 1.0000, 1.0000, 1.0000, 1.0000, 1.0000], device='cuda:0')]
2021-01-08 12:31:45.216 | INFO     | adsh:train:100 - [Training time:2898.08]
2021-01-08 12:31:47.798 | INFO     | __main__:run:42 - [code_length:48][map:0.8026][Prec:tensor([1.0000, 1.0000, 1.0000, 1.0000, 1.0000, 1.0000, 1.0000, 1.0000, 1.0000,
        1.0000, 1.0000, 1.0000, 1.0000, 0.9922, 0.9819, 0.9750, 0.9658, 0.9562,
        0.9484, 0.9356, 0.9157, 0.8976, 0.8771, 0.8561, 0.7665, 0.5718, 0.1683,
        0.1129, 0.1063, 0.1034, 0.1017, 0.1008, 0.1004, 0.1002, 0.1001, 0.1000,
        0.1000, 0.1000, 0.1000, 0.1000, 0.1000, 0.1000, 0.1000, 0.1000, 0.1000,
        0.1000, 0.1000, 0.1000, 0.1000], device='cuda:0')][Reca:tensor([0.9921, 0.9930, 0.9915, 0.9921, 0.9989, 0.9994, 0.9996, 0.9994, 0.9996,
        0.9996, 0.9996, 0.9998, 0.9998, 1.0000, 1.0000, 1.0000, 0.9998, 0.9998,
        1.0000, 1.0000, 0.9998, 0.9998, 1.0000, 1.0000, 1.0000, 1.0000, 1.0000,
        1.0000, 1.0000, 1.0000, 1.0000, 1.0000, 1.0000, 1.0000, 1.0000, 1.0000,
        1.0000, 1.0000, 1.0000, 1.0000, 1.0000, 1.0000, 1.0000, 1.0000, 1.0000,
        1.0000, 1.0000, 1.0000, 1.0000], device='cuda:0')]
