2021-01-06 23:28:32.518 | INFO     | __main__:run:12 - Namespace(batch_size=128, code_length=[12, 24, 32, 48], dataset='cifar-100', device=device(type='cuda', index=0), gamma=100.0, gpu=0, lr=0.0001, max_epoch=15, max_iter=10, num_query=1000, num_samples=2000, num_workers=0, root='data/', topk=-1)
2021-01-06 23:36:02.654 | INFO     | adsh:train:100 - [Training time:448.15]
2021-01-06 23:36:05.911 | INFO     | __main__:run:42 - [code_length:12][map:0.4399][Prec:tensor([0.8347, 0.9431, 0.8913, 0.7466, 0.3960, 0.1576, 0.0802, 0.0572, 0.0511,
        0.0501, 0.0500, 0.0500, 0.0500], device='cuda:0')][Reca:tensor([0.8358, 0.9475, 0.9301, 0.9447, 0.9412, 0.9652, 0.9818, 0.9918, 0.9976,
        1.0000, 1.0000, 1.0000, 1.0000], device='cuda:0')]
2021-01-06 23:43:28.803 | INFO     | adsh:train:100 - [Training time:442.61]
2021-01-06 23:43:31.308 | INFO     | __main__:run:42 - [code_length:24][map:0.5040][Prec:tensor([1.0000, 1.0000, 1.0000, 1.0000, 1.0000, 0.9927, 0.9688, 0.8968, 0.7680,
        0.6158, 0.4262, 0.1883, 0.0950, 0.0646, 0.0543, 0.0510, 0.0502, 0.0500,
        0.0500, 0.0500, 0.0500, 0.0500, 0.0500, 0.0500, 0.0500],
       device='cuda:0')][Reca:tensor([1.0000, 0.8771, 0.8022, 0.8934, 0.9478, 0.9381, 0.9556, 0.9520, 0.9520,
        0.9367, 0.9481, 0.9491, 0.9725, 0.9806, 0.9902, 0.9976, 0.9998, 1.0000,
        1.0000, 1.0000, 1.0000, 1.0000, 1.0000, 1.0000, 1.0000],
       device='cuda:0')]
2021-01-06 23:50:52.468 | INFO     | adsh:train:100 - [Training time:440.86]
2021-01-06 23:50:55.023 | INFO     | __main__:run:42 - [code_length:32][map:0.5225][Prec:tensor([1.0000, 1.0000, 1.0000, 1.0000, 1.0000, 1.0000, 1.0000, 0.9983, 0.9777,
        0.9309, 0.8656, 0.7782, 0.6777, 0.5506, 0.3645, 0.1823, 0.1024, 0.0712,
        0.0578, 0.0527, 0.0507, 0.0501, 0.0500, 0.0500, 0.0500, 0.0500, 0.0500,
        0.0500, 0.0500, 0.0500, 0.0500, 0.0500, 0.0500], device='cuda:0')][Reca:tensor([1.0000, 0.9719, 0.9392, 0.9304, 0.9392, 0.9366, 0.9511, 0.9391, 0.9483,
        0.9391, 0.9466, 0.9437, 0.9447, 0.9357, 0.9310, 0.9341, 0.9609, 0.9770,
        0.9919, 0.9980, 0.9990, 0.9984, 1.0000, 1.0000, 1.0000, 1.0000, 1.0000,
        1.0000, 1.0000, 1.0000, 1.0000, 1.0000, 1.0000], device='cuda:0')]
2021-01-06 23:58:19.005 | INFO     | adsh:train:100 - [Training time:443.67]
2021-01-06 23:58:21.669 | INFO     | __main__:run:42 - [code_length:48][map:0.5278][Prec:tensor([1.0000, 1.0000, 1.0000, 1.0000, 1.0000, 1.0000, 1.0000, 1.0000, 1.0000,
        1.0000, 0.9996, 0.9902, 0.9702, 0.9404, 0.8987, 0.8550, 0.8127, 0.7588,
        0.7025, 0.6449, 0.5627, 0.4813, 0.3620, 0.2322, 0.1215, 0.0801, 0.0630,
        0.0556, 0.0524, 0.0510, 0.0504, 0.0502, 0.0501, 0.0500, 0.0500, 0.0500,
        0.0500, 0.0500, 0.0500, 0.0500, 0.0500, 0.0500, 0.0500, 0.0500, 0.0500,
        0.0500, 0.0500, 0.0500, 0.0500], device='cuda:0')][Reca:tensor([0.9999, 0.9858, 0.9308, 0.9264, 0.9012, 0.9166, 0.9310, 0.9317, 0.9305,
        0.9130, 0.9178, 0.9216, 0.9090, 0.9043, 0.9072, 0.9085, 0.9123, 0.9136,
        0.9020, 0.9121, 0.9143, 0.9114, 0.9088, 0.9112, 0.9213, 0.9492, 0.9641,
        0.9768, 0.9867, 0.9941, 0.9972, 0.9987, 0.9999, 1.0000, 1.0000, 1.0000,
        1.0000, 1.0000, 1.0000, 1.0000, 1.0000, 1.0000, 1.0000, 1.0000, 1.0000,
        1.0000, 1.0000, 1.0000, 1.0000], device='cuda:0')]
