2021-01-08 15:12:12.189 | INFO     | __main__:run:12 - Namespace(batch_size=128, code_length=[12, 24, 32, 48], dataset='cifar-10', device=device(type='cuda', index=0), gamma=200, gpu=0, lr=0.0001, max_epoch=10, max_iter=30, num_query=1000, num_samples=2000, num_workers=0, root='data/', topk=-1)
2021-01-08 15:26:58.755 | INFO     | adsh:train:100 - [Training time:884.55]
2021-01-08 15:27:01.831 | INFO     | __main__:run:42 - [code_length:12][map:0.7723][Prec:tensor([1.0000, 1.0000, 0.9966, 0.9143, 0.6832, 0.3929, 0.1782, 0.1162, 0.1022,
        0.0999, 0.1000, 0.1000, 0.1000], device='cuda:0')][Reca:tensor([0.4632, 0.9128, 0.9206, 0.9642, 0.9702, 0.9757, 0.9908, 0.9959, 0.9991,
        0.9991, 1.0000, 1.0000, 1.0000], device='cuda:0')]
2021-01-08 15:41:47.908 | INFO     | adsh:train:100 - [Training time:885.78]
2021-01-08 15:41:50.406 | INFO     | __main__:run:42 - [code_length:24][map:0.8052][Prec:tensor([1.0000, 1.0000, 1.0000, 1.0000, 1.0000, 1.0000, 0.9993, 0.9954, 0.9793,
        0.9553, 0.8977, 0.7457, 0.3430, 0.1431, 0.1061, 0.1011, 0.1002, 0.1000,
        0.1000, 0.1000, 0.1000, 0.1000, 0.1000, 0.1000, 0.1000],
       device='cuda:0')][Reca:tensor([0.8140, 0.6451, 0.9677, 0.9971, 0.9986, 1.0000, 0.9973, 1.0000, 1.0000,
        0.9975, 0.9963, 0.9906, 0.9890, 0.9958, 0.9979, 1.0000, 1.0000, 1.0000,
        1.0000, 1.0000, 1.0000, 1.0000, 1.0000, 1.0000, 1.0000],
       device='cuda:0')]
2021-01-08 15:56:33.011 | INFO     | adsh:train:100 - [Training time:882.33]
2021-01-08 15:56:35.544 | INFO     | __main__:run:42 - [code_length:32][map:0.7983][Prec:tensor([1.0000, 1.0000, 1.0000, 1.0000, 1.0000, 1.0000, 1.0000, 1.0000, 1.0000,
        0.9921, 0.9806, 0.9599, 0.9429, 0.9183, 0.8893, 0.7904, 0.4910, 0.2042,
        0.1228, 0.1044, 0.1014, 0.1004, 0.1001, 0.1000, 0.1000, 0.1000, 0.1000,
        0.1000, 0.1000, 0.1000, 0.1000, 0.1000, 0.1000], device='cuda:0')][Reca:tensor([0.7709, 0.9461, 0.9826, 0.9928, 0.9953, 0.9990, 0.9973, 1.0000, 0.9973,
        0.9986, 0.9974, 0.9962, 0.9984, 0.9915, 0.9901, 0.9859, 0.9734, 0.9934,
        1.0000, 1.0000, 1.0000, 1.0000, 1.0000, 1.0000, 1.0000, 1.0000, 1.0000,
        1.0000, 1.0000, 1.0000, 1.0000, 1.0000, 1.0000], device='cuda:0')]
2021-01-08 16:11:20.715 | INFO     | adsh:train:100 - [Training time:884.86]
2021-01-08 16:11:23.238 | INFO     | __main__:run:42 - [code_length:48][map:0.8371][Prec:tensor([1.0000, 1.0000, 1.0000, 1.0000, 1.0000, 1.0000, 1.0000, 1.0000, 1.0000,
        1.0000, 1.0000, 1.0000, 1.0000, 0.9975, 0.9925, 0.9807, 0.9719, 0.9671,
        0.9575, 0.9465, 0.9353, 0.9226, 0.9037, 0.8388, 0.7124, 0.3426, 0.1638,
        0.1147, 0.1049, 0.1025, 0.1012, 0.1005, 0.1002, 0.1000, 0.1000, 0.1000,
        0.1000, 0.1000, 0.1000, 0.1000, 0.1000, 0.1000, 0.1000, 0.1000, 0.1000,
        0.1000, 0.1000, 0.1000, 0.1000], device='cuda:0')][Reca:tensor([0.9045, 0.8681, 0.9764, 0.9916, 0.9950, 0.9980, 0.9984, 0.9987, 1.0000,
        0.9975, 0.9987, 0.9999, 0.9987, 1.0000, 0.9984, 0.9948, 0.9977, 0.9988,
        0.9988, 0.9988, 0.9988, 0.9965, 0.9998, 0.9899, 0.9953, 0.9889, 0.9886,
        0.9949, 0.9981, 0.9980, 1.0000, 1.0000, 1.0000, 1.0000, 1.0000, 1.0000,
        1.0000, 1.0000, 1.0000, 1.0000, 1.0000, 1.0000, 1.0000, 1.0000, 1.0000,
        1.0000, 1.0000, 1.0000, 1.0000], device='cuda:0')]
