2021-01-07 15:42:47.060 | INFO     | __main__:run:12 - Namespace(batch_size=128, code_length=[12, 24, 32, 48], dataset='cifar-100', device=device(type='cuda', index=0), gamma=200, gpu=0, lr=0.0001, max_epoch=1, max_iter=1, num_query=1000, num_samples=1000, num_workers=0, root='data/', topk=2000)
2021-01-07 15:42:56.624 | INFO     | adsh:train:100 - [Training time:7.58]
2021-01-07 15:42:59.033 | INFO     | __main__:run:42 - [code_length:12][map:0.0679][Prec:tensor([0.0000, 0.0000, 0.2000, 0.1000, 0.0526, 0.0500, 0.0500, 0.0500, 0.0500,
        0.0500, 0.0500, 0.0500, 0.0500], device='cuda:0')][Reca:tensor([0.0000e+00, 0.0000e+00, 8.8136e-04, 3.1525e-02, 1.1174e-01, 3.5553e-01,
        6.4208e-01, 8.7390e-01, 9.9120e-01, 9.9971e-01, 1.0000e+00, 1.0000e+00,
        1.0000e+00], device='cuda:0')]
2021-01-07 15:43:01.127 | INFO     | adsh:train:100 - [Training time:1.81]
2021-01-07 15:43:03.658 | INFO     | __main__:run:42 - [code_length:24][map:0.0629][Prec:tensor([0.0000, 0.0000, 0.0000, 0.9074, 0.5204, 0.2336, 0.1265, 0.0739, 0.0622,
        0.0502, 0.0500, 0.0498, 0.0497, 0.0497, 0.0499, 0.0499, 0.0500, 0.0500,
        0.0500, 0.0500, 0.0500, 0.0500, 0.0500, 0.0500, 0.0500],
       device='cuda:0')][Reca:tensor([0.0000, 0.0000, 0.0000, 0.0012, 0.0041, 0.0061, 0.0147, 0.0266, 0.0606,
        0.1173, 0.2332, 0.3951, 0.5756, 0.7410, 0.8675, 0.9458, 0.9850, 0.9968,
        0.9996, 1.0000, 1.0000, 1.0000, 1.0000, 1.0000, 1.0000],
       device='cuda:0')]
2021-01-07 15:43:05.768 | INFO     | adsh:train:100 - [Training time:1.81]
2021-01-07 15:43:08.205 | INFO     | __main__:run:42 - [code_length:32][map:0.0520][Prec:tensor([0.0000, 0.0000, 0.0000, 0.0000, 0.0000, 0.9273, 0.4650, 0.2046, 0.1553,
        0.1213, 0.0949, 0.0699, 0.0628, 0.0578, 0.0536, 0.0507, 0.0492, 0.0496,
        0.0498, 0.0499, 0.0499, 0.0499, 0.0499, 0.0499, 0.0500, 0.0500, 0.0500,
        0.0500, 0.0500, 0.0500, 0.0500, 0.0500, 0.0500], device='cuda:0')][Reca:tensor([0.0000e+00, 0.0000e+00, 0.0000e+00, 0.0000e+00, 0.0000e+00, 7.0878e-04,
        1.7787e-03, 5.5565e-03, 1.6926e-02, 4.4446e-02, 7.7989e-02, 1.2008e-01,
        1.9292e-01, 2.8241e-01, 3.7775e-01, 4.7837e-01, 5.7689e-01, 6.8657e-01,
        7.8178e-01, 8.5797e-01, 9.1384e-01, 9.5400e-01, 9.7786e-01, 9.9122e-01,
        9.9673e-01, 9.9906e-01, 9.9983e-01, 9.9999e-01, 1.0000e+00, 1.0000e+00,
        1.0000e+00, 1.0000e+00, 1.0000e+00], device='cuda:0')]
2021-01-07 15:43:10.362 | INFO     | adsh:train:100 - [Training time:1.84]
2021-01-07 15:43:12.950 | INFO     | __main__:run:42 - [code_length:48][map:0.0551][Prec:tensor([0.0000, 0.0000, 0.0000, 0.0000, 0.0000, 0.0000, 0.0000, 0.0000, 0.0000,
        0.0000, 0.0000, 0.0000, 0.0000, 0.9667, 0.4110, 0.1916, 0.1244, 0.0877,
        0.0670, 0.0607, 0.0560, 0.0530, 0.0504, 0.0497, 0.0494, 0.0494, 0.0495,
        0.0497, 0.0499, 0.0500, 0.0500, 0.0500, 0.0500, 0.0500, 0.0500, 0.0500,
        0.0500, 0.0500, 0.0500, 0.0500, 0.0500, 0.0500, 0.0500, 0.0500, 0.0500,
        0.0500, 0.0500, 0.0500, 0.0500], device='cuda:0')][Reca:tensor([0.0000e+00, 0.0000e+00, 0.0000e+00, 0.0000e+00, 0.0000e+00, 0.0000e+00,
        0.0000e+00, 0.0000e+00, 0.0000e+00, 0.0000e+00, 0.0000e+00, 0.0000e+00,
        0.0000e+00, 3.7288e-04, 5.0718e-04, 1.6384e-03, 5.5156e-03, 1.4324e-02,
        3.1822e-02, 6.8159e-02, 1.2571e-01, 2.0755e-01, 3.0545e-01, 4.1969e-01,
        5.3793e-01, 6.5373e-01, 7.6116e-01, 8.5265e-01, 9.2157e-01, 9.6421e-01,
        9.8623e-01, 9.9563e-01, 9.9882e-01, 9.9974e-01, 9.9997e-01, 9.9999e-01,
        1.0000e+00, 1.0000e+00, 1.0000e+00, 1.0000e+00, 1.0000e+00, 1.0000e+00,
        1.0000e+00, 1.0000e+00, 1.0000e+00, 1.0000e+00, 1.0000e+00, 1.0000e+00,
        1.0000e+00], device='cuda:0')]
