2021-01-09 02:24:46.168 | INFO     | __main__:run:12 - Namespace(batch_size=128, code_length=[12, 24, 32, 48], dataset='cifar-10', device=device(type='cuda', index=0), gamma=200, gpu=0, lr=0.0001, max_epoch=10, max_iter=50, num_query=1000, num_samples=2000, num_workers=0, root='data/', topk=-1)
2021-01-09 02:49:11.023 | INFO     | adsh:train:99 - [Training time:1462.88]
2021-01-09 02:49:14.076 | INFO     | __main__:run:42 - [code_length:12][map:0.8398][Prec:tensor([1.0000, 1.0000, 1.0000, 0.9926, 0.9411, 0.6507, 0.1944, 0.1129, 0.1006,
        0.1000, 0.1000, 0.1000, 0.1000], device='cuda:0')][Reca:tensor([0.6480, 0.9061, 0.9900, 0.9939, 0.9848, 0.9869, 0.9969, 0.9980, 1.0000,
        1.0000, 1.0000, 1.0000, 1.0000], device='cuda:0')]
2021-01-09 03:13:31.643 | INFO     | adsh:train:99 - [Training time:1457.29]
2021-01-09 03:13:34.019 | INFO     | __main__:run:42 - [code_length:24][map:0.8411][Prec:tensor([1.0000, 1.0000, 1.0000, 1.0000, 1.0000, 1.0000, 0.9962, 0.9749, 0.9543,
        0.9415, 0.9044, 0.7367, 0.2884, 0.1406, 0.1055, 0.1011, 0.1003, 0.1001,
        0.1000, 0.1000, 0.1000, 0.1000, 0.1000, 0.1000, 0.1000],
       device='cuda:0')][Reca:tensor([0.6757, 0.7721, 0.7948, 0.9340, 0.9903, 0.9897, 0.9889, 0.9844, 0.9905,
        0.9976, 0.9875, 0.9849, 0.9917, 0.9980, 1.0000, 1.0000, 1.0000, 1.0000,
        1.0000, 1.0000, 1.0000, 1.0000, 1.0000, 1.0000, 1.0000],
       device='cuda:0')]
2021-01-09 03:37:52.670 | INFO     | adsh:train:99 - [Training time:1458.37]
2021-01-09 03:37:55.092 | INFO     | __main__:run:42 - [code_length:32][map:0.8066][Prec:tensor([1.0000, 1.0000, 1.0000, 1.0000, 1.0000, 1.0000, 1.0000, 1.0000, 1.0000,
        0.9938, 0.9857, 0.9657, 0.9518, 0.9309, 0.8972, 0.8313, 0.5386, 0.1971,
        0.1189, 0.1040, 0.1012, 0.1004, 0.1001, 0.1000, 0.1000, 0.1000, 0.1000,
        0.1000, 0.1000, 0.1000, 0.1000, 0.1000, 0.1000], device='cuda:0')][Reca:tensor([0.4434, 0.8070, 0.9865, 0.9902, 0.9892, 0.9907, 0.9934, 0.9961, 0.9961,
        1.0000, 0.9975, 0.9950, 0.9962, 0.9962, 0.9963, 0.9839, 0.9837, 0.9926,
        0.9990, 1.0000, 1.0000, 1.0000, 1.0000, 1.0000, 1.0000, 1.0000, 1.0000,
        1.0000, 1.0000, 1.0000, 1.0000, 1.0000, 1.0000], device='cuda:0')]
2021-01-09 04:02:16.919 | INFO     | adsh:train:99 - [Training time:1461.51]
2021-01-09 04:02:19.423 | INFO     | __main__:run:42 - [code_length:48][map:0.8293][Prec:tensor([1.0000, 1.0000, 1.0000, 1.0000, 1.0000, 1.0000, 1.0000, 1.0000, 1.0000,
        1.0000, 1.0000, 1.0000, 1.0000, 0.9942, 0.9878, 0.9787, 0.9682, 0.9543,
        0.9451, 0.9323, 0.9187, 0.9089, 0.8939, 0.8749, 0.7731, 0.4165, 0.1683,
        0.1125, 0.1050, 0.1025, 0.1012, 0.1005, 0.1002, 0.1001, 0.1000, 0.1000,
        0.1000, 0.1000, 0.1000, 0.1000, 0.1000, 0.1000, 0.1000, 0.1000, 0.1000,
        0.1000, 0.1000, 0.1000, 0.1000], device='cuda:0')][Reca:tensor([0.8995, 0.9353, 0.9987, 1.0000, 0.9976, 0.9976, 0.9988, 0.9965, 0.9977,
        0.9988, 0.9989, 0.9989, 0.9989, 0.9989, 0.9978, 0.9985, 0.9978, 0.9972,
        0.9989, 1.0000, 1.0000, 1.0000, 0.9978, 0.9978, 0.9864, 0.9858, 0.9990,
        0.9990, 0.9990, 1.0000, 1.0000, 1.0000, 1.0000, 1.0000, 1.0000, 1.0000,
        1.0000, 1.0000, 1.0000, 1.0000, 1.0000, 1.0000, 1.0000, 1.0000, 1.0000,
        1.0000, 1.0000, 1.0000, 1.0000], device='cuda:0')]
