2021-01-08 20:35:58.749 | INFO     | __main__:run:12 - Namespace(batch_size=128, code_length=[12, 24, 32, 48], dataset='cifar-10', device=device(type='cuda', index=0), gamma=200, gpu=0, lr=0.0001, max_epoch=10, max_iter=30, num_query=1000, num_samples=2000, num_workers=0, root='data/', topk=-1)
2021-01-08 20:50:55.418 | INFO     | adsh:train:100 - [Training time:894.70]
2021-01-08 20:50:58.551 | INFO     | __main__:run:42 - [code_length:12][map:0.8042][Prec:tensor([1.0000, 1.0000, 0.9993, 0.9854, 0.9316, 0.5490, 0.2035, 0.1111, 0.1014,
        0.1000, 0.1000, 0.1000, 0.1000], device='cuda:0')][Reca:tensor([0.5018, 0.9302, 0.9885, 0.9960, 0.9950, 0.9941, 0.9977, 1.0000, 1.0000,
        1.0000, 1.0000, 1.0000, 1.0000], device='cuda:0')]
2021-01-08 21:05:56.301 | INFO     | adsh:train:100 - [Training time:897.45]
2021-01-08 21:05:58.895 | INFO     | __main__:run:42 - [code_length:24][map:0.7823][Prec:tensor([1.0000, 1.0000, 1.0000, 1.0000, 1.0000, 1.0000, 0.9993, 0.9932, 0.9777,
        0.9532, 0.8572, 0.6446, 0.3628, 0.1630, 0.1080, 0.1012, 0.1002, 0.1000,
        0.1000, 0.1000, 0.1000, 0.1000, 0.1000, 0.1000, 0.1000],
       device='cuda:0')][Reca:tensor([1.0000, 1.0000, 0.9877, 0.9859, 0.9941, 0.9972, 0.9986, 0.9932, 0.9960,
        0.9961, 0.9937, 0.9707, 0.9911, 0.9928, 0.9960, 0.9990, 1.0000, 1.0000,
        1.0000, 1.0000, 1.0000, 1.0000, 1.0000, 1.0000, 1.0000],
       device='cuda:0')]
2021-01-08 21:20:51.032 | INFO     | adsh:train:100 - [Training time:891.84]
2021-01-08 21:20:53.546 | INFO     | __main__:run:42 - [code_length:32][map:0.8123][Prec:tensor([1.0000, 1.0000, 1.0000, 1.0000, 1.0000, 1.0000, 1.0000, 1.0000, 0.9987,
        0.9942, 0.9772, 0.9634, 0.9524, 0.9350, 0.9069, 0.8175, 0.4209, 0.1729,
        0.1142, 0.1032, 0.1011, 0.1003, 0.1001, 0.1000, 0.1000, 0.1000, 0.1000,
        0.1000, 0.1000, 0.1000, 0.1000, 0.1000, 0.1000], device='cuda:0')][Reca:tensor([1.0000, 0.8904, 0.9924, 0.9912, 0.9985, 0.9986, 0.9960, 0.9973, 0.9961,
        0.9974, 0.9937, 0.9913, 0.9963, 0.9963, 0.9952, 0.9840, 0.9795, 0.9876,
        0.9990, 0.9980, 1.0000, 1.0000, 1.0000, 1.0000, 1.0000, 1.0000, 1.0000,
        1.0000, 1.0000, 1.0000, 1.0000, 1.0000, 1.0000], device='cuda:0')]
2021-01-08 21:35:38.626 | INFO     | adsh:train:100 - [Training time:884.78]
2021-01-08 21:35:41.136 | INFO     | __main__:run:42 - [code_length:48][map:0.7991][Prec:tensor([1.0000, 1.0000, 1.0000, 1.0000, 1.0000, 1.0000, 1.0000, 1.0000, 1.0000,
        1.0000, 1.0000, 1.0000, 1.0000, 1.0000, 0.9923, 0.9815, 0.9711, 0.9597,
        0.9451, 0.9371, 0.9251, 0.9101, 0.8944, 0.8734, 0.8086, 0.3908, 0.1724,
        0.1154, 0.1054, 0.1028, 0.1013, 0.1005, 0.1002, 0.1001, 0.1000, 0.1000,
        0.1000, 0.1000, 0.1000, 0.1000, 0.1000, 0.1000, 0.1000, 0.1000, 0.1000,
        0.1000, 0.1000, 0.1000, 0.1000], device='cuda:0')][Reca:tensor([0.9999, 0.9999, 1.0000, 1.0000, 1.0000, 1.0000, 1.0000, 1.0000, 1.0000,
        1.0000, 1.0000, 1.0000, 1.0000, 1.0000, 1.0000, 1.0000, 1.0000, 1.0000,
        1.0000, 1.0000, 1.0000, 1.0000, 1.0000, 1.0000, 1.0000, 1.0000, 0.9979,
        1.0000, 1.0000, 1.0000, 1.0000, 1.0000, 1.0000, 1.0000, 1.0000, 1.0000,
        1.0000, 1.0000, 1.0000, 1.0000, 1.0000, 1.0000, 1.0000, 1.0000, 1.0000,
        1.0000, 1.0000, 1.0000, 1.0000], device='cuda:0')]
