2021-01-07 15:42:09.240 | INFO     | __main__:run:12 - Namespace(batch_size=128, code_length=[12, 24, 32, 48], dataset='cifar-100', device=device(type='cuda', index=0), gamma=200, gpu=0, lr=0.0001, max_epoch=1, max_iter=1, num_query=1000, num_samples=1000, num_workers=0, root='data/', topk=2000)
2021-01-07 15:42:18.761 | INFO     | adsh:train:100 - [Training time:7.56]
2021-01-07 15:42:21.449 | INFO     | __main__:run:42 - [code_length:12][map:0.0648][Prec:tensor([1.0000, 0.3441, 0.0980, 0.0564, 0.0500, 0.0509, 0.0502, 0.0500, 0.0500,
        0.0500, 0.0500, 0.0500, 0.0500], device='cuda:0')][Reca:tensor([0.0058, 0.0025, 0.0145, 0.0622, 0.1708, 0.3860, 0.6225, 0.8183, 0.9347,
        0.9769, 0.9991, 1.0000, 1.0000], device='cuda:0')]
2021-01-07 15:42:23.544 | INFO     | adsh:train:100 - [Training time:1.80]
2021-01-07 15:42:25.981 | INFO     | __main__:run:42 - [code_length:24][map:0.0569][Prec:tensor([0.0000, 0.0000, 0.0000, 1.0000, 0.8145, 0.2068, 0.1353, 0.0949, 0.0748,
        0.0558, 0.0502, 0.0496, 0.0496, 0.0496, 0.0497, 0.0499, 0.0500, 0.0500,
        0.0500, 0.0500, 0.0500, 0.0500, 0.0500, 0.0500, 0.0500],
       device='cuda:0')][Reca:tensor([0.0000e+00, 0.0000e+00, 0.0000e+00, 3.3898e-04, 5.6086e-04, 2.9408e-03,
        1.3379e-02, 4.1324e-02, 1.0148e-01, 1.8297e-01, 2.9791e-01, 4.3989e-01,
        5.7939e-01, 7.0840e-01, 8.3356e-01, 9.2509e-01, 9.7598e-01, 9.9442e-01,
        9.9922e-01, 9.9995e-01, 1.0000e+00, 1.0000e+00, 1.0000e+00, 1.0000e+00,
        1.0000e+00], device='cuda:0')]
2021-01-07 15:42:28.092 | INFO     | adsh:train:100 - [Training time:1.81]
2021-01-07 15:42:30.561 | INFO     | __main__:run:42 - [code_length:32][map:0.0539][Prec:tensor([0.0000, 0.0000, 0.0000, 0.0000, 0.0000, 0.0000, 1.0000, 0.9467, 0.3578,
        0.1932, 0.1147, 0.0687, 0.0559, 0.0528, 0.0511, 0.0500, 0.0500, 0.0500,
        0.0500, 0.0500, 0.0500, 0.0500, 0.0500, 0.0500, 0.0500, 0.0500, 0.0500,
        0.0500, 0.0500, 0.0500, 0.0500, 0.0500, 0.0500], device='cuda:0')][Reca:tensor([0.0000, 0.0000, 0.0000, 0.0000, 0.0000, 0.0000, 0.0024, 0.0172, 0.0232,
        0.0352, 0.0498, 0.0605, 0.0886, 0.1428, 0.2254, 0.3385, 0.4851, 0.6394,
        0.7751, 0.8740, 0.9321, 0.9629, 0.9797, 0.9896, 0.9953, 0.9984, 0.9996,
        1.0000, 1.0000, 1.0000, 1.0000, 1.0000, 1.0000], device='cuda:0')]
2021-01-07 15:42:32.691 | INFO     | adsh:train:100 - [Training time:1.83]
2021-01-07 15:42:35.265 | INFO     | __main__:run:42 - [code_length:48][map:0.0555][Prec:tensor([0.0000, 0.0000, 0.0000, 0.0000, 0.0000, 0.0000, 0.0000, 0.0000, 0.0000,
        0.0000, 0.0000, 1.0000, 0.7905, 0.5168, 0.3192, 0.2269, 0.1612, 0.1084,
        0.0824, 0.0681, 0.0581, 0.0519, 0.0497, 0.0485, 0.0483, 0.0485, 0.0488,
        0.0492, 0.0495, 0.0498, 0.0499, 0.0500, 0.0500, 0.0500, 0.0500, 0.0500,
        0.0500, 0.0500, 0.0500, 0.0500, 0.0500, 0.0500, 0.0500, 0.0500, 0.0500,
        0.0500, 0.0500, 0.0500, 0.0500], device='cuda:0')][Reca:tensor([0.0000e+00, 0.0000e+00, 0.0000e+00, 0.0000e+00, 0.0000e+00, 0.0000e+00,
        0.0000e+00, 0.0000e+00, 0.0000e+00, 0.0000e+00, 0.0000e+00, 5.6497e-04,
        5.0363e-04, 9.2894e-04, 2.9715e-03, 8.3441e-03, 1.8850e-02, 3.3463e-02,
        5.7001e-02, 9.2552e-02, 1.3835e-01, 1.9734e-01, 2.7982e-01, 3.7897e-01,
        4.9635e-01, 6.2103e-01, 7.3955e-01, 8.3890e-01, 9.1080e-01, 9.5628e-01,
        9.8139e-01, 9.9311e-01, 9.9767e-01, 9.9925e-01, 9.9980e-01, 9.9996e-01,
        9.9999e-01, 1.0000e+00, 1.0000e+00, 1.0000e+00, 1.0000e+00, 1.0000e+00,
        1.0000e+00, 1.0000e+00, 1.0000e+00, 1.0000e+00, 1.0000e+00, 1.0000e+00,
        1.0000e+00], device='cuda:0')]
