2021-01-08 17:03:46.134 | INFO     | __main__:run:12 - Namespace(batch_size=128, code_length=[12, 24, 32, 48], dataset='cifar-10', device=device(type='cuda', index=0), gamma=200, gpu=0, lr=0.0001, max_epoch=10, max_iter=30, num_query=1000, num_samples=2000, num_workers=0, root='data/', topk=-1)
2021-01-08 17:21:26.998 | INFO     | adsh:train:100 - [Training time:1058.90]
2021-01-08 17:21:30.266 | INFO     | __main__:run:42 - [code_length:12][map:0.7934][Prec:tensor([1.0000, 1.0000, 1.0000, 0.9820, 0.8616, 0.4262, 0.1818, 0.1134, 0.1009,
        0.1000, 0.1000, 0.1000, 0.1000], device='cuda:0')][Reca:tensor([0.9406, 0.9665, 0.9972, 0.9974, 0.9975, 0.9966, 0.9969, 0.9980, 1.0000,
        1.0000, 1.0000, 1.0000, 1.0000], device='cuda:0')]
2021-01-08 17:38:52.750 | INFO     | adsh:train:100 - [Training time:1042.21]
2021-01-08 17:38:55.229 | INFO     | __main__:run:42 - [code_length:24][map:0.8028][Prec:tensor([1.0000, 1.0000, 1.0000, 1.0000, 1.0000, 1.0000, 0.9953, 0.9709, 0.9409,
        0.9152, 0.8735, 0.6949, 0.3105, 0.1468, 0.1093, 0.1018, 0.1005, 0.1001,
        0.1000, 0.1000, 0.1000, 0.1000, 0.1000, 0.1000, 0.1000],
       device='cuda:0')][Reca:tensor([0.8894, 0.9412, 0.9833, 0.9957, 1.0000, 0.9947, 0.9935, 0.9962, 0.9915,
        0.9976, 0.9965, 0.9966, 0.9978, 0.9990, 1.0000, 1.0000, 1.0000, 1.0000,
        1.0000, 1.0000, 1.0000, 1.0000, 1.0000, 1.0000, 1.0000],
       device='cuda:0')]
2021-01-08 17:56:15.617 | INFO     | adsh:train:100 - [Training time:1040.09]
2021-01-08 17:56:18.559 | INFO     | __main__:run:42 - [code_length:32][map:0.7909][Prec:tensor([1.0000, 1.0000, 1.0000, 1.0000, 1.0000, 1.0000, 1.0000, 1.0000, 0.9986,
        0.9906, 0.9719, 0.9544, 0.9282, 0.8668, 0.8094, 0.7562, 0.4639, 0.2196,
        0.1256, 0.1056, 0.1016, 0.1004, 0.1001, 0.1000, 0.1000, 0.1000, 0.1000,
        0.1000, 0.1000, 0.1000, 0.1000, 0.1000, 0.1000], device='cuda:0')][Reca:tensor([0.3362, 0.8931, 0.9466, 0.9862, 0.9970, 1.0000, 0.9986, 0.9972, 0.9986,
        0.9973, 0.9947, 0.9974, 0.9975, 0.9903, 0.9953, 0.9989, 0.9989, 0.9999,
        0.9979, 0.9980, 1.0000, 1.0000, 1.0000, 1.0000, 1.0000, 1.0000, 1.0000,
        1.0000, 1.0000, 1.0000, 1.0000, 1.0000, 1.0000], device='cuda:0')]
2021-01-08 18:13:43.869 | INFO     | adsh:train:100 - [Training time:1045.01]
2021-01-08 18:13:46.520 | INFO     | __main__:run:42 - [code_length:48][map:0.7827][Prec:tensor([1.0000, 1.0000, 1.0000, 1.0000, 1.0000, 1.0000, 1.0000, 1.0000, 1.0000,
        1.0000, 1.0000, 1.0000, 1.0000, 0.9993, 0.9916, 0.9734, 0.9601, 0.9491,
        0.9345, 0.9144, 0.8964, 0.8768, 0.8533, 0.7930, 0.6983, 0.4152, 0.1790,
        0.1203, 0.1081, 0.1044, 0.1021, 0.1009, 0.1003, 0.1001, 0.1000, 0.1000,
        0.1000, 0.1000, 0.1000, 0.1000, 0.1000, 0.1000, 0.1000, 0.1000, 0.1000,
        0.1000, 0.1000, 0.1000, 0.1000], device='cuda:0')][Reca:tensor([0.9996, 0.9999, 1.0000, 1.0000, 1.0000, 1.0000, 1.0000, 0.9985, 1.0000,
        1.0000, 0.9972, 0.9972, 1.0000, 1.0000, 1.0000, 1.0000, 1.0000, 1.0000,
        1.0000, 0.9987, 0.9988, 0.9988, 1.0000, 1.0000, 1.0000, 1.0000, 0.9979,
        1.0000, 1.0000, 1.0000, 1.0000, 1.0000, 1.0000, 1.0000, 1.0000, 1.0000,
        1.0000, 1.0000, 1.0000, 1.0000, 1.0000, 1.0000, 1.0000, 1.0000, 1.0000,
        1.0000, 1.0000, 1.0000, 1.0000], device='cuda:0')]
