2021-01-10 09:50:34.739 | INFO     | __main__:run:12 - Namespace(batch_size=128, code_length=[12, 24, 32, 48], dataset='cifar-100', device=device(type='cuda', index=0), gamma=200, gpu=0, lr=0.0001, max_epoch=10, max_iter=30, num_query=1000, num_samples=2000, num_workers=0, root='data/', topk=-1)
2021-01-10 10:07:53.851 | INFO     | adsh:train:99 - [Training time:1037.04]
2021-01-10 10:07:57.241 | INFO     | __main__:run:42 - [code_length:12][map:0.5517][Prec:tensor([0.9510, 0.9229, 0.8698, 0.7532, 0.4837, 0.1751, 0.0843, 0.0581, 0.0512,
        0.0501, 0.0500, 0.0500, 0.0500], device='cuda:0')][Reca:tensor([0.9610, 0.9547, 0.9871, 0.9982, 0.9970, 0.9937, 0.9978, 1.0000, 1.0000,
        1.0000, 1.0000, 1.0000, 1.0000], device='cuda:0')]
2021-01-10 10:25:08.495 | INFO     | adsh:train:99 - [Training time:1030.97]
2021-01-10 10:25:11.107 | INFO     | __main__:run:42 - [code_length:24][map:0.6064][Prec:tensor([1.0000, 1.0000, 1.0000, 1.0000, 1.0000, 0.9970, 0.9841, 0.9329, 0.8563,
        0.7220, 0.4788, 0.1904, 0.0929, 0.0629, 0.0533, 0.0507, 0.0501, 0.0500,
        0.0500, 0.0500, 0.0500, 0.0500, 0.0500, 0.0500, 0.0500],
       device='cuda:0')][Reca:tensor([0.7360, 0.8338, 0.9465, 0.9763, 0.9785, 0.9823, 0.9907, 0.9896, 0.9872,
        0.9867, 0.9772, 0.9865, 0.9856, 0.9937, 0.9970, 1.0000, 1.0000, 1.0000,
        1.0000, 1.0000, 1.0000, 1.0000, 1.0000, 1.0000, 1.0000],
       device='cuda:0')]
2021-01-10 10:42:26.708 | INFO     | adsh:train:99 - [Training time:1035.31]
2021-01-10 10:42:29.442 | INFO     | __main__:run:42 - [code_length:32][map:0.6141][Prec:tensor([1.0000, 1.0000, 1.0000, 1.0000, 1.0000, 1.0000, 1.0000, 0.9962, 0.9853,
        0.9481, 0.9070, 0.8525, 0.7679, 0.6566, 0.4611, 0.2085, 0.1053, 0.0699,
        0.0567, 0.0518, 0.0505, 0.0501, 0.0500, 0.0500, 0.0500, 0.0500, 0.0500,
        0.0500, 0.0500, 0.0500, 0.0500, 0.0500, 0.0500], device='cuda:0')][Reca:tensor([0.4785, 0.7252, 0.8484, 0.9570, 0.9712, 0.9813, 0.9841, 0.9867, 0.9908,
        0.9859, 0.9933, 0.9905, 0.9806, 0.9831, 0.9818, 0.9773, 0.9879, 0.9947,
        0.9989, 0.9990, 1.0000, 1.0000, 1.0000, 1.0000, 1.0000, 1.0000, 1.0000,
        1.0000, 1.0000, 1.0000, 1.0000, 1.0000, 1.0000], device='cuda:0')]
2021-01-10 11:00:03.035 | INFO     | adsh:train:99 - [Training time:1053.28]
2021-01-10 11:00:05.763 | INFO     | __main__:run:42 - [code_length:48][map:0.6173][Prec:tensor([1.0000, 1.0000, 1.0000, 1.0000, 1.0000, 1.0000, 1.0000, 1.0000, 1.0000,
        1.0000, 0.9981, 0.9981, 0.9963, 0.9770, 0.9505, 0.9191, 0.8953, 0.8589,
        0.8194, 0.7884, 0.7304, 0.6468, 0.5134, 0.2734, 0.1321, 0.0817, 0.0626,
        0.0549, 0.0520, 0.0508, 0.0503, 0.0501, 0.0500, 0.0500, 0.0500, 0.0500,
        0.0500, 0.0500, 0.0500, 0.0500, 0.0500, 0.0500, 0.0500, 0.0500, 0.0500,
        0.0500, 0.0500, 0.0500, 0.0500], device='cuda:0')][Reca:tensor([0.8639, 0.9268, 0.9399, 0.9879, 0.9932, 0.9934, 0.9990, 0.9949, 0.9980,
        1.0000, 0.9933, 0.9981, 0.9990, 0.9928, 0.9973, 0.9941, 0.9984, 0.9953,
        0.9925, 0.9963, 0.9957, 0.9918, 0.9961, 0.9922, 0.9927, 0.9973, 0.9984,
        0.9985, 1.0000, 1.0000, 1.0000, 1.0000, 1.0000, 1.0000, 1.0000, 1.0000,
        1.0000, 1.0000, 1.0000, 1.0000, 1.0000, 1.0000, 1.0000, 1.0000, 1.0000,
        1.0000, 1.0000, 1.0000, 1.0000], device='cuda:0')]
