2021-01-08 22:12:28.575 | INFO     | __main__:run:12 - Namespace(batch_size=128, code_length=[12, 24, 32, 48], dataset='cifar-10', device=device(type='cuda', index=0), gamma=200, gpu=0, lr=0.0001, max_epoch=10, max_iter=50, num_query=1000, num_samples=2000, num_workers=0, root='data/', topk=-1)
2021-01-08 22:41:29.132 | INFO     | adsh:train:99 - [Training time:1738.59]
2021-01-08 22:41:32.450 | INFO     | __main__:run:42 - [code_length:12][map:0.8420][Prec:tensor([1.0000, 1.0000, 0.9994, 0.9920, 0.9225, 0.5617, 0.1798, 0.1122, 0.1008,
        0.1000, 0.1000, 0.1000, 0.1000], device='cuda:0')][Reca:tensor([1., 1., 1., 1., 1., 1., 1., 1., 1., 1., 1., 1., 1.], device='cuda:0')]
2021-01-08 23:10:29.116 | INFO     | adsh:train:99 - [Training time:1736.38]
2021-01-08 23:10:31.597 | INFO     | __main__:run:42 - [code_length:24][map:0.8498][Prec:tensor([1.0000, 1.0000, 1.0000, 1.0000, 1.0000, 1.0000, 0.9975, 0.9842, 0.9706,
        0.9448, 0.9019, 0.7139, 0.3011, 0.1453, 0.1069, 0.1012, 0.1002, 0.1000,
        0.1000, 0.1000, 0.1000, 0.1000, 0.1000, 0.1000, 0.1000],
       device='cuda:0')][Reca:tensor([0.7343, 0.8411, 0.9985, 0.9973, 0.9999, 0.9988, 0.9963, 0.9988, 0.9988,
        0.9965, 1.0000, 0.9977, 0.9968, 0.9990, 0.9990, 1.0000, 1.0000, 1.0000,
        1.0000, 1.0000, 1.0000, 1.0000, 1.0000, 1.0000, 1.0000],
       device='cuda:0')]
2021-01-08 23:39:30.251 | INFO     | adsh:train:99 - [Training time:1738.36]
2021-01-08 23:39:32.855 | INFO     | __main__:run:42 - [code_length:32][map:0.8434][Prec:tensor([1.0000, 1.0000, 1.0000, 1.0000, 1.0000, 1.0000, 1.0000, 1.0000, 0.9994,
        0.9944, 0.9835, 0.9637, 0.9503, 0.9353, 0.9098, 0.7523, 0.5001, 0.2171,
        0.1178, 0.1041, 0.1013, 0.1004, 0.1002, 0.1001, 0.1000, 0.1000, 0.1000,
        0.1000, 0.1000, 0.1000, 0.1000, 0.1000, 0.1000], device='cuda:0')][Reca:tensor([0.8856, 0.8753, 0.9760, 0.9986, 1.0000, 0.9988, 1.0000, 1.0000, 1.0000,
        1.0000, 1.0000, 0.9999, 0.9989, 1.0000, 0.9999, 0.9988, 0.9999, 0.9999,
        1.0000, 1.0000, 1.0000, 1.0000, 1.0000, 1.0000, 1.0000, 1.0000, 1.0000,
        1.0000, 1.0000, 1.0000, 1.0000, 1.0000, 1.0000], device='cuda:0')]
2021-01-09 00:08:43.032 | INFO     | adsh:train:99 - [Training time:1749.88]
2021-01-09 00:08:45.731 | INFO     | __main__:run:42 - [code_length:48][map:0.8423][Prec:tensor([1.0000, 1.0000, 1.0000, 1.0000, 1.0000, 1.0000, 1.0000, 1.0000, 1.0000,
        1.0000, 1.0000, 1.0000, 1.0000, 0.9987, 0.9865, 0.9707, 0.9644, 0.9543,
        0.9412, 0.9302, 0.9207, 0.9130, 0.8971, 0.8804, 0.8526, 0.5233, 0.1854,
        0.1170, 0.1061, 0.1030, 0.1016, 0.1007, 0.1003, 0.1001, 0.1000, 0.1000,
        0.1000, 0.1000, 0.1000, 0.1000, 0.1000, 0.1000, 0.1000, 0.1000, 0.1000,
        0.1000, 0.1000, 0.1000, 0.1000], device='cuda:0')][Reca:tensor([1., 1., 1., 1., 1., 1., 1., 1., 1., 1., 1., 1., 1., 1., 1., 1., 1., 1.,
        1., 1., 1., 1., 1., 1., 1., 1., 1., 1., 1., 1., 1., 1., 1., 1., 1., 1.,
        1., 1., 1., 1., 1., 1., 1., 1., 1., 1., 1., 1., 1.], device='cuda:0')]
