2021-01-06 20:04:26.212 | INFO     | __main__:run:12 - Namespace(batch_size=128, code_length=[12, 24, 32, 48], dataset='cifar-100', device=device(type='cuda', index=0), gamma=200, gpu=0, lr=0.0001, max_epoch=15, max_iter=10, num_query=1000, num_samples=2000, num_workers=0, root='data/', topk=-1)
2021-01-06 20:13:14.866 | INFO     | adsh:train:100 - [Training time:526.45]
2021-01-06 20:13:18.298 | INFO     | __main__:run:42 - [code_length:12][map:0.4792][Prec:tensor([1.0000, 1.0000, 0.9826, 0.7721, 0.3853, 0.1528, 0.0817, 0.0581, 0.0515,
        0.0502, 0.0500, 0.0500, 0.0500], device='cuda:0')][Reca:tensor([0.6301, 0.7743, 0.9434, 0.9480, 0.9581, 0.9641, 0.9855, 0.9887, 0.9970,
        1.0000, 1.0000, 1.0000, 1.0000], device='cuda:0')]
2021-01-06 20:22:05.435 | INFO     | adsh:train:100 - [Training time:526.85]
2021-01-06 20:22:08.103 | INFO     | __main__:run:42 - [code_length:24][map:0.5151][Prec:tensor([1.0000, 1.0000, 1.0000, 1.0000, 0.9970, 0.9814, 0.9540, 0.8966, 0.7803,
        0.5982, 0.3563, 0.1674, 0.0947, 0.0661, 0.0549, 0.0512, 0.0502, 0.0500,
        0.0500, 0.0500, 0.0500, 0.0500, 0.0500, 0.0500, 0.0500],
       device='cuda:0')][Reca:tensor([0.5076, 0.7471, 0.9611, 0.9819, 0.9850, 0.9946, 0.9930, 0.9956, 0.9960,
        0.9914, 0.9940, 0.9935, 0.9988, 0.9979, 0.9949, 0.9980, 1.0000, 1.0000,
        1.0000, 1.0000, 1.0000, 1.0000, 1.0000, 1.0000, 1.0000],
       device='cuda:0')]
2021-01-06 20:30:52.651 | INFO     | adsh:train:100 - [Training time:524.25]
2021-01-06 20:30:55.295 | INFO     | __main__:run:42 - [code_length:32][map:0.5240][Prec:tensor([1.0000, 1.0000, 1.0000, 1.0000, 1.0000, 1.0000, 1.0000, 0.9951, 0.9716,
        0.9278, 0.8684, 0.7860, 0.6781, 0.5422, 0.3515, 0.1751, 0.1016, 0.0707,
        0.0578, 0.0525, 0.0508, 0.0502, 0.0500, 0.0500, 0.0500, 0.0500, 0.0500,
        0.0500, 0.0500, 0.0500, 0.0500, 0.0500, 0.0500], device='cuda:0')][Reca:tensor([1.0000, 1.0000, 0.9304, 0.9293, 0.9235, 0.9493, 0.9566, 0.9609, 0.9666,
        0.9628, 0.9764, 0.9803, 0.9742, 0.9648, 0.9655, 0.9658, 0.9700, 0.9870,
        0.9923, 0.9952, 1.0000, 1.0000, 1.0000, 1.0000, 1.0000, 1.0000, 1.0000,
        1.0000, 1.0000, 1.0000, 1.0000, 1.0000, 1.0000], device='cuda:0')]
2021-01-06 20:39:36.443 | INFO     | adsh:train:100 - [Training time:520.84]
2021-01-06 20:39:39.869 | INFO     | __main__:run:42 - [code_length:48][map:0.5061][Prec:tensor([1.0000, 1.0000, 1.0000, 1.0000, 1.0000, 1.0000, 1.0000, 1.0000, 1.0000,
        1.0000, 1.0000, 0.9983, 0.9886, 0.9669, 0.9393, 0.8880, 0.8486, 0.7849,
        0.7382, 0.6765, 0.5754, 0.4922, 0.3659, 0.2054, 0.1152, 0.0796, 0.0635,
        0.0562, 0.0528, 0.0512, 0.0504, 0.0502, 0.0501, 0.0500, 0.0500, 0.0500,
        0.0500, 0.0500, 0.0500, 0.0500, 0.0500, 0.0500, 0.0500, 0.0500, 0.0500,
        0.0500, 0.0500, 0.0500, 0.0500], device='cuda:0')][Reca:tensor([0.6450, 0.8292, 0.8979, 0.9245, 0.9550, 0.9483, 0.9594, 0.9764, 0.9808,
        0.9653, 0.9680, 0.9739, 0.9685, 0.9641, 0.9738, 0.9574, 0.9655, 0.9435,
        0.9545, 0.9479, 0.9289, 0.9405, 0.9430, 0.9298, 0.9209, 0.9432, 0.9620,
        0.9785, 0.9900, 0.9968, 0.9980, 1.0000, 1.0000, 1.0000, 1.0000, 1.0000,
        1.0000, 1.0000, 1.0000, 1.0000, 1.0000, 1.0000, 1.0000, 1.0000, 1.0000,
        1.0000, 1.0000, 1.0000, 1.0000], device='cuda:0')]
