2021-01-07 16:03:35.622 | INFO     | __main__:run:12 - Namespace(batch_size=128, code_length=[12, 24, 32, 48], dataset='cifar-10', device=device(type='cuda', index=0), gamma=200, gpu=0, lr=0.0001, max_epoch=3, max_iter=20, num_query=1000, num_samples=2000, num_workers=0, root='data/', topk=-1)
2021-01-07 16:07:13.160 | INFO     | adsh:train:100 - [Training time:215.58]
2021-01-07 16:07:16.456 | INFO     | __main__:run:42 - [code_length:12][map:0.6964][Prec:tensor([1.0000, 1.0000, 0.9878, 0.9460, 0.7869, 0.4824, 0.2001, 0.1162, 0.1019,
        0.1002, 0.1000, 0.1000, 0.1000], device='cuda:0')][Reca:tensor([0.6167, 0.9210, 0.9913, 0.9924, 0.9972, 0.9913, 0.9967, 0.9990, 1.0000,
        1.0000, 1.0000, 1.0000, 1.0000], device='cuda:0')]
2021-01-07 16:10:47.194 | INFO     | adsh:train:100 - [Training time:210.46]
2021-01-07 16:10:49.701 | INFO     | __main__:run:42 - [code_length:24][map:0.6931][Prec:tensor([1.0000, 1.0000, 1.0000, 1.0000, 0.9982, 0.9890, 0.9625, 0.9279, 0.8400,
        0.7640, 0.6599, 0.4707, 0.3022, 0.1631, 0.1179, 0.1049, 0.1014, 0.1004,
        0.1000, 0.1000, 0.1000, 0.1000, 0.1000, 0.1000, 0.1000],
       device='cuda:0')][Reca:tensor([1.0000, 0.9824, 0.9764, 0.9831, 0.9896, 0.9909, 0.9870, 0.9861, 0.9813,
        0.9866, 0.9913, 0.9905, 0.9889, 0.9908, 0.9970, 0.9989, 0.9998, 0.9999,
        1.0000, 1.0000, 1.0000, 1.0000, 1.0000, 1.0000, 1.0000],
       device='cuda:0')]
2021-01-07 16:14:20.457 | INFO     | adsh:train:100 - [Training time:210.46]
2021-01-07 16:14:22.994 | INFO     | __main__:run:42 - [code_length:32][map:0.7015][Prec:tensor([1.0000, 1.0000, 1.0000, 1.0000, 1.0000, 1.0000, 0.9983, 0.9969, 0.9874,
        0.9625, 0.9159, 0.8744, 0.8134, 0.7507, 0.6673, 0.5266, 0.3699, 0.2061,
        0.1304, 0.1121, 0.1050, 0.1020, 0.1008, 0.1003, 0.1001, 0.1000, 0.1000,
        0.1000, 0.1000, 0.1000, 0.1000, 0.1000, 0.1000], device='cuda:0')][Reca:tensor([0.9898, 0.9701, 0.9823, 0.9711, 0.9681, 0.9717, 0.9689, 0.9790, 0.9857,
        0.9784, 0.9698, 0.9666, 0.9618, 0.9593, 0.9767, 0.9794, 0.9765, 0.9807,
        0.9931, 0.9960, 0.9990, 0.9990, 1.0000, 1.0000, 1.0000, 1.0000, 1.0000,
        1.0000, 1.0000, 1.0000, 1.0000, 1.0000, 1.0000], device='cuda:0')]
2021-01-07 16:17:56.662 | INFO     | adsh:train:100 - [Training time:213.37]
2021-01-07 16:17:59.348 | INFO     | __main__:run:42 - [code_length:48][map:0.6502][Prec:tensor([1.0000, 1.0000, 1.0000, 1.0000, 1.0000, 1.0000, 1.0000, 1.0000, 1.0000,
        1.0000, 0.9984, 0.9980, 0.9936, 0.9793, 0.9598, 0.9309, 0.8951, 0.8598,
        0.8173, 0.7986, 0.7506, 0.7068, 0.6553, 0.5527, 0.4227, 0.2511, 0.1586,
        0.1277, 0.1133, 0.1074, 0.1041, 0.1018, 0.1008, 0.1002, 0.1000, 0.1000,
        0.1000, 0.1000, 0.1000, 0.1000, 0.1000, 0.1000, 0.1000, 0.1000, 0.1000,
        0.1000, 0.1000, 0.1000, 0.1000], device='cuda:0')][Reca:tensor([0.7379, 0.7392, 0.8644, 0.9287, 0.9442, 0.9623, 0.9634, 0.9788, 0.9777,
        0.9745, 0.9753, 0.9728, 0.9819, 0.9721, 0.9779, 0.9739, 0.9590, 0.9511,
        0.9455, 0.9587, 0.9628, 0.9601, 0.9509, 0.9541, 0.9351, 0.9306, 0.9319,
        0.9744, 0.9823, 0.9940, 0.9990, 0.9990, 0.9990, 0.9990, 0.9990, 0.9991,
        1.0000, 1.0000, 1.0000, 1.0000, 1.0000, 1.0000, 1.0000, 1.0000, 1.0000,
        1.0000, 1.0000, 1.0000, 1.0000], device='cuda:0')]
