2021-01-07 22:35:57.015 | INFO     | __main__:run:12 - Namespace(batch_size=128, code_length=[12, 24, 32, 48], dataset='cifar-10', device=device(type='cuda', index=0), gamma=200, gpu=0, lr=0.0001, max_epoch=3, max_iter=30, num_query=1000, num_samples=2000, num_workers=0, root='data/', topk=-1)
2021-01-07 22:40:31.549 | INFO     | adsh:train:100 - [Training time:272.52]
2021-01-07 22:40:34.611 | INFO     | __main__:run:42 - [code_length:12][map:0.7415][Prec:tensor([1.0000, 1.0000, 0.9976, 0.9559, 0.8181, 0.4758, 0.1935, 0.1170, 0.1016,
        0.1001, 0.1000, 0.1000, 0.1000], device='cuda:0')][Reca:tensor([0.7946, 0.8553, 0.9262, 0.9576, 0.9779, 0.9790, 0.9800, 0.9926, 1.0000,
        1.0000, 1.0000, 1.0000, 1.0000], device='cuda:0')]
2021-01-07 22:45:04.141 | INFO     | adsh:train:100 - [Training time:269.25]
2021-01-07 22:45:06.599 | INFO     | __main__:run:42 - [code_length:24][map:0.7177][Prec:tensor([1.0000, 1.0000, 1.0000, 1.0000, 1.0000, 0.9970, 0.9779, 0.9455, 0.8901,
        0.8114, 0.7050, 0.5291, 0.3140, 0.1503, 0.1113, 0.1029, 0.1006, 0.1001,
        0.1000, 0.1000, 0.1000, 0.1000, 0.1000, 0.1000, 0.1000],
       device='cuda:0')][Reca:tensor([0.1124, 0.3968, 0.7984, 0.9074, 0.9423, 0.9500, 0.9655, 0.9577, 0.9489,
        0.9364, 0.9460, 0.9521, 0.9614, 0.9810, 0.9949, 0.9990, 1.0000, 1.0000,
        1.0000, 1.0000, 1.0000, 1.0000, 1.0000, 1.0000, 1.0000],
       device='cuda:0')]
2021-01-07 22:49:36.253 | INFO     | adsh:train:100 - [Training time:269.37]
2021-01-07 22:49:38.693 | INFO     | __main__:run:42 - [code_length:32][map:0.7031][Prec:tensor([1.0000, 1.0000, 1.0000, 1.0000, 1.0000, 1.0000, 1.0000, 1.0000, 0.9977,
        0.9787, 0.9432, 0.9104, 0.8820, 0.8511, 0.8044, 0.6866, 0.4002, 0.1866,
        0.1242, 0.1072, 0.1027, 0.1009, 0.1003, 0.1001, 0.1000, 0.1000, 0.1000,
        0.1000, 0.1000, 0.1000, 0.1000, 0.1000, 0.1000], device='cuda:0')][Reca:tensor([1.0000, 0.9434, 0.9573, 0.9677, 0.9719, 0.9802, 0.9874, 0.9877, 0.9897,
        0.9872, 0.9839, 0.9866, 0.9926, 0.9921, 0.9900, 0.9741, 0.9859, 0.9886,
        0.9954, 0.9979, 0.9983, 0.9990, 0.9998, 1.0000, 1.0000, 1.0000, 1.0000,
        1.0000, 1.0000, 1.0000, 1.0000, 1.0000, 1.0000], device='cuda:0')]
2021-01-07 22:54:10.434 | INFO     | adsh:train:100 - [Training time:271.44]
2021-01-07 22:54:12.978 | INFO     | __main__:run:42 - [code_length:48][map:0.7197][Prec:tensor([1.0000, 1.0000, 1.0000, 1.0000, 1.0000, 1.0000, 1.0000, 1.0000, 1.0000,
        1.0000, 1.0000, 1.0000, 0.9964, 0.9887, 0.9667, 0.9501, 0.9313, 0.9012,
        0.8793, 0.8530, 0.8288, 0.7995, 0.7629, 0.6994, 0.5772, 0.3356, 0.1689,
        0.1212, 0.1101, 0.1050, 0.1024, 0.1012, 0.1007, 0.1004, 0.1001, 0.1000,
        0.1000, 0.1000, 0.1000, 0.1000, 0.1000, 0.1000, 0.1000, 0.1000, 0.1000,
        0.1000, 0.1000, 0.1000, 0.1000], device='cuda:0')][Reca:tensor([0.7151, 0.7504, 0.9455, 0.9578, 0.9633, 0.9633, 0.9743, 0.9786, 0.9795,
        0.9766, 0.9712, 0.9762, 0.9865, 0.9888, 0.9876, 0.9851, 0.9833, 0.9781,
        0.9774, 0.9766, 0.9733, 0.9701, 0.9684, 0.9486, 0.9454, 0.9438, 0.9640,
        0.9796, 0.9890, 0.9918, 0.9956, 0.9987, 1.0000, 1.0000, 1.0000, 1.0000,
        1.0000, 1.0000, 1.0000, 1.0000, 1.0000, 1.0000, 1.0000, 1.0000, 1.0000,
        1.0000, 1.0000, 1.0000, 1.0000], device='cuda:0')]
