2021-01-09 09:45:59.004 | INFO     | __main__:run:12 - Namespace(batch_size=128, code_length=[12, 24, 32, 48], dataset='cifar-10', device=device(type='cuda', index=0), gamma=200, gpu=0, lr=0.0001, max_epoch=10, max_iter=50, num_query=1000, num_samples=2000, num_workers=0, root='data/', topk=-1)
2021-01-09 10:14:45.747 | INFO     | adsh:train:99 - [Training time:1724.72]
2021-01-09 10:14:49.009 | INFO     | __main__:run:42 - [code_length:12][map:0.8315][Prec:tensor([1.0000, 1.0000, 0.9987, 0.9898, 0.8249, 0.4237, 0.2407, 0.1159, 0.1011,
        0.1001, 0.1000, 0.1000, 0.1000], device='cuda:0')][Reca:tensor([1., 1., 1., 1., 1., 1., 1., 1., 1., 1., 1., 1., 1.], device='cuda:0')]
2021-01-09 10:43:29.467 | INFO     | adsh:train:99 - [Training time:1720.18]
2021-01-09 10:43:31.921 | INFO     | __main__:run:42 - [code_length:24][map:0.8489][Prec:tensor([1.0000, 1.0000, 1.0000, 1.0000, 1.0000, 1.0000, 0.9975, 0.9901, 0.9705,
        0.9474, 0.8807, 0.6757, 0.2989, 0.1539, 0.1100, 0.1016, 0.1004, 0.1001,
        0.1000, 0.1000, 0.1000, 0.1000, 0.1000, 0.1000, 0.1000],
       device='cuda:0')][Reca:tensor([0.7534, 0.9156, 0.9873, 0.9968, 0.9990, 0.9987, 0.9988, 1.0000, 1.0000,
        0.9990, 0.9982, 0.9983, 0.9981, 0.9988, 0.9998, 1.0000, 1.0000, 1.0000,
        1.0000, 1.0000, 1.0000, 1.0000, 1.0000, 1.0000, 1.0000],
       device='cuda:0')]
2021-01-09 11:12:16.467 | INFO     | adsh:train:99 - [Training time:1724.25]
2021-01-09 11:12:18.951 | INFO     | __main__:run:42 - [code_length:32][map:0.8494][Prec:tensor([1.0000, 1.0000, 1.0000, 1.0000, 1.0000, 1.0000, 1.0000, 1.0000, 0.9964,
        0.9873, 0.9684, 0.9562, 0.9354, 0.8954, 0.8418, 0.7638, 0.4068, 0.2270,
        0.1134, 0.1034, 0.1012, 0.1003, 0.1000, 0.1000, 0.1000, 0.1000, 0.1000,
        0.1000, 0.1000, 0.1000, 0.1000, 0.1000, 0.1000], device='cuda:0')][Reca:tensor([0.7626, 0.8177, 0.9267, 0.9771, 0.9895, 0.9962, 0.9900, 0.9841, 0.9928,
        0.9940, 0.9895, 0.9965, 0.9965, 0.9943, 0.9921, 0.9882, 0.9845, 0.9959,
        0.9980, 0.9990, 1.0000, 1.0000, 1.0000, 1.0000, 1.0000, 1.0000, 1.0000,
        1.0000, 1.0000, 1.0000, 1.0000, 1.0000, 1.0000], device='cuda:0')]
2021-01-09 11:41:07.941 | INFO     | adsh:train:99 - [Training time:1728.69]
2021-01-09 11:41:10.506 | INFO     | __main__:run:42 - [code_length:48][map:0.8316][Prec:tensor([1.0000, 1.0000, 1.0000, 1.0000, 1.0000, 1.0000, 1.0000, 1.0000, 1.0000,
        1.0000, 1.0000, 1.0000, 1.0000, 0.9956, 0.9869, 0.9745, 0.9633, 0.9509,
        0.9421, 0.9327, 0.9186, 0.9084, 0.8946, 0.8731, 0.8331, 0.4197, 0.1583,
        0.1136, 0.1061, 0.1034, 0.1018, 0.1008, 0.1003, 0.1001, 0.1001, 0.1000,
        0.1000, 0.1000, 0.1000, 0.1000, 0.1000, 0.1000, 0.1000, 0.1000, 0.1000,
        0.1000, 0.1000, 0.1000, 0.1000], device='cuda:0')][Reca:tensor([0.9332, 0.9762, 1.0000, 0.9990, 0.9990, 1.0000, 1.0000, 1.0000, 1.0000,
        1.0000, 1.0000, 1.0000, 1.0000, 1.0000, 1.0000, 0.9992, 0.9992, 1.0000,
        1.0000, 0.9992, 0.9992, 1.0000, 1.0000, 1.0000, 0.9996, 0.9996, 0.9993,
        0.9993, 1.0000, 1.0000, 1.0000, 1.0000, 1.0000, 1.0000, 1.0000, 1.0000,
        1.0000, 1.0000, 1.0000, 1.0000, 1.0000, 1.0000, 1.0000, 1.0000, 1.0000,
        1.0000, 1.0000, 1.0000, 1.0000], device='cuda:0')]
