2021-01-07 15:44:02.451 | INFO     | __main__:run:12 - Namespace(batch_size=128, code_length=[12, 24, 32, 48], dataset='cifar-100', device=device(type='cuda', index=0), gamma=200, gpu=0, lr=0.0001, max_epoch=1, max_iter=1, num_query=1000, num_samples=1000, num_workers=0, root='data/', topk=2000)
2021-01-07 15:44:12.040 | INFO     | adsh:train:100 - [Training time:7.60]
2021-01-07 15:44:14.472 | INFO     | __main__:run:42 - [code_length:12][map:0.0587][Prec:tensor([0.0000, 0.3483, 0.1022, 0.0518, 0.0508, 0.0501, 0.0498, 0.0498, 0.0499,
        0.0499, 0.0500, 0.0500, 0.0500], device='cuda:0')][Reca:tensor([0.0000, 0.0126, 0.0345, 0.0636, 0.1810, 0.3834, 0.6164, 0.8268, 0.9404,
        0.9842, 0.9990, 1.0000, 1.0000], device='cuda:0')]
2021-01-07 15:44:16.606 | INFO     | adsh:train:100 - [Training time:1.84]
2021-01-07 15:44:19.044 | INFO     | __main__:run:42 - [code_length:24][map:0.0480][Prec:tensor([0.0000, 0.0000, 0.0000, 0.0000, 0.0161, 0.5227, 0.2249, 0.0967, 0.0659,
        0.0557, 0.0493, 0.0493, 0.0490, 0.0494, 0.0498, 0.0499, 0.0500, 0.0500,
        0.0500, 0.0500, 0.0500, 0.0500, 0.0500, 0.0500, 0.0500],
       device='cuda:0')][Reca:tensor([0.0000e+00, 0.0000e+00, 0.0000e+00, 0.0000e+00, 3.3898e-04, 4.2252e-03,
        6.2874e-03, 1.9072e-02, 5.2121e-02, 1.1980e-01, 2.2059e-01, 3.8357e-01,
        5.7087e-01, 7.4811e-01, 8.8045e-01, 9.5479e-01, 9.8775e-01, 9.9817e-01,
        9.9979e-01, 9.9991e-01, 1.0000e+00, 1.0000e+00, 1.0000e+00, 1.0000e+00,
        1.0000e+00], device='cuda:0')]
2021-01-07 15:44:21.153 | INFO     | adsh:train:100 - [Training time:1.81]
2021-01-07 15:44:23.660 | INFO     | __main__:run:42 - [code_length:32][map:0.0557][Prec:tensor([0.0000, 0.0000, 0.0000, 1.0000, 1.0000, 1.0000, 0.8621, 0.3914, 0.2271,
        0.0945, 0.0691, 0.0636, 0.0608, 0.0533, 0.0524, 0.0521, 0.0501, 0.0501,
        0.0501, 0.0500, 0.0500, 0.0501, 0.0501, 0.0500, 0.0500, 0.0500, 0.0500,
        0.0500, 0.0500, 0.0500, 0.0500, 0.0500, 0.0500], device='cuda:0')][Reca:tensor([0.0000e+00, 0.0000e+00, 0.0000e+00, 3.3898e-04, 1.4124e-03, 3.4237e-03,
        1.4126e-02, 2.2248e-02, 3.6201e-02, 3.6032e-02, 5.7182e-02, 1.0496e-01,
        1.8314e-01, 2.6509e-01, 3.9168e-01, 5.3229e-01, 6.4382e-01, 7.5777e-01,
        8.4100e-01, 9.0001e-01, 9.3789e-01, 9.6238e-01, 9.7655e-01, 9.9043e-01,
        9.9657e-01, 9.9942e-01, 1.0000e+00, 1.0000e+00, 1.0000e+00, 1.0000e+00,
        1.0000e+00, 1.0000e+00, 1.0000e+00], device='cuda:0')]
2021-01-07 15:44:25.796 | INFO     | adsh:train:100 - [Training time:1.84]
2021-01-07 15:44:28.378 | INFO     | __main__:run:42 - [code_length:48][map:0.0571][Prec:tensor([0.0000, 0.0000, 0.0000, 0.0000, 0.0000, 0.0000, 0.0000, 0.0000, 0.0000,
        0.0000, 0.0000, 0.0000, 0.0000, 0.6389, 0.4684, 0.2455, 0.1274, 0.0956,
        0.0795, 0.0709, 0.0637, 0.0569, 0.0535, 0.0523, 0.0513, 0.0507, 0.0504,
        0.0502, 0.0500, 0.0500, 0.0499, 0.0498, 0.0498, 0.0498, 0.0499, 0.0500,
        0.0500, 0.0500, 0.0500, 0.0500, 0.0500, 0.0500, 0.0500, 0.0500, 0.0500,
        0.0500, 0.0500, 0.0500, 0.0500], device='cuda:0')][Reca:tensor([0.0000e+00, 0.0000e+00, 0.0000e+00, 0.0000e+00, 0.0000e+00, 0.0000e+00,
        0.0000e+00, 0.0000e+00, 0.0000e+00, 0.0000e+00, 0.0000e+00, 0.0000e+00,
        0.0000e+00, 6.7797e-04, 1.3649e-03, 3.8686e-03, 1.0114e-02, 2.4669e-02,
        5.4584e-02, 1.0541e-01, 1.7695e-01, 2.6427e-01, 3.7538e-01, 5.0500e-01,
        6.3008e-01, 7.3444e-01, 8.1139e-01, 8.6382e-01, 9.0103e-01, 9.3026e-01,
        9.5334e-01, 9.7042e-01, 9.8302e-01, 9.9130e-01, 9.9626e-01, 9.9874e-01,
        9.9973e-01, 9.9997e-01, 1.0000e+00, 1.0000e+00, 1.0000e+00, 1.0000e+00,
        1.0000e+00, 1.0000e+00, 1.0000e+00, 1.0000e+00, 1.0000e+00, 1.0000e+00,
        1.0000e+00], device='cuda:0')]
