2021-01-10 23:42:39.431 | INFO     | __main__:run:12 - Namespace(batch_size=128, code_length=[12, 24, 32, 48], dataset='cifar-10', device=device(type='cuda', index=0), gamma=200, gpu=0, lr=0.0001, max_epoch=10, max_iter=30, num_query=1000, num_samples=2000, num_workers=0, root='data/', topk=-1)
2021-01-10 23:57:26.274 | INFO     | adsh:train:99 - [Training time:884.95]
2021-01-10 23:57:29.373 | INFO     | __main__:run:42 - [code_length:12][map:0.8110][Prec:tensor([1.0000, 1.0000, 1.0000, 0.9804, 0.8982, 0.4955, 0.1800, 0.1122, 0.1007,
        0.1000, 0.1000, 0.1000, 0.1000], device='cuda:0')][Reca:tensor([0.8320, 0.9231, 0.9959, 1.0000, 1.0000, 0.9977, 1.0000, 1.0000, 1.0000,
        1.0000, 1.0000, 1.0000, 1.0000], device='cuda:0')]
2021-01-11 00:17:58.480 | INFO     | adsh:train:99 - [Training time:1228.89]
2021-01-11 00:18:00.849 | INFO     | __main__:run:42 - [code_length:24][map:0.8188][Prec:tensor([1.0000, 1.0000, 1.0000, 1.0000, 1.0000, 1.0000, 0.9993, 0.9850, 0.9678,
        0.9348, 0.8962, 0.6865, 0.3062, 0.1459, 0.1078, 0.1011, 0.1002, 0.1000,
        0.1000, 0.1000, 0.1000, 0.1000, 0.1000, 0.1000, 0.1000],
       device='cuda:0')][Reca:tensor([0.6305, 0.6820, 0.9169, 0.9895, 0.9923, 0.9987, 0.9962, 0.9926, 0.9964,
        0.9941, 0.9910, 0.9857, 0.9852, 0.9935, 0.9980, 0.9990, 1.0000, 1.0000,
        1.0000, 1.0000, 1.0000, 1.0000, 1.0000, 1.0000, 1.0000],
       device='cuda:0')]
2021-01-11 00:32:44.280 | INFO     | adsh:train:99 - [Training time:883.18]
2021-01-11 00:32:46.734 | INFO     | __main__:run:42 - [code_length:32][map:0.8289][Prec:tensor([1.0000, 1.0000, 1.0000, 1.0000, 1.0000, 1.0000, 1.0000, 1.0000, 0.9987,
        0.9912, 0.9821, 0.9634, 0.9393, 0.9188, 0.8818, 0.7661, 0.4130, 0.1837,
        0.1194, 0.1049, 0.1012, 0.1004, 0.1001, 0.1000, 0.1000, 0.1000, 0.1000,
        0.1000, 0.1000, 0.1000, 0.1000, 0.1000, 0.1000], device='cuda:0')][Reca:tensor([0.8534, 0.8009, 0.9013, 0.9606, 0.9894, 0.9971, 0.9958, 0.9960, 0.9961,
        0.9961, 0.9988, 0.9924, 0.9903, 0.9886, 0.9888, 0.9870, 0.9915, 0.9954,
        0.9951, 0.9981, 1.0000, 1.0000, 1.0000, 1.0000, 1.0000, 1.0000, 1.0000,
        1.0000, 1.0000, 1.0000, 1.0000, 1.0000, 1.0000], device='cuda:0')]
2021-01-11 00:47:33.289 | INFO     | adsh:train:99 - [Training time:886.32]
2021-01-11 00:47:35.791 | INFO     | __main__:run:42 - [code_length:48][map:0.8412][Prec:tensor([1.0000, 1.0000, 1.0000, 1.0000, 1.0000, 1.0000, 1.0000, 1.0000, 1.0000,
        1.0000, 1.0000, 1.0000, 1.0000, 0.9962, 0.9913, 0.9828, 0.9708, 0.9630,
        0.9514, 0.9432, 0.9272, 0.9090, 0.8905, 0.8535, 0.7974, 0.4034, 0.1576,
        0.1142, 0.1048, 0.1020, 0.1011, 0.1003, 0.1001, 0.1000, 0.1000, 0.1000,
        0.1000, 0.1000, 0.1000, 0.1000, 0.1000, 0.1000, 0.1000, 0.1000, 0.1000,
        0.1000, 0.1000, 0.1000, 0.1000], device='cuda:0')][Reca:tensor([0.9087, 0.9782, 0.8524, 0.9453, 0.9778, 0.9921, 0.9883, 0.9892, 0.9914,
        0.9921, 0.9904, 0.9954, 0.9953, 0.9957, 0.9979, 0.9968, 0.9958, 0.9950,
        0.9940, 0.9949, 0.9904, 0.9866, 0.9868, 0.9748, 0.9805, 0.9868, 0.9963,
        0.9986, 0.9997, 1.0000, 1.0000, 1.0000, 1.0000, 1.0000, 1.0000, 1.0000,
        1.0000, 1.0000, 1.0000, 1.0000, 1.0000, 1.0000, 1.0000, 1.0000, 1.0000,
        1.0000, 1.0000, 1.0000, 1.0000], device='cuda:0')]
