2021-01-06 21:54:07.572 | INFO     | __main__:run:12 - Namespace(batch_size=128, code_length=[12, 24, 32, 48], dataset='cifar-100', device=device(type='cuda', index=0), gamma=200, gpu=0, lr=0.0001, max_epoch=15, max_iter=10, num_query=1000, num_samples=2000, num_workers=0, root='data/', topk=-1)
2021-01-06 22:01:38.918 | INFO     | adsh:train:100 - [Training time:449.36]
2021-01-06 22:01:42.156 | INFO     | __main__:run:42 - [code_length:12][map:0.4572][Prec:tensor([0.9876, 0.9936, 0.9645, 0.8096, 0.4348, 0.1601, 0.0817, 0.0584, 0.0515,
        0.0501, 0.0500, 0.0500, 0.0500], device='cuda:0')][Reca:tensor([1.0000, 0.9988, 0.9774, 0.9692, 0.9337, 0.9370, 0.9727, 0.9933, 0.9989,
        0.9999, 1.0000, 1.0000, 1.0000], device='cuda:0')]
2021-01-06 22:09:07.629 | INFO     | adsh:train:100 - [Training time:445.19]
2021-01-06 22:09:10.136 | INFO     | __main__:run:42 - [code_length:24][map:0.4854][Prec:tensor([1.0000, 1.0000, 1.0000, 1.0000, 0.9983, 0.9927, 0.9603, 0.9015, 0.7708,
        0.5932, 0.3879, 0.1669, 0.0914, 0.0632, 0.0539, 0.0511, 0.0502, 0.0500,
        0.0500, 0.0500, 0.0500, 0.0500, 0.0500, 0.0500, 0.0500],
       device='cuda:0')][Reca:tensor([0.0356, 0.7236, 0.8307, 0.8511, 0.8872, 0.9130, 0.9392, 0.9573, 0.9411,
        0.9434, 0.9427, 0.9434, 0.9605, 0.9687, 0.9886, 0.9989, 1.0000, 1.0000,
        1.0000, 1.0000, 1.0000, 1.0000, 1.0000, 1.0000, 1.0000],
       device='cuda:0')]
2021-01-06 22:16:30.692 | INFO     | adsh:train:100 - [Training time:440.25]
2021-01-06 22:16:33.229 | INFO     | __main__:run:42 - [code_length:32][map:0.4901][Prec:tensor([1.0000, 1.0000, 1.0000, 1.0000, 1.0000, 1.0000, 1.0000, 0.9928, 0.9652,
        0.9150, 0.8398, 0.7591, 0.6569, 0.5202, 0.3367, 0.1835, 0.0978, 0.0687,
        0.0564, 0.0520, 0.0506, 0.0501, 0.0500, 0.0500, 0.0500, 0.0500, 0.0500,
        0.0500, 0.0500, 0.0500, 0.0500, 0.0500, 0.0500], device='cuda:0')][Reca:tensor([0.3760, 0.5416, 0.7699, 0.9045, 0.9167, 0.9269, 0.9324, 0.9448, 0.9316,
        0.9393, 0.9245, 0.9225, 0.8898, 0.8912, 0.8825, 0.8946, 0.9265, 0.9605,
        0.9787, 0.9924, 0.9989, 0.9990, 1.0000, 1.0000, 1.0000, 1.0000, 1.0000,
        1.0000, 1.0000, 1.0000, 1.0000, 1.0000, 1.0000], device='cuda:0')]
2021-01-06 22:23:59.828 | INFO     | adsh:train:100 - [Training time:446.30]
2021-01-06 22:24:02.459 | INFO     | __main__:run:42 - [code_length:48][map:0.4938][Prec:tensor([1.0000, 1.0000, 1.0000, 1.0000, 1.0000, 1.0000, 1.0000, 1.0000, 1.0000,
        1.0000, 1.0000, 0.9986, 0.9825, 0.9490, 0.8930, 0.8723, 0.8037, 0.7561,
        0.6845, 0.6112, 0.5351, 0.4530, 0.3341, 0.1988, 0.1131, 0.0791, 0.0628,
        0.0554, 0.0523, 0.0508, 0.0503, 0.0501, 0.0500, 0.0500, 0.0500, 0.0500,
        0.0500, 0.0500, 0.0500, 0.0500, 0.0500, 0.0500, 0.0500, 0.0500, 0.0500,
        0.0500, 0.0500, 0.0500, 0.0500], device='cuda:0')][Reca:tensor([0.5393, 0.7545, 0.9204, 0.9649, 0.9566, 0.9057, 0.8745, 0.8754, 0.8916,
        0.9057, 0.9240, 0.9102, 0.9004, 0.8848, 0.8721, 0.8904, 0.8861, 0.8880,
        0.8700, 0.8524, 0.8449, 0.8492, 0.8559, 0.8620, 0.9094, 0.9464, 0.9612,
        0.9774, 0.9891, 0.9944, 0.9989, 0.9991, 1.0000, 1.0000, 1.0000, 1.0000,
        1.0000, 1.0000, 1.0000, 1.0000, 1.0000, 1.0000, 1.0000, 1.0000, 1.0000,
        1.0000, 1.0000, 1.0000, 1.0000], device='cuda:0')]
