2021-01-07 16:22:35.691 | INFO     | __main__:run:12 - Namespace(batch_size=128, code_length=[12, 24, 32, 48], dataset='cifar-10', device=device(type='cuda', index=0), gamma=200, gpu=0, lr=0.0001, max_epoch=3, max_iter=20, num_query=1000, num_samples=2000, num_workers=0, root='data/', topk=-1)
2021-01-07 16:25:40.195 | INFO     | adsh:train:100 - [Training time:182.55]
2021-01-07 16:25:43.272 | INFO     | __main__:run:42 - [code_length:12][map:0.6824][Prec:tensor([1.0000, 1.0000, 0.9991, 0.9330, 0.7805, 0.4503, 0.1777, 0.1172, 0.1017,
        0.1001, 0.1000, 0.1000, 0.1000], device='cuda:0')][Reca:tensor([0.8448, 0.9271, 0.9767, 0.9782, 0.9862, 0.9855, 0.9837, 0.9938, 1.0000,
        1.0000, 1.0000, 1.0000, 1.0000], device='cuda:0')]
2021-01-07 16:28:41.406 | INFO     | adsh:train:100 - [Training time:177.84]
2021-01-07 16:28:43.779 | INFO     | __main__:run:42 - [code_length:24][map:0.7103][Prec:tensor([1.0000, 1.0000, 1.0000, 1.0000, 0.9982, 0.9917, 0.9791, 0.9442, 0.8810,
        0.8005, 0.6880, 0.4734, 0.2817, 0.1521, 0.1157, 0.1041, 0.1011, 0.1003,
        0.1000, 0.1000, 0.1000, 0.1000, 0.1000, 0.1000, 0.1000],
       device='cuda:0')][Reca:tensor([0.9158, 0.8160, 0.8557, 0.9480, 0.9717, 0.9740, 0.9792, 0.9891, 0.9845,
        0.9798, 0.9807, 0.9776, 0.9807, 0.9925, 0.9975, 0.9989, 1.0000, 1.0000,
        1.0000, 1.0000, 1.0000, 1.0000, 1.0000, 1.0000, 1.0000],
       device='cuda:0')]
2021-01-07 16:31:41.908 | INFO     | adsh:train:100 - [Training time:177.84]
2021-01-07 16:31:44.452 | INFO     | __main__:run:42 - [code_length:32][map:0.6992][Prec:tensor([1.0000, 1.0000, 1.0000, 1.0000, 1.0000, 1.0000, 0.9983, 0.9914, 0.9736,
        0.9331, 0.8881, 0.8584, 0.8075, 0.7613, 0.6505, 0.5520, 0.3548, 0.1825,
        0.1269, 0.1088, 0.1031, 0.1011, 0.1003, 0.1001, 0.1000, 0.1000, 0.1000,
        0.1000, 0.1000, 0.1000, 0.1000, 0.1000, 0.1000], device='cuda:0')][Reca:tensor([0.6414, 0.7190, 0.7482, 0.9036, 0.9211, 0.9286, 0.9493, 0.9434, 0.9538,
        0.9474, 0.9412, 0.9529, 0.9512, 0.9591, 0.9469, 0.9433, 0.9509, 0.9816,
        0.9947, 0.9963, 0.9971, 1.0000, 1.0000, 1.0000, 1.0000, 1.0000, 1.0000,
        1.0000, 1.0000, 1.0000, 1.0000, 1.0000, 1.0000], device='cuda:0')]
2021-01-07 16:34:44.724 | INFO     | adsh:train:100 - [Training time:179.98]
2021-01-07 16:34:47.236 | INFO     | __main__:run:42 - [code_length:48][map:0.6835][Prec:tensor([1.0000, 1.0000, 1.0000, 1.0000, 1.0000, 1.0000, 1.0000, 1.0000, 1.0000,
        1.0000, 0.9969, 0.9959, 0.9802, 0.9640, 0.9394, 0.9155, 0.8900, 0.8723,
        0.8333, 0.8040, 0.7654, 0.7187, 0.6605, 0.5811, 0.4329, 0.2659, 0.1636,
        0.1254, 0.1105, 0.1049, 0.1021, 0.1011, 0.1005, 0.1002, 0.1001, 0.1000,
        0.1000, 0.1000, 0.1000, 0.1000, 0.1000, 0.1000, 0.1000, 0.1000, 0.1000,
        0.1000, 0.1000, 0.1000, 0.1000], device='cuda:0')][Reca:tensor([0.8154, 0.8026, 0.8312, 0.8048, 0.8426, 0.8751, 0.9003, 0.9400, 0.9422,
        0.9427, 0.9434, 0.9606, 0.9600, 0.9629, 0.9636, 0.9615, 0.9587, 0.9629,
        0.9459, 0.9467, 0.9478, 0.9494, 0.9501, 0.9399, 0.9347, 0.9486, 0.9649,
        0.9804, 0.9839, 0.9911, 0.9937, 0.9981, 0.9997, 1.0000, 1.0000, 1.0000,
        1.0000, 1.0000, 1.0000, 1.0000, 1.0000, 1.0000, 1.0000, 1.0000, 1.0000,
        1.0000, 1.0000, 1.0000, 1.0000], device='cuda:0')]
