2021-01-07 09:31:24.475 | INFO     | __main__:run:12 - Namespace(batch_size=128, code_length=[12, 24, 32, 48], dataset='cifar-100', device=device(type='cuda', index=0), gamma=200, gpu=0, lr=0.0001, max_epoch=15, max_iter=10, num_query=1000, num_samples=3000, num_workers=0, root='data/', topk=-1)
2021-01-07 09:44:29.644 | INFO     | adsh:train:100 - [Training time:783.04]
2021-01-07 09:44:32.867 | INFO     | __main__:run:42 - [code_length:12][map:0.5289][Prec:tensor([1.0000, 1.0000, 0.9394, 0.7755, 0.4157, 0.1601, 0.0828, 0.0585, 0.0517,
        0.0502, 0.0500, 0.0500, 0.0500], device='cuda:0')][Reca:tensor([0.8581, 0.7920, 0.9657, 0.9940, 0.9968, 0.9987, 1.0000, 1.0000, 1.0000,
        1.0000, 1.0000, 1.0000, 1.0000], device='cuda:0')]
2021-01-07 09:57:34.007 | INFO     | adsh:train:100 - [Training time:780.85]
2021-01-07 09:57:36.633 | INFO     | __main__:run:42 - [code_length:24][map:0.5330][Prec:tensor([1.0000, 1.0000, 1.0000, 1.0000, 0.9994, 0.9949, 0.9654, 0.8970, 0.7950,
        0.6259, 0.3915, 0.1793, 0.0970, 0.0656, 0.0548, 0.0510, 0.0502, 0.0500,
        0.0500, 0.0500, 0.0500, 0.0500, 0.0500, 0.0500, 0.0500],
       device='cuda:0')][Reca:tensor([0.2669, 0.2514, 0.4204, 0.7008, 0.8134, 0.8715, 0.8918, 0.9039, 0.9327,
        0.9371, 0.9435, 0.9641, 0.9719, 0.9746, 0.9928, 0.9980, 1.0000, 1.0000,
        1.0000, 1.0000, 1.0000, 1.0000, 1.0000, 1.0000, 1.0000],
       device='cuda:0')]
2021-01-07 10:10:39.451 | INFO     | adsh:train:100 - [Training time:782.51]
2021-01-07 10:10:42.182 | INFO     | __main__:run:42 - [code_length:32][map:0.5770][Prec:tensor([1.0000, 1.0000, 1.0000, 1.0000, 1.0000, 1.0000, 1.0000, 1.0000, 0.9880,
        0.9426, 0.8990, 0.8227, 0.7371, 0.5831, 0.3567, 0.1831, 0.1019, 0.0698,
        0.0567, 0.0521, 0.0505, 0.0502, 0.0500, 0.0500, 0.0500, 0.0500, 0.0500,
        0.0500, 0.0500, 0.0500, 0.0500, 0.0500, 0.0500], device='cuda:0')][Reca:tensor([0.6789, 0.6119, 0.7592, 0.7978, 0.8121, 0.8529, 0.8948, 0.9322, 0.9496,
        0.9515, 0.9628, 0.9477, 0.9435, 0.9329, 0.9241, 0.9412, 0.9674, 0.9844,
        0.9880, 0.9960, 0.9990, 1.0000, 1.0000, 1.0000, 1.0000, 1.0000, 1.0000,
        1.0000, 1.0000, 1.0000, 1.0000, 1.0000, 1.0000], device='cuda:0')]
2021-01-07 10:23:41.890 | INFO     | adsh:train:100 - [Training time:779.40]
2021-01-07 10:23:44.602 | INFO     | __main__:run:42 - [code_length:48][map:0.5655][Prec:tensor([1.0000, 1.0000, 1.0000, 1.0000, 1.0000, 1.0000, 1.0000, 1.0000, 1.0000,
        1.0000, 0.9986, 0.9968, 0.9768, 0.9578, 0.9344, 0.8983, 0.8462, 0.7995,
        0.7445, 0.6720, 0.5995, 0.5088, 0.3830, 0.2207, 0.1239, 0.0816, 0.0638,
        0.0559, 0.0524, 0.0509, 0.0504, 0.0501, 0.0500, 0.0500, 0.0500, 0.0500,
        0.0500, 0.0500, 0.0500, 0.0500, 0.0500, 0.0500, 0.0500, 0.0500, 0.0500,
        0.0500, 0.0500, 0.0500, 0.0500], device='cuda:0')][Reca:tensor([0.9779, 0.8512, 0.8006, 0.9035, 0.9171, 0.8897, 0.8988, 0.9315, 0.9462,
        0.9605, 0.9727, 0.9704, 0.9675, 0.9611, 0.9712, 0.9571, 0.9567, 0.9558,
        0.9598, 0.9560, 0.9494, 0.9413, 0.9420, 0.9435, 0.9633, 0.9745, 0.9857,
        0.9931, 0.9960, 0.9980, 1.0000, 1.0000, 1.0000, 1.0000, 1.0000, 1.0000,
        1.0000, 1.0000, 1.0000, 1.0000, 1.0000, 1.0000, 1.0000, 1.0000, 1.0000,
        1.0000, 1.0000, 1.0000, 1.0000], device='cuda:0')]
