2021-01-07 00:24:14.732 | INFO     | __main__:run:12 - Namespace(batch_size=128, code_length=[12, 24, 32, 48], dataset='cifar-100', device=device(type='cuda', index=0), gamma=300.0, gpu=0, lr=0.0001, max_epoch=15, max_iter=10, num_query=1000, num_samples=2000, num_workers=0, root='data/', topk=-1)
2021-01-07 00:33:05.151 | INFO     | adsh:train:100 - [Training time:528.39]
2021-01-07 00:33:08.702 | INFO     | __main__:run:42 - [code_length:12][map:0.4534][Prec:tensor([1.0000, 0.9976, 0.9658, 0.7757, 0.3774, 0.1473, 0.0796, 0.0581, 0.0513,
        0.0502, 0.0500, 0.0500, 0.0500], device='cuda:0')][Reca:tensor([0.9315, 0.9002, 0.8991, 0.9283, 0.9387, 0.9554, 0.9727, 0.9927, 0.9950,
        1.0000, 1.0000, 1.0000, 1.0000], device='cuda:0')]
2021-01-07 00:41:51.601 | INFO     | adsh:train:100 - [Training time:522.62]
2021-01-07 00:41:54.217 | INFO     | __main__:run:42 - [code_length:24][map:0.5171][Prec:tensor([1.0000, 1.0000, 1.0000, 1.0000, 1.0000, 1.0000, 0.9661, 0.8992, 0.7937,
        0.6277, 0.3871, 0.1665, 0.0897, 0.0640, 0.0543, 0.0510, 0.0502, 0.0500,
        0.0500, 0.0500, 0.0500, 0.0500, 0.0500, 0.0500, 0.0500],
       device='cuda:0')][Reca:tensor([0.7912, 0.6376, 0.7221, 0.7921, 0.8357, 0.8664, 0.9112, 0.9253, 0.9164,
        0.9244, 0.8998, 0.9180, 0.9368, 0.9722, 0.9888, 0.9970, 0.9990, 1.0000,
        1.0000, 1.0000, 1.0000, 1.0000, 1.0000, 1.0000, 1.0000],
       device='cuda:0')]
2021-01-07 00:50:34.651 | INFO     | adsh:train:100 - [Training time:520.13]
2021-01-07 00:50:37.284 | INFO     | __main__:run:42 - [code_length:32][map:0.5182][Prec:tensor([1.0000, 1.0000, 1.0000, 1.0000, 1.0000, 1.0000, 0.9975, 0.9905, 0.9665,
        0.9140, 0.8392, 0.7512, 0.6602, 0.5251, 0.3559, 0.1864, 0.1028, 0.0696,
        0.0573, 0.0524, 0.0507, 0.0501, 0.0500, 0.0500, 0.0500, 0.0500, 0.0500,
        0.0500, 0.0500, 0.0500, 0.0500, 0.0500, 0.0500], device='cuda:0')][Reca:tensor([0.3623, 0.7097, 0.8015, 0.8839, 0.8777, 0.8802, 0.9320, 0.9572, 0.9503,
        0.9422, 0.9310, 0.9328, 0.9413, 0.9179, 0.9391, 0.9455, 0.9547, 0.9678,
        0.9890, 0.9957, 0.9990, 0.9990, 1.0000, 1.0000, 1.0000, 1.0000, 1.0000,
        1.0000, 1.0000, 1.0000, 1.0000, 1.0000, 1.0000], device='cuda:0')]
2021-01-07 00:59:18.261 | INFO     | adsh:train:100 - [Training time:520.67]
2021-01-07 00:59:21.015 | INFO     | __main__:run:42 - [code_length:48][map:0.5365][Prec:tensor([1.0000, 1.0000, 1.0000, 1.0000, 1.0000, 1.0000, 1.0000, 1.0000, 1.0000,
        1.0000, 0.9976, 0.9934, 0.9705, 0.9418, 0.9093, 0.8707, 0.8193, 0.7773,
        0.7258, 0.6561, 0.5940, 0.5015, 0.3786, 0.2426, 0.1219, 0.0796, 0.0631,
        0.0562, 0.0526, 0.0509, 0.0503, 0.0501, 0.0500, 0.0500, 0.0500, 0.0500,
        0.0500, 0.0500, 0.0500, 0.0500, 0.0500, 0.0500, 0.0500, 0.0500, 0.0500,
        0.0500, 0.0500, 0.0500, 0.0500], device='cuda:0')][Reca:tensor([0.5984, 0.8327, 0.8914, 0.9359, 0.9521, 0.9637, 0.9699, 0.9650, 0.9802,
        0.9871, 0.9802, 0.9715, 0.9479, 0.9525, 0.9562, 0.9617, 0.9517, 0.9507,
        0.9574, 0.9329, 0.9378, 0.9435, 0.9398, 0.9532, 0.9590, 0.9679, 0.9790,
        0.9943, 0.9969, 0.9970, 0.9980, 0.9990, 1.0000, 1.0000, 1.0000, 1.0000,
        1.0000, 1.0000, 1.0000, 1.0000, 1.0000, 1.0000, 1.0000, 1.0000, 1.0000,
        1.0000, 1.0000, 1.0000, 1.0000], device='cuda:0')]
