2021-01-12 11:45:55.323 | INFO     | __main__:run:12 - Namespace(batch_size=128, code_length=[12, 24, 32, 48], dataset='cifar-100f', device=device(type='cuda', index=0), gamma=200, gpu=0, lr=0.0001, max_epoch=10, max_iter=30, num_query=1000, num_samples=2000, num_workers=0, root='data/', topk=10)
2021-01-12 12:03:25.559 | INFO     | adsh:train:99 - [Training time:1048.26]
2021-01-12 12:03:28.792 | INFO     | __main__:run:42 - [code_length:12][map:0.1843][Prec:tensor([0.5780, 0.4510, 0.2632, 0.1244, 0.0555, 0.0245, 0.0152, 0.0116, 0.0104,
        0.0101, 0.0100, 0.0100, 0.0100], device='cuda:0')][Reca:tensor([0.6154, 0.6347, 0.6570, 0.7031, 0.7754, 0.8330, 0.9247, 0.9710, 0.9933,
        0.9980, 1.0000, 1.0000, 1.0000], device='cuda:0')]
2021-01-12 12:20:58.311 | INFO     | adsh:train:99 - [Training time:1049.22]
2021-01-12 12:21:00.723 | INFO     | __main__:run:42 - [code_length:24][map:0.3311][Prec:tensor([1.0000, 0.9715, 0.9177, 0.8401, 0.7765, 0.6642, 0.5227, 0.3573, 0.1851,
        0.0947, 0.0445, 0.0246, 0.0165, 0.0131, 0.0113, 0.0105, 0.0101, 0.0100,
        0.0100, 0.0100, 0.0100, 0.0100, 0.0100, 0.0100, 0.0100],
       device='cuda:0')][Reca:tensor([0.8629, 0.8532, 0.8551, 0.8589, 0.8741, 0.8554, 0.8773, 0.8848, 0.8817,
        0.8743, 0.9000, 0.9191, 0.9384, 0.9790, 0.9922, 0.9950, 0.9971, 1.0000,
        1.0000, 1.0000, 1.0000, 1.0000, 1.0000, 1.0000, 1.0000],
       device='cuda:0')]
2021-01-12 12:38:28.130 | INFO     | adsh:train:99 - [Training time:1047.11]
2021-01-12 12:38:30.556 | INFO     | __main__:run:42 - [code_length:32][map:0.3430][Prec:tensor([1.0000, 1.0000, 1.0000, 0.9752, 0.9449, 0.9192, 0.8748, 0.8284, 0.7407,
        0.6158, 0.4568, 0.3010, 0.1691, 0.0832, 0.0419, 0.0256, 0.0174, 0.0135,
        0.0117, 0.0107, 0.0103, 0.0101, 0.0100, 0.0100, 0.0100, 0.0100, 0.0100,
        0.0100, 0.0100, 0.0100, 0.0100, 0.0100, 0.0100], device='cuda:0')][Reca:tensor([0.6303, 0.9629, 0.9658, 0.9433, 0.9457, 0.9799, 0.9729, 0.9657, 0.9451,
        0.9584, 0.9250, 0.9172, 0.9307, 0.9315, 0.9327, 0.9566, 0.9736, 0.9804,
        0.9956, 0.9970, 1.0000, 1.0000, 1.0000, 1.0000, 1.0000, 1.0000, 1.0000,
        1.0000, 1.0000, 1.0000, 1.0000, 1.0000, 1.0000], device='cuda:0')]
2021-01-12 12:55:52.846 | INFO     | adsh:train:99 - [Training time:1041.99]
2021-01-12 12:55:55.387 | INFO     | __main__:run:42 - [code_length:48][map:0.4037][Prec:tensor([1.0000, 1.0000, 1.0000, 1.0000, 0.9994, 0.9995, 0.9996, 0.9961, 0.9777,
        0.9505, 0.9200, 0.8798, 0.8274, 0.7680, 0.7014, 0.6139, 0.5160, 0.4295,
        0.3261, 0.2256, 0.1375, 0.0721, 0.0389, 0.0250, 0.0181, 0.0143, 0.0123,
        0.0111, 0.0105, 0.0102, 0.0101, 0.0100, 0.0100, 0.0100, 0.0100, 0.0100,
        0.0100, 0.0100, 0.0100, 0.0100, 0.0100, 0.0100, 0.0100, 0.0100, 0.0100,
        0.0100, 0.0100, 0.0100, 0.0100], device='cuda:0')][Reca:tensor([0.9993, 0.9799, 0.9620, 0.9600, 0.9678, 0.9752, 0.9620, 0.9623, 0.9565,
        0.9481, 0.9601, 0.9663, 0.9599, 0.9443, 0.9389, 0.9398, 0.9264, 0.9398,
        0.9246, 0.9254, 0.9402, 0.9455, 0.9622, 0.9719, 0.9775, 0.9854, 0.9951,
        0.9965, 0.9979, 0.9999, 1.0000, 1.0000, 1.0000, 1.0000, 1.0000, 1.0000,
        1.0000, 1.0000, 1.0000, 1.0000, 1.0000, 1.0000, 1.0000, 1.0000, 1.0000,
        1.0000, 1.0000, 1.0000, 1.0000], device='cuda:0')]
