2021-01-07 02:23:54.266 | INFO     | __main__:run:12 - Namespace(batch_size=128, code_length=[12, 24, 32, 48], dataset='cifar-100', device=device(type='cuda', index=0), gamma=200, gpu=0, lr=0.001, max_epoch=15, max_iter=10, num_query=1000, num_samples=2000, num_workers=0, root='data/', topk=-1)
2021-01-07 02:32:34.920 | INFO     | adsh:train:100 - [Training time:518.70]
2021-01-07 02:32:38.311 | INFO     | __main__:run:42 - [code_length:12][map:0.3542][Prec:tensor([1.0000, 0.9923, 0.8410, 0.5712, 0.3241, 0.1332, 0.0742, 0.0566, 0.0511,
        0.0501, 0.0500, 0.0500, 0.0500], device='cuda:0')][Reca:tensor([0.9177, 0.8633, 0.6921, 0.6332, 0.6873, 0.7759, 0.9008, 0.9747, 0.9949,
        1.0000, 1.0000, 1.0000, 1.0000], device='cuda:0')]
2021-01-07 02:41:11.811 | INFO     | adsh:train:100 - [Training time:513.22]
2021-01-07 02:41:14.390 | INFO     | __main__:run:42 - [code_length:24][map:0.3962][Prec:tensor([1.0000, 1.0000, 1.0000, 1.0000, 0.9925, 0.9307, 0.8389, 0.6987, 0.5197,
        0.3852, 0.2535, 0.1410, 0.0835, 0.0627, 0.0545, 0.0511, 0.0503, 0.0501,
        0.0500, 0.0500, 0.0500, 0.0500, 0.0500, 0.0500, 0.0500],
       device='cuda:0')][Reca:tensor([0.6926, 0.4364, 0.4228, 0.5680, 0.6561, 0.7097, 0.7161, 0.7034, 0.6586,
        0.6396, 0.6652, 0.7410, 0.8365, 0.9229, 0.9740, 0.9919, 0.9990, 1.0000,
        1.0000, 1.0000, 1.0000, 1.0000, 1.0000, 1.0000, 1.0000],
       device='cuda:0')]
2021-01-07 02:49:48.215 | INFO     | adsh:train:100 - [Training time:513.54]
2021-01-07 02:49:50.825 | INFO     | __main__:run:42 - [code_length:32][map:0.4170][Prec:tensor([1.0000, 1.0000, 1.0000, 1.0000, 1.0000, 0.9945, 0.9923, 0.9475, 0.8552,
        0.7394, 0.6049, 0.5077, 0.4054, 0.3193, 0.2183, 0.1341, 0.0895, 0.0674,
        0.0573, 0.0527, 0.0510, 0.0502, 0.0501, 0.0500, 0.0500, 0.0500, 0.0500,
        0.0500, 0.0500, 0.0500, 0.0500, 0.0500, 0.0500], device='cuda:0')][Reca:tensor([0.0097, 0.2337, 0.3418, 0.5449, 0.6634, 0.6868, 0.7118, 0.7227, 0.6763,
        0.6571, 0.6514, 0.6495, 0.6573, 0.6995, 0.7390, 0.8149, 0.8758, 0.9188,
        0.9548, 0.9766, 0.9940, 0.9977, 1.0000, 1.0000, 1.0000, 1.0000, 1.0000,
        1.0000, 1.0000, 1.0000, 1.0000, 1.0000, 1.0000], device='cuda:0')]
2021-01-07 02:58:25.729 | INFO     | adsh:train:100 - [Training time:514.61]
2021-01-07 02:58:28.447 | INFO     | __main__:run:42 - [code_length:48][map:0.3665][Prec:tensor([1.0000, 1.0000, 1.0000, 1.0000, 1.0000, 1.0000, 1.0000, 1.0000, 1.0000,
        1.0000, 0.9880, 0.9684, 0.9191, 0.8556, 0.7771, 0.6885, 0.5984, 0.5323,
        0.4435, 0.3817, 0.3187, 0.2625, 0.1945, 0.1357, 0.0938, 0.0736, 0.0636,
        0.0571, 0.0537, 0.0519, 0.0508, 0.0504, 0.0501, 0.0500, 0.0500, 0.0500,
        0.0500, 0.0500, 0.0500, 0.0500, 0.0500, 0.0500, 0.0500, 0.0500, 0.0500,
        0.0500, 0.0500, 0.0500, 0.0500], device='cuda:0')][Reca:tensor([0.9892, 0.6734, 0.4562, 0.3939, 0.5678, 0.6483, 0.6848, 0.7174, 0.7662,
        0.8037, 0.8068, 0.7891, 0.7438, 0.7192, 0.6936, 0.6813, 0.6585, 0.6536,
        0.6271, 0.6253, 0.6404, 0.6607, 0.6848, 0.7430, 0.8104, 0.8728, 0.9324,
        0.9645, 0.9858, 0.9960, 0.9989, 1.0000, 1.0000, 1.0000, 1.0000, 1.0000,
        1.0000, 1.0000, 1.0000, 1.0000, 1.0000, 1.0000, 1.0000, 1.0000, 1.0000,
        1.0000, 1.0000, 1.0000, 1.0000], device='cuda:0')]
