2021-01-10 00:26:20.731 | INFO     | __main__:run:12 - Namespace(batch_size=128, code_length=[12, 24, 32, 48], dataset='cifar-100', device=device(type='cuda', index=0), gamma=200, gpu=0, lr=0.0001, max_epoch=10, max_iter=30, num_query=1000, num_samples=2000, num_workers=0, root='data/', topk=-1)
2021-01-10 00:43:43.084 | INFO     | adsh:train:99 - [Training time:1040.33]
2021-01-10 00:43:46.470 | INFO     | __main__:run:42 - [code_length:12][map:0.5597][Prec:tensor([0.9999, 0.9797, 0.9557, 0.8372, 0.4368, 0.1631, 0.0824, 0.0580, 0.0513,
        0.0501, 0.0500, 0.0500, 0.0500], device='cuda:0')][Reca:tensor([1.0000, 1.0000, 0.9882, 0.9904, 0.9882, 0.9889, 0.9934, 1.0000, 1.0000,
        1.0000, 1.0000, 1.0000, 1.0000], device='cuda:0')]
2021-01-10 01:00:58.246 | INFO     | adsh:train:99 - [Training time:1031.48]
2021-01-10 01:01:00.860 | INFO     | __main__:run:42 - [code_length:24][map:0.6102][Prec:tensor([1.0000, 1.0000, 1.0000, 1.0000, 1.0000, 0.9964, 0.9823, 0.9365, 0.8346,
        0.6629, 0.4506, 0.1796, 0.0935, 0.0651, 0.0541, 0.0507, 0.0501, 0.0500,
        0.0500, 0.0500, 0.0500, 0.0500, 0.0500, 0.0500, 0.0500],
       device='cuda:0')][Reca:tensor([0.2108, 0.8658, 0.8551, 0.9427, 0.9539, 0.9662, 0.9611, 0.9709, 0.9581,
        0.9474, 0.9643, 0.9767, 0.9858, 0.9938, 0.9980, 0.9990, 0.9990, 1.0000,
        1.0000, 1.0000, 1.0000, 1.0000, 1.0000, 1.0000, 1.0000],
       device='cuda:0')]
2021-01-10 01:18:13.849 | INFO     | adsh:train:99 - [Training time:1032.70]
2021-01-10 01:18:16.472 | INFO     | __main__:run:42 - [code_length:32][map:0.6183][Prec:tensor([1.0000, 1.0000, 1.0000, 1.0000, 1.0000, 1.0000, 1.0000, 0.9953, 0.9872,
        0.9646, 0.9235, 0.8626, 0.7960, 0.6662, 0.4775, 0.2099, 0.1101, 0.0708,
        0.0570, 0.0519, 0.0505, 0.0501, 0.0500, 0.0500, 0.0500, 0.0500, 0.0500,
        0.0500, 0.0500, 0.0500, 0.0500, 0.0500, 0.0500], device='cuda:0')][Reca:tensor([1.0000, 0.9144, 0.9673, 0.9972, 0.9906, 0.9872, 0.9939, 0.9942, 0.9945,
        0.9964, 0.9932, 0.9904, 0.9969, 0.9943, 0.9960, 0.9988, 0.9977, 0.9969,
        1.0000, 0.9990, 1.0000, 1.0000, 1.0000, 1.0000, 1.0000, 1.0000, 1.0000,
        1.0000, 1.0000, 1.0000, 1.0000, 1.0000, 1.0000], device='cuda:0')]
2021-01-10 01:35:31.508 | INFO     | adsh:train:99 - [Training time:1034.73]
2021-01-10 01:35:34.210 | INFO     | __main__:run:42 - [code_length:48][map:0.6151][Prec:tensor([1.0000, 1.0000, 1.0000, 1.0000, 1.0000, 1.0000, 1.0000, 1.0000, 1.0000,
        1.0000, 1.0000, 1.0000, 0.9972, 0.9927, 0.9693, 0.9351, 0.9104, 0.8674,
        0.8278, 0.7749, 0.7099, 0.6382, 0.5125, 0.2840, 0.1324, 0.0819, 0.0628,
        0.0550, 0.0520, 0.0507, 0.0502, 0.0501, 0.0500, 0.0500, 0.0500, 0.0500,
        0.0500, 0.0500, 0.0500, 0.0500, 0.0500, 0.0500, 0.0500, 0.0500, 0.0500,
        0.0500, 0.0500, 0.0500, 0.0500], device='cuda:0')][Reca:tensor([0.9678, 0.9203, 0.9461, 0.9324, 0.9630, 0.9927, 0.9953, 0.9915, 0.9896,
        0.9978, 1.0000, 1.0000, 1.0000, 0.9981, 0.9982, 0.9965, 0.9916, 0.9904,
        0.9937, 0.9909, 0.9899, 0.9944, 0.9959, 0.9902, 0.9841, 0.9818, 0.9916,
        0.9957, 0.9979, 0.9980, 0.9980, 1.0000, 1.0000, 1.0000, 1.0000, 1.0000,
        1.0000, 1.0000, 1.0000, 1.0000, 1.0000, 1.0000, 1.0000, 1.0000, 1.0000,
        1.0000, 1.0000, 1.0000, 1.0000], device='cuda:0')]
