2021-01-12 01:30:41.493 | INFO     | __main__:run:12 - Namespace(batch_size=128, code_length=[12, 24, 32, 48], dataset='cifar-10', device=device(type='cuda', index=0), gamma=200, gpu=0, lr=0.0001, max_epoch=10, max_iter=30, num_query=1000, num_samples=2000, num_workers=0, root='data/', topk=10)
2021-01-12 01:45:38.380 | INFO     | adsh:train:99 - [Training time:894.93]
2021-01-12 01:45:41.380 | INFO     | __main__:run:42 - [code_length:12][map:0.7620][Prec:tensor([1.0000, 1.0000, 0.9972, 0.9667, 0.7786, 0.4548, 0.1842, 0.1131, 0.1006,
        0.1000, 0.1000, 0.1000, 0.1000], device='cuda:0')][Reca:tensor([0.9953, 0.9874, 0.9916, 0.9998, 1.0000, 0.9997, 0.9994, 0.9997, 1.0000,
        1.0000, 1.0000, 1.0000, 1.0000], device='cuda:0')]
2021-01-12 02:00:31.748 | INFO     | adsh:train:99 - [Training time:890.09]
2021-01-12 02:00:34.082 | INFO     | __main__:run:42 - [code_length:24][map:0.7610][Prec:tensor([1.0000, 1.0000, 1.0000, 1.0000, 1.0000, 1.0000, 0.9861, 0.9729, 0.9508,
        0.9084, 0.7971, 0.5700, 0.3320, 0.1514, 0.1084, 0.1014, 0.1002, 0.1000,
        0.1000, 0.1000, 0.1000, 0.1000, 0.1000, 0.1000, 0.1000],
       device='cuda:0')][Reca:tensor([0.7312, 0.7444, 0.8302, 0.9631, 0.9786, 0.9828, 0.9730, 0.9848, 0.9789,
        0.9829, 0.9925, 0.9840, 0.9716, 0.9856, 0.9979, 1.0000, 1.0000, 1.0000,
        1.0000, 1.0000, 1.0000, 1.0000, 1.0000, 1.0000, 1.0000],
       device='cuda:0')]
2021-01-12 02:15:23.655 | INFO     | adsh:train:99 - [Training time:889.28]
2021-01-12 02:15:25.995 | INFO     | __main__:run:42 - [code_length:32][map:0.7650][Prec:tensor([1.0000, 1.0000, 1.0000, 1.0000, 1.0000, 1.0000, 1.0000, 1.0000, 0.9987,
        0.9910, 0.9722, 0.9526, 0.9413, 0.9195, 0.8839, 0.8109, 0.4771, 0.1833,
        0.1190, 0.1045, 0.1015, 0.1005, 0.1001, 0.1000, 0.1000, 0.1000, 0.1000,
        0.1000, 0.1000, 0.1000, 0.1000, 0.1000, 0.1000], device='cuda:0')][Reca:tensor([0.9879, 0.9488, 0.9416, 0.9887, 0.9953, 0.9992, 1.0000, 1.0000, 0.9984,
        0.9984, 0.9954, 0.9973, 0.9978, 0.9949, 0.9981, 0.9945, 0.9958, 0.9994,
        1.0000, 1.0000, 1.0000, 1.0000, 1.0000, 1.0000, 1.0000, 1.0000, 1.0000,
        1.0000, 1.0000, 1.0000, 1.0000, 1.0000, 1.0000], device='cuda:0')]
2021-01-12 02:30:13.201 | INFO     | adsh:train:99 - [Training time:886.91]
2021-01-12 02:30:15.652 | INFO     | __main__:run:42 - [code_length:48][map:0.7883][Prec:tensor([1.0000, 1.0000, 1.0000, 1.0000, 1.0000, 1.0000, 1.0000, 1.0000, 1.0000,
        1.0000, 1.0000, 1.0000, 1.0000, 0.9987, 0.9917, 0.9812, 0.9700, 0.9540,
        0.9422, 0.9320, 0.9229, 0.9104, 0.8943, 0.8528, 0.7702, 0.4175, 0.1679,
        0.1157, 0.1060, 0.1030, 0.1017, 0.1008, 0.1003, 0.1001, 0.1000, 0.1000,
        0.1000, 0.1000, 0.1000, 0.1000, 0.1000, 0.1000, 0.1000, 0.1000, 0.1000,
        0.1000, 0.1000, 0.1000, 0.1000], device='cuda:0')][Reca:tensor([0.6472, 0.7849, 0.9480, 0.9871, 0.9954, 0.9959, 0.9986, 0.9987, 0.9968,
        0.9985, 0.9985, 0.9974, 0.9964, 1.0000, 0.9988, 0.9978, 0.9978, 0.9952,
        0.9925, 0.9941, 0.9973, 0.9965, 0.9988, 0.9944, 0.9906, 0.9898, 0.9915,
        0.9984, 1.0000, 1.0000, 1.0000, 1.0000, 1.0000, 1.0000, 1.0000, 1.0000,
        1.0000, 1.0000, 1.0000, 1.0000, 1.0000, 1.0000, 1.0000, 1.0000, 1.0000,
        1.0000, 1.0000, 1.0000, 1.0000], device='cuda:0')]
