2021-01-07 10:45:04.438 | INFO     | __main__:run:12 - Namespace(batch_size=128, code_length=[12, 24, 32, 48], dataset='cifar-100', device=device(type='cuda', index=0), gamma=200, gpu=0, lr=0.0001, max_epoch=15, max_iter=10, num_query=1000, num_samples=3000, num_workers=0, root='data/', topk=-1)
2021-01-07 10:56:29.631 | INFO     | adsh:train:100 - [Training time:683.21]
2021-01-07 10:56:32.807 | INFO     | __main__:run:42 - [code_length:12][map:0.5199][Prec:tensor([1.0000, 0.9884, 0.9026, 0.7228, 0.3796, 0.1731, 0.0854, 0.0588, 0.0515,
        0.0502, 0.0500, 0.0500, 0.0500], device='cuda:0')][Reca:tensor([0.8286, 0.9361, 0.9434, 0.9537, 0.9709, 0.9708, 0.9775, 0.9891, 0.9970,
        1.0000, 1.0000, 1.0000, 1.0000], device='cuda:0')]
2021-01-07 11:07:33.852 | INFO     | adsh:train:100 - [Training time:660.76]
2021-01-07 11:07:36.355 | INFO     | __main__:run:42 - [code_length:24][map:0.5341][Prec:tensor([1.0000, 1.0000, 1.0000, 1.0000, 0.9979, 0.9696, 0.9307, 0.8631, 0.7804,
        0.6411, 0.4065, 0.1755, 0.0913, 0.0633, 0.0536, 0.0508, 0.0501, 0.0500,
        0.0500, 0.0500, 0.0500, 0.0500, 0.0500, 0.0500, 0.0500],
       device='cuda:0')][Reca:tensor([1.0000, 0.9098, 0.8812, 0.8948, 0.9049, 0.8831, 0.8962, 0.9136, 0.9232,
        0.9210, 0.9131, 0.9317, 0.9600, 0.9830, 0.9935, 0.9991, 1.0000, 1.0000,
        1.0000, 1.0000, 1.0000, 1.0000, 1.0000, 1.0000, 1.0000],
       device='cuda:0')]
2021-01-07 11:18:38.113 | INFO     | adsh:train:100 - [Training time:661.46]
2021-01-07 11:18:40.702 | INFO     | __main__:run:42 - [code_length:32][map:0.5399][Prec:tensor([0.0000, 1.0000, 1.0000, 1.0000, 1.0000, 1.0000, 0.9990, 0.9888, 0.9726,
        0.9374, 0.8659, 0.7705, 0.6760, 0.5573, 0.3548, 0.1868, 0.0991, 0.0681,
        0.0562, 0.0517, 0.0504, 0.0500, 0.0500, 0.0500, 0.0500, 0.0500, 0.0500,
        0.0500, 0.0500, 0.0500, 0.0500, 0.0500, 0.0500], device='cuda:0')][Reca:tensor([0.0000, 0.1281, 0.4754, 0.7350, 0.8764, 0.8785, 0.8809, 0.8869, 0.9166,
        0.9320, 0.8994, 0.8561, 0.8454, 0.8461, 0.8537, 0.8857, 0.9315, 0.9696,
        0.9861, 0.9953, 0.9990, 0.9990, 1.0000, 1.0000, 1.0000, 1.0000, 1.0000,
        1.0000, 1.0000, 1.0000, 1.0000, 1.0000, 1.0000], device='cuda:0')]
2021-01-07 11:29:43.859 | INFO     | adsh:train:100 - [Training time:662.85]
2021-01-07 11:29:46.605 | INFO     | __main__:run:42 - [code_length:48][map:0.5171][Prec:tensor([1.0000, 1.0000, 1.0000, 1.0000, 1.0000, 1.0000, 1.0000, 1.0000, 1.0000,
        1.0000, 0.9978, 0.9955, 0.9884, 0.9566, 0.9153, 0.8725, 0.8169, 0.7780,
        0.7277, 0.6387, 0.5708, 0.4785, 0.3662, 0.2097, 0.1150, 0.0769, 0.0616,
        0.0549, 0.0521, 0.0508, 0.0502, 0.0501, 0.0500, 0.0500, 0.0500, 0.0500,
        0.0500, 0.0500, 0.0500, 0.0500, 0.0500, 0.0500, 0.0500, 0.0500, 0.0500,
        0.0500, 0.0500, 0.0500, 0.0500], device='cuda:0')][Reca:tensor([0.2436, 0.6089, 0.5530, 0.6895, 0.8510, 0.8811, 0.8904, 0.8826, 0.8989,
        0.9057, 0.9147, 0.9304, 0.9316, 0.9261, 0.9142, 0.9140, 0.8881, 0.8850,
        0.8720, 0.8359, 0.8259, 0.8343, 0.8491, 0.8830, 0.9182, 0.9360, 0.9604,
        0.9808, 0.9924, 0.9955, 0.9968, 0.9992, 0.9995, 1.0000, 1.0000, 1.0000,
        1.0000, 1.0000, 1.0000, 1.0000, 1.0000, 1.0000, 1.0000, 1.0000, 1.0000,
        1.0000, 1.0000, 1.0000, 1.0000], device='cuda:0')]
