2021-01-09 00:10:37.073 | INFO     | __main__:run:12 - Namespace(batch_size=128, code_length=[12, 24, 32, 48], dataset='cifar-10', device=device(type='cuda', index=0), gamma=200, gpu=0, lr=0.0001, max_epoch=10, max_iter=50, num_query=1000, num_samples=2000, num_workers=0, root='data/', topk=-1)
2021-01-09 00:35:09.452 | INFO     | adsh:train:99 - [Training time:1470.40]
2021-01-09 00:35:12.550 | INFO     | __main__:run:42 - [code_length:12][map:0.8376][Prec:tensor([1.0000, 1.0000, 0.9993, 0.9861, 0.9071, 0.5658, 0.1857, 0.1163, 0.1019,
        0.1001, 0.1000, 0.1000, 0.1000], device='cuda:0')][Reca:tensor([0.9956, 0.9902, 0.9945, 0.9988, 0.9988, 0.9989, 0.9989, 1.0000, 1.0000,
        1.0000, 1.0000, 1.0000, 1.0000], device='cuda:0')]
2021-01-09 00:59:30.458 | INFO     | adsh:train:99 - [Training time:1457.64]
2021-01-09 00:59:32.827 | INFO     | __main__:run:42 - [code_length:24][map:0.8634][Prec:tensor([1.0000, 1.0000, 1.0000, 1.0000, 1.0000, 1.0000, 0.9970, 0.9888, 0.9759,
        0.9492, 0.8986, 0.7314, 0.3705, 0.1430, 0.1057, 0.1010, 0.1002, 0.1001,
        0.1000, 0.1000, 0.1000, 0.1000, 0.1000, 0.1000, 0.1000],
       device='cuda:0')][Reca:tensor([1.0000, 0.7102, 0.8946, 0.9876, 0.9952, 0.9976, 0.9988, 0.9999, 0.9988,
        0.9933, 0.9943, 0.9965, 0.9958, 0.9989, 0.9989, 0.9990, 1.0000, 1.0000,
        1.0000, 1.0000, 1.0000, 1.0000, 1.0000, 1.0000, 1.0000],
       device='cuda:0')]
2021-01-09 01:23:52.216 | INFO     | adsh:train:99 - [Training time:1459.10]
2021-01-09 01:23:54.664 | INFO     | __main__:run:42 - [code_length:32][map:0.8490][Prec:tensor([1.0000, 1.0000, 1.0000, 1.0000, 1.0000, 1.0000, 1.0000, 1.0000, 0.9994,
        0.9951, 0.9848, 0.9691, 0.9574, 0.9440, 0.8946, 0.8164, 0.4987, 0.1912,
        0.1166, 0.1027, 0.1009, 0.1002, 0.1001, 0.1000, 0.1000, 0.1000, 0.1000,
        0.1000, 0.1000, 0.1000, 0.1000, 0.1000, 0.1000], device='cuda:0')][Reca:tensor([1.0000, 0.9977, 0.9249, 0.9829, 0.9973, 0.9961, 0.9987, 0.9975, 0.9988,
        0.9988, 0.9987, 0.9950, 0.9987, 1.0000, 0.9952, 0.9931, 0.9967, 0.9958,
        1.0000, 0.9990, 0.9990, 0.9990, 1.0000, 1.0000, 1.0000, 1.0000, 1.0000,
        1.0000, 1.0000, 1.0000, 1.0000, 1.0000, 1.0000], device='cuda:0')]
2021-01-09 01:48:17.400 | INFO     | adsh:train:99 - [Training time:1462.45]
2021-01-09 01:48:19.911 | INFO     | __main__:run:42 - [code_length:48][map:0.8398][Prec:tensor([1.0000, 1.0000, 1.0000, 1.0000, 1.0000, 1.0000, 1.0000, 1.0000, 1.0000,
        1.0000, 1.0000, 1.0000, 1.0000, 0.9956, 0.9897, 0.9860, 0.9812, 0.9650,
        0.9530, 0.9422, 0.9349, 0.9213, 0.9062, 0.8818, 0.7802, 0.4630, 0.1560,
        0.1132, 0.1046, 0.1023, 0.1011, 0.1006, 0.1002, 0.1001, 0.1000, 0.1000,
        0.1000, 0.1000, 0.1000, 0.1000, 0.1000, 0.1000, 0.1000, 0.1000, 0.1000,
        0.1000, 0.1000, 0.1000, 0.1000], device='cuda:0')][Reca:tensor([1.0000, 0.9994, 0.9983, 0.9987, 0.9987, 0.9989, 0.9987, 0.9988, 0.9999,
        0.9999, 1.0000, 1.0000, 1.0000, 0.9987, 0.9974, 0.9999, 1.0000, 0.9976,
        0.9954, 0.9942, 0.9988, 1.0000, 0.9978, 0.9924, 0.9936, 0.9936, 0.9939,
        0.9992, 0.9982, 1.0000, 1.0000, 1.0000, 1.0000, 1.0000, 1.0000, 1.0000,
        1.0000, 1.0000, 1.0000, 1.0000, 1.0000, 1.0000, 1.0000, 1.0000, 1.0000,
        1.0000, 1.0000, 1.0000, 1.0000], device='cuda:0')]
