2021-01-08 00:21:00.731 | INFO     | __main__:run:12 - Namespace(batch_size=128, code_length=[12, 24, 32, 48], dataset='cifar-10', device=device(type='cuda', index=0), gamma=200, gpu=0, lr=0.0001, max_epoch=1, max_iter=200, num_query=1000, num_samples=2000, num_workers=0, root='data/', topk=-1)
2021-01-08 00:31:08.868 | INFO     | adsh:train:100 - [Training time:606.10]
2021-01-08 00:31:12.009 | INFO     | __main__:run:42 - [code_length:12][map:0.8209][Prec:tensor([1.0000, 1.0000, 0.9969, 0.9651, 0.7809, 0.4866, 0.2061, 0.1190, 0.1028,
        0.1001, 0.1000, 0.1000, 0.1000], device='cuda:0')][Reca:tensor([0.9864, 0.9117, 0.9771, 0.9849, 0.9856, 0.9870, 0.9954, 0.9993, 1.0000,
        1.0000, 1.0000, 1.0000, 1.0000], device='cuda:0')]
2021-01-08 00:41:17.022 | INFO     | adsh:train:100 - [Training time:604.72]
2021-01-08 00:41:19.399 | INFO     | __main__:run:42 - [code_length:24][map:0.8404][Prec:tensor([1.0000, 1.0000, 1.0000, 1.0000, 1.0000, 1.0000, 0.9981, 0.9827, 0.9598,
        0.9310, 0.8969, 0.7873, 0.3304, 0.1468, 0.1086, 0.1015, 0.1004, 0.1001,
        0.1000, 0.1000, 0.1000, 0.1000, 0.1000, 0.1000, 0.1000],
       device='cuda:0')][Reca:tensor([0.9619, 0.9087, 0.9269, 0.9611, 0.9825, 0.9956, 0.9978, 0.9950, 0.9958,
        0.9906, 0.9912, 0.9937, 0.9942, 0.9959, 0.9983, 0.9987, 1.0000, 1.0000,
        1.0000, 1.0000, 1.0000, 1.0000, 1.0000, 1.0000, 1.0000],
       device='cuda:0')]
2021-01-08 00:51:30.930 | INFO     | adsh:train:100 - [Training time:611.23]
2021-01-08 00:51:33.337 | INFO     | __main__:run:42 - [code_length:32][map:0.8249][Prec:tensor([1.0000, 1.0000, 1.0000, 1.0000, 1.0000, 1.0000, 1.0000, 1.0000, 0.9987,
        0.9914, 0.9737, 0.9583, 0.9426, 0.9206, 0.8991, 0.8593, 0.5860, 0.1812,
        0.1157, 0.1041, 0.1016, 0.1005, 0.1002, 0.1000, 0.1000, 0.1000, 0.1000,
        0.1000, 0.1000, 0.1000, 0.1000, 0.1000, 0.1000], device='cuda:0')][Reca:tensor([1.0000, 0.9997, 0.9998, 1.0000, 1.0000, 0.9947, 0.9974, 1.0000, 1.0000,
        1.0000, 0.9988, 0.9988, 0.9988, 1.0000, 0.9976, 0.9966, 0.9945, 0.9958,
        1.0000, 1.0000, 1.0000, 1.0000, 1.0000, 1.0000, 1.0000, 1.0000, 1.0000,
        1.0000, 1.0000, 1.0000, 1.0000, 1.0000, 1.0000], device='cuda:0')]
2021-01-08 01:01:57.010 | INFO     | adsh:train:100 - [Training time:623.36]
2021-01-08 01:01:59.512 | INFO     | __main__:run:42 - [code_length:48][map:0.8127][Prec:tensor([1.0000, 1.0000, 1.0000, 1.0000, 1.0000, 1.0000, 1.0000, 1.0000, 1.0000,
        1.0000, 1.0000, 1.0000, 0.9998, 0.9934, 0.9774, 0.9682, 0.9525, 0.9448,
        0.9313, 0.9216, 0.9091, 0.8929, 0.8707, 0.8340, 0.7671, 0.5108, 0.1769,
        0.1157, 0.1059, 0.1032, 0.1017, 0.1008, 0.1003, 0.1001, 0.1001, 0.1000,
        0.1000, 0.1000, 0.1000, 0.1000, 0.1000, 0.1000, 0.1000, 0.1000, 0.1000,
        0.1000, 0.1000, 0.1000, 0.1000], device='cuda:0')][Reca:tensor([0.7401, 0.8030, 0.9568, 0.9743, 0.9896, 0.9917, 0.9918, 0.9931, 0.9998,
        0.9922, 0.9928, 0.9939, 0.9912, 0.9918, 0.9887, 0.9921, 0.9907, 0.9932,
        0.9874, 0.9902, 0.9906, 0.9897, 0.9814, 0.9712, 0.9687, 0.9738, 0.9921,
        0.9991, 0.9990, 0.9998, 0.9988, 1.0000, 1.0000, 1.0000, 1.0000, 1.0000,
        1.0000, 1.0000, 1.0000, 1.0000, 1.0000, 1.0000, 1.0000, 1.0000, 1.0000,
        1.0000, 1.0000, 1.0000, 1.0000], device='cuda:0')]
