2021-01-08 09:46:01.714 | INFO     | __main__:run:12 - Namespace(batch_size=128, code_length=[12, 24, 32, 48], dataset='cifar-10', device=device(type='cuda', index=0), gamma=200, gpu=0, lr=0.0001, max_epoch=10, max_iter=30, num_query=1000, num_samples=2000, num_workers=0, root='data/', topk=-1)
2021-01-08 10:01:06.475 | INFO     | adsh:train:100 - [Training time:902.71]
2021-01-08 10:01:09.544 | INFO     | __main__:run:42 - [code_length:12][map:0.7974][Prec:tensor([1.0000, 1.0000, 0.9993, 0.9921, 0.8697, 0.5806, 0.1839, 0.1146, 0.1006,
        0.1000, 0.1000, 0.1000, 0.1000], device='cuda:0')][Reca:tensor([0.9907, 0.8932, 0.9959, 1.0000, 0.9987, 1.0000, 0.9990, 0.9990, 1.0000,
        1.0000, 1.0000, 1.0000, 1.0000], device='cuda:0')]
2021-01-08 10:15:44.342 | INFO     | adsh:train:100 - [Training time:874.51]
2021-01-08 10:15:46.704 | INFO     | __main__:run:42 - [code_length:24][map:0.8122][Prec:tensor([1.0000, 1.0000, 1.0000, 1.0000, 1.0000, 1.0000, 0.9967, 0.9885, 0.9676,
        0.9424, 0.8660, 0.6365, 0.3071, 0.1468, 0.1070, 0.1015, 0.1003, 0.1000,
        0.1000, 0.1000, 0.1000, 0.1000, 0.1000, 0.1000, 0.1000],
       device='cuda:0')][Reca:tensor([0.9232, 0.7341, 0.9730, 0.9971, 0.9943, 0.9986, 0.9974, 0.9974, 0.9987,
        1.0000, 0.9974, 0.9987, 0.9946, 0.9989, 0.9991, 1.0000, 1.0000, 1.0000,
        1.0000, 1.0000, 1.0000, 1.0000, 1.0000, 1.0000, 1.0000],
       device='cuda:0')]
2021-01-08 10:30:39.642 | INFO     | adsh:train:100 - [Training time:892.67]
2021-01-08 10:30:42.097 | INFO     | __main__:run:42 - [code_length:32][map:0.8024][Prec:tensor([1.0000, 1.0000, 1.0000, 1.0000, 1.0000, 1.0000, 1.0000, 1.0000, 0.9967,
        0.9908, 0.9786, 0.9607, 0.9380, 0.9104, 0.8676, 0.6950, 0.3601, 0.1779,
        0.1181, 0.1043, 0.1012, 0.1003, 0.1001, 0.1000, 0.1000, 0.1000, 0.1000,
        0.1000, 0.1000, 0.1000, 0.1000, 0.1000, 0.1000], device='cuda:0')][Reca:tensor([0.7152, 0.8391, 0.9219, 0.9798, 0.9883, 0.9956, 0.9958, 0.9945, 0.9906,
        0.9933, 0.9959, 0.9924, 0.9912, 0.9841, 0.9831, 0.9801, 0.9835, 0.9876,
        0.9969, 0.9990, 0.9980, 0.9990, 1.0000, 1.0000, 1.0000, 1.0000, 1.0000,
        1.0000, 1.0000, 1.0000, 1.0000, 1.0000, 1.0000], device='cuda:0')]
2021-01-08 10:45:46.692 | INFO     | adsh:train:100 - [Training time:904.30]
2021-01-08 10:45:49.219 | INFO     | __main__:run:42 - [code_length:48][map:0.8273][Prec:tensor([1.0000, 1.0000, 1.0000, 1.0000, 1.0000, 1.0000, 1.0000, 1.0000, 1.0000,
        1.0000, 1.0000, 1.0000, 1.0000, 0.9994, 0.9916, 0.9863, 0.9765, 0.9688,
        0.9588, 0.9504, 0.9360, 0.9241, 0.9001, 0.8795, 0.8093, 0.4847, 0.1706,
        0.1153, 0.1052, 0.1026, 0.1012, 0.1005, 0.1002, 0.1001, 0.1000, 0.1000,
        0.1000, 0.1000, 0.1000, 0.1000, 0.1000, 0.1000, 0.1000, 0.1000, 0.1000,
        0.1000, 0.1000, 0.1000, 0.1000], device='cuda:0')][Reca:tensor([0.7420, 0.9487, 0.9867, 0.9930, 0.9973, 0.9920, 1.0000, 1.0000, 0.9962,
        0.9987, 1.0000, 0.9975, 0.9988, 0.9975, 1.0000, 0.9987, 0.9988, 1.0000,
        0.9988, 1.0000, 0.9964, 1.0000, 0.9965, 0.9966, 0.9947, 0.9928, 0.9940,
        0.9984, 0.9990, 1.0000, 1.0000, 1.0000, 1.0000, 1.0000, 1.0000, 1.0000,
        1.0000, 1.0000, 1.0000, 1.0000, 1.0000, 1.0000, 1.0000, 1.0000, 1.0000,
        1.0000, 1.0000, 1.0000, 1.0000], device='cuda:0')]
