2021-01-06 22:40:04.260 | INFO     | __main__:run:12 - Namespace(batch_size=128, code_length=[12, 24, 32, 48], dataset='cifar-100', device=device(type='cuda', index=0), gamma=100.0, gpu=0, lr=0.0001, max_epoch=15, max_iter=10, num_query=1000, num_samples=2000, num_workers=0, root='data/', topk=-1)
2021-01-06 22:48:49.935 | INFO     | adsh:train:100 - [Training time:523.66]
2021-01-06 22:48:53.342 | INFO     | __main__:run:42 - [code_length:12][map:0.4555][Prec:tensor([1.0000, 1.0000, 0.9752, 0.8139, 0.4441, 0.1659, 0.0844, 0.0584, 0.0513,
        0.0500, 0.0500, 0.0500, 0.0500], device='cuda:0')][Reca:tensor([1.0000, 0.9731, 0.9393, 0.9380, 0.9519, 0.9739, 0.9920, 0.9972, 0.9990,
        0.9990, 1.0000, 1.0000, 1.0000], device='cuda:0')]
2021-01-06 22:57:34.412 | INFO     | adsh:train:100 - [Training time:520.79]
2021-01-06 22:57:37.064 | INFO     | __main__:run:42 - [code_length:24][map:0.5335][Prec:tensor([1.0000, 1.0000, 1.0000, 1.0000, 1.0000, 0.9950, 0.9830, 0.9098, 0.8195,
        0.6142, 0.3725, 0.1755, 0.0948, 0.0662, 0.0548, 0.0513, 0.0502, 0.0500,
        0.0500, 0.0500, 0.0500, 0.0500, 0.0500, 0.0500, 0.0500],
       device='cuda:0')][Reca:tensor([0.6670, 0.5266, 0.7561, 0.8563, 0.9303, 0.9527, 0.9683, 0.9616, 0.9796,
        0.9609, 0.9487, 0.9496, 0.9577, 0.9781, 0.9910, 1.0000, 1.0000, 1.0000,
        1.0000, 1.0000, 1.0000, 1.0000, 1.0000, 1.0000, 1.0000],
       device='cuda:0')]
2021-01-06 23:06:17.563 | INFO     | adsh:train:100 - [Training time:520.19]
2021-01-06 23:06:20.301 | INFO     | __main__:run:42 - [code_length:32][map:0.5121][Prec:tensor([1.0000, 1.0000, 1.0000, 1.0000, 1.0000, 1.0000, 0.9974, 0.9899, 0.9691,
        0.9392, 0.8702, 0.7869, 0.6587, 0.5304, 0.3434, 0.1749, 0.1026, 0.0713,
        0.0578, 0.0524, 0.0507, 0.0502, 0.0500, 0.0500, 0.0500, 0.0500, 0.0500,
        0.0500, 0.0500, 0.0500, 0.0500, 0.0500, 0.0500], device='cuda:0')][Reca:tensor([0.1641, 0.4079, 0.6471, 0.8297, 0.8982, 0.9283, 0.9528, 0.9567, 0.9528,
        0.9599, 0.9732, 0.9661, 0.9341, 0.9470, 0.9463, 0.9605, 0.9833, 0.9874,
        0.9908, 0.9950, 1.0000, 1.0000, 1.0000, 1.0000, 1.0000, 1.0000, 1.0000,
        1.0000, 1.0000, 1.0000, 1.0000, 1.0000, 1.0000], device='cuda:0')]
2021-01-06 23:14:59.701 | INFO     | adsh:train:100 - [Training time:519.10]
2021-01-06 23:15:02.434 | INFO     | __main__:run:42 - [code_length:48][map:0.4962][Prec:tensor([1.0000, 1.0000, 1.0000, 1.0000, 1.0000, 1.0000, 1.0000, 1.0000, 1.0000,
        1.0000, 1.0000, 0.9937, 0.9798, 0.9622, 0.9264, 0.8878, 0.8572, 0.8218,
        0.7642, 0.7087, 0.6232, 0.4837, 0.3601, 0.1970, 0.1166, 0.0799, 0.0640,
        0.0559, 0.0526, 0.0511, 0.0504, 0.0502, 0.0501, 0.0500, 0.0500, 0.0500,
        0.0500, 0.0500, 0.0500, 0.0500, 0.0500, 0.0500, 0.0500, 0.0500, 0.0500,
        0.0500, 0.0500, 0.0500, 0.0500], device='cuda:0')][Reca:tensor([0.9999, 0.9827, 0.9685, 0.9757, 0.9728, 0.9719, 0.9836, 0.9741, 0.9768,
        0.9794, 0.9852, 0.9833, 0.9789, 0.9813, 0.9792, 0.9826, 0.9851, 0.9878,
        0.9734, 0.9643, 0.9629, 0.9543, 0.9600, 0.9677, 0.9671, 0.9678, 0.9809,
        0.9865, 0.9942, 0.9980, 0.9991, 1.0000, 1.0000, 1.0000, 1.0000, 1.0000,
        1.0000, 1.0000, 1.0000, 1.0000, 1.0000, 1.0000, 1.0000, 1.0000, 1.0000,
        1.0000, 1.0000, 1.0000, 1.0000], device='cuda:0')]
