2021-01-07 15:51:37.537 | INFO     | __main__:run:12 - Namespace(batch_size=128, code_length=[12, 24, 32, 48], dataset='cifar-100', device=device(type='cuda', index=0), gamma=200, gpu=0, lr=0.0001, max_epoch=1, max_iter=1, num_query=1000, num_samples=1000, num_workers=0, root='data/', topk=2000)
2021-01-07 15:51:47.115 | INFO     | adsh:train:100 - [Training time:7.58]
2021-01-07 15:51:49.569 | INFO     | __main__:run:42 - [code_length:12][map:0.0646][Prec:tensor([0.0000, 0.3208, 0.1037, 0.0564, 0.0508, 0.0508, 0.0504, 0.0502, 0.0500,
        0.0500, 0.0500, 0.0500, 0.0500], device='cuda:0')][Reca:tensor([0.0000, 0.0115, 0.0303, 0.0613, 0.1804, 0.3691, 0.5992, 0.8179, 0.9486,
        0.9906, 0.9999, 1.0000, 1.0000], device='cuda:0')]
2021-01-07 15:51:51.694 | INFO     | adsh:train:100 - [Training time:1.83]
2021-01-07 15:51:54.163 | INFO     | __main__:run:42 - [code_length:24][map:0.0596][Prec:tensor([0.0000, 0.0000, 0.0000, 0.0000, 1.0000, 0.3392, 0.1261, 0.0848, 0.0600,
        0.0505, 0.0503, 0.0501, 0.0500, 0.0500, 0.0500, 0.0500, 0.0500, 0.0500,
        0.0500, 0.0500, 0.0500, 0.0500, 0.0500, 0.0500, 0.0500],
       device='cuda:0')][Reca:tensor([0.0000e+00, 0.0000e+00, 0.0000e+00, 0.0000e+00, 6.7797e-04, 7.0078e-03,
        1.2260e-02, 3.4212e-02, 7.3722e-02, 1.4392e-01, 2.6712e-01, 4.1339e-01,
        5.9227e-01, 7.6737e-01, 8.8643e-01, 9.5737e-01, 9.8358e-01, 9.9586e-01,
        9.9920e-01, 9.9998e-01, 1.0000e+00, 1.0000e+00, 1.0000e+00, 1.0000e+00,
        1.0000e+00], device='cuda:0')]
2021-01-07 15:51:56.257 | INFO     | adsh:train:100 - [Training time:1.81]
2021-01-07 15:51:58.804 | INFO     | __main__:run:42 - [code_length:32][map:0.0601][Prec:tensor([0.0000, 0.0000, 0.0000, 0.0000, 0.0000, 0.0000, 0.8333, 0.4832, 0.1774,
        0.1062, 0.0738, 0.0643, 0.0571, 0.0527, 0.0498, 0.0495, 0.0496, 0.0497,
        0.0498, 0.0499, 0.0500, 0.0500, 0.0500, 0.0500, 0.0500, 0.0500, 0.0500,
        0.0500, 0.0500, 0.0500, 0.0500, 0.0500, 0.0500], device='cuda:0')][Reca:tensor([0.0000e+00, 0.0000e+00, 0.0000e+00, 0.0000e+00, 0.0000e+00, 0.0000e+00,
        4.5198e-04, 4.0934e-04, 1.2553e-03, 4.5868e-03, 1.4725e-02, 3.8897e-02,
        8.9614e-02, 1.7114e-01, 2.9449e-01, 4.5349e-01, 6.1813e-01, 7.5979e-01,
        8.6185e-01, 9.2833e-01, 9.6845e-01, 9.8840e-01, 9.9704e-01, 9.9938e-01,
        9.9994e-01, 1.0000e+00, 1.0000e+00, 1.0000e+00, 1.0000e+00, 1.0000e+00,
        1.0000e+00, 1.0000e+00, 1.0000e+00], device='cuda:0')]
2021-01-07 15:52:00.944 | INFO     | adsh:train:100 - [Training time:1.84]
2021-01-07 15:52:03.523 | INFO     | __main__:run:42 - [code_length:48][map:0.0491][Prec:tensor([0.0000, 0.0000, 0.0000, 0.0000, 0.0000, 0.0000, 0.0000, 0.0000, 0.0000,
        0.0000, 0.0000, 1.0000, 1.0000, 0.9938, 0.7416, 0.3591, 0.1744, 0.0979,
        0.0796, 0.0689, 0.0610, 0.0543, 0.0521, 0.0503, 0.0503, 0.0502, 0.0502,
        0.0502, 0.0501, 0.0501, 0.0500, 0.0500, 0.0500, 0.0500, 0.0500, 0.0500,
        0.0500, 0.0500, 0.0500, 0.0500, 0.0500, 0.0500, 0.0500, 0.0500, 0.0500,
        0.0500, 0.0500, 0.0500, 0.0500], device='cuda:0')][Reca:tensor([0.0000e+00, 0.0000e+00, 0.0000e+00, 0.0000e+00, 0.0000e+00, 0.0000e+00,
        0.0000e+00, 0.0000e+00, 0.0000e+00, 0.0000e+00, 0.0000e+00, 3.3898e-04,
        1.6641e-03, 8.0987e-03, 3.1254e-02, 5.2528e-02, 6.2933e-02, 6.6075e-02,
        8.5211e-02, 1.1197e-01, 1.5608e-01, 2.1558e-01, 3.0486e-01, 3.9906e-01,
        5.0338e-01, 6.0145e-01, 6.9238e-01, 7.7656e-01, 8.5404e-01, 9.1597e-01,
        9.6016e-01, 9.8468e-01, 9.9484e-01, 9.9857e-01, 9.9971e-01, 9.9993e-01,
        1.0000e+00, 1.0000e+00, 1.0000e+00, 1.0000e+00, 1.0000e+00, 1.0000e+00,
        1.0000e+00, 1.0000e+00, 1.0000e+00, 1.0000e+00, 1.0000e+00, 1.0000e+00,
        1.0000e+00], device='cuda:0')]
