2021-01-10 07:49:45.721 | INFO     | __main__:run:12 - Namespace(batch_size=128, code_length=[12, 24, 32, 48], dataset='cifar-100', device=device(type='cuda', index=0), gamma=200, gpu=0, lr=0.0001, max_epoch=10, max_iter=30, num_query=1000, num_samples=2000, num_workers=0, root='data/', topk=-1)
2021-01-10 08:07:06.267 | INFO     | adsh:train:99 - [Training time:1038.30]
2021-01-10 08:07:09.675 | INFO     | __main__:run:42 - [code_length:12][map:0.5730][Prec:tensor([1.0000, 0.9949, 0.9865, 0.8616, 0.4639, 0.1586, 0.0832, 0.0595, 0.0518,
        0.0502, 0.0500, 0.0500, 0.0500], device='cuda:0')][Reca:tensor([0.8250, 0.9590, 0.9926, 0.9945, 0.9955, 1.0000, 0.9978, 1.0000, 1.0000,
        1.0000, 1.0000, 1.0000, 1.0000], device='cuda:0')]
2021-01-10 08:24:20.335 | INFO     | adsh:train:99 - [Training time:1030.38]
2021-01-10 08:24:22.911 | INFO     | __main__:run:42 - [code_length:24][map:0.6318][Prec:tensor([1.0000, 1.0000, 1.0000, 1.0000, 1.0000, 0.9944, 0.9716, 0.9268, 0.8325,
        0.6645, 0.4271, 0.1836, 0.0942, 0.0641, 0.0539, 0.0508, 0.0502, 0.0500,
        0.0500, 0.0500, 0.0500, 0.0500, 0.0500, 0.0500, 0.0500],
       device='cuda:0')][Reca:tensor([0.8167, 0.8595, 0.8717, 0.9700, 0.9897, 0.9924, 0.9895, 0.9933, 0.9893,
        0.9914, 0.9895, 0.9858, 0.9861, 0.9969, 0.9989, 0.9990, 1.0000, 1.0000,
        1.0000, 1.0000, 1.0000, 1.0000, 1.0000, 1.0000, 1.0000],
       device='cuda:0')]
2021-01-10 08:41:35.247 | INFO     | adsh:train:99 - [Training time:1032.04]
2021-01-10 08:41:37.866 | INFO     | __main__:run:42 - [code_length:32][map:0.6231][Prec:tensor([1.0000, 1.0000, 1.0000, 1.0000, 1.0000, 1.0000, 1.0000, 0.9972, 0.9777,
        0.9549, 0.9173, 0.8476, 0.7675, 0.6599, 0.4491, 0.2165, 0.1038, 0.0695,
        0.0566, 0.0519, 0.0504, 0.0501, 0.0500, 0.0500, 0.0500, 0.0500, 0.0500,
        0.0500, 0.0500, 0.0500, 0.0500, 0.0500, 0.0500], device='cuda:0')][Reca:tensor([0.6370, 0.7907, 0.8032, 0.8835, 0.9159, 0.9629, 0.9806, 0.9883, 0.9858,
        0.9890, 0.9859, 0.9768, 0.9835, 0.9886, 0.9855, 0.9866, 0.9883, 0.9913,
        0.9970, 0.9990, 0.9990, 1.0000, 1.0000, 1.0000, 1.0000, 1.0000, 1.0000,
        1.0000, 1.0000, 1.0000, 1.0000, 1.0000, 1.0000], device='cuda:0')]
2021-01-10 08:58:52.038 | INFO     | adsh:train:99 - [Training time:1033.86]
2021-01-10 08:58:54.734 | INFO     | __main__:run:42 - [code_length:48][map:0.6277][Prec:tensor([1.0000, 1.0000, 1.0000, 1.0000, 1.0000, 1.0000, 1.0000, 1.0000, 1.0000,
        1.0000, 1.0000, 0.9991, 0.9926, 0.9762, 0.9575, 0.9375, 0.9072, 0.8774,
        0.8272, 0.7756, 0.7117, 0.6269, 0.4668, 0.2682, 0.1306, 0.0801, 0.0622,
        0.0549, 0.0520, 0.0507, 0.0503, 0.0501, 0.0500, 0.0500, 0.0500, 0.0500,
        0.0500, 0.0500, 0.0500, 0.0500, 0.0500, 0.0500, 0.0500, 0.0500, 0.0500,
        0.0500, 0.0500, 0.0500, 0.0500], device='cuda:0')][Reca:tensor([0.7139, 0.9031, 0.9461, 0.9246, 0.9698, 0.9741, 0.9816, 0.9765, 0.9777,
        0.9762, 0.9920, 0.9942, 0.9998, 0.9894, 0.9896, 0.9916, 0.9919, 0.9936,
        0.9862, 0.9809, 0.9763, 0.9839, 0.9761, 0.9798, 0.9841, 0.9839, 0.9907,
        0.9970, 0.9999, 0.9990, 1.0000, 1.0000, 1.0000, 1.0000, 1.0000, 1.0000,
        1.0000, 1.0000, 1.0000, 1.0000, 1.0000, 1.0000, 1.0000, 1.0000, 1.0000,
        1.0000, 1.0000, 1.0000, 1.0000], device='cuda:0')]
