2021-01-11 21:54:45.753 | INFO     | __main__:run:12 - Namespace(batch_size=128, code_length=[12, 24, 32, 48], dataset='cifar-100c', device=device(type='cuda', index=0), gamma=200, gpu=0, lr=0.0001, max_epoch=10, max_iter=30, num_query=1000, num_samples=2000, num_workers=0, root='data/', topk=10)
2021-01-11 22:12:21.265 | INFO     | adsh:train:99 - [Training time:1053.52]
2021-01-11 22:12:24.392 | INFO     | __main__:run:42 - [code_length:12][map:0.5046][Prec:tensor([1.0000, 0.9913, 0.9542, 0.7383, 0.4190, 0.1675, 0.0809, 0.0579, 0.0513,
        0.0501, 0.0500, 0.0500, 0.0500], device='cuda:0')][Reca:tensor([0.6583, 0.9219, 0.9650, 0.9793, 0.9856, 0.9878, 0.9860, 0.9949, 0.9980,
        1.0000, 1.0000, 1.0000, 1.0000], device='cuda:0')]
2021-01-11 22:30:00.405 | INFO     | adsh:train:99 - [Training time:1055.72]
2021-01-11 22:30:02.781 | INFO     | __main__:run:42 - [code_length:24][map:0.5326][Prec:tensor([1.0000, 1.0000, 1.0000, 1.0000, 0.9989, 0.9969, 0.9818, 0.9218, 0.8448,
        0.6974, 0.4345, 0.1935, 0.0978, 0.0657, 0.0543, 0.0509, 0.0501, 0.0500,
        0.0500, 0.0500, 0.0500, 0.0500, 0.0500, 0.0500, 0.0500],
       device='cuda:0')][Reca:tensor([0.7351, 0.8476, 0.9615, 0.9895, 0.9868, 0.9938, 0.9962, 0.9929, 0.9885,
        0.9880, 0.9852, 0.9925, 0.9966, 0.9989, 1.0000, 1.0000, 1.0000, 1.0000,
        1.0000, 1.0000, 1.0000, 1.0000, 1.0000, 1.0000, 1.0000],
       device='cuda:0')]
2021-01-11 22:47:35.375 | INFO     | adsh:train:99 - [Training time:1052.30]
2021-01-11 22:47:37.758 | INFO     | __main__:run:42 - [code_length:32][map:0.5674][Prec:tensor([1.0000, 1.0000, 1.0000, 1.0000, 1.0000, 1.0000, 1.0000, 0.9991, 0.9919,
        0.9632, 0.9239, 0.8724, 0.7927, 0.6609, 0.4236, 0.1942, 0.1041, 0.0709,
        0.0572, 0.0521, 0.0505, 0.0501, 0.0500, 0.0500, 0.0500, 0.0500, 0.0500,
        0.0500, 0.0500, 0.0500, 0.0500, 0.0500, 0.0500], device='cuda:0')][Reca:tensor([1.0000, 1.0000, 0.9890, 0.9873, 0.9854, 0.9902, 0.9968, 0.9959, 0.9963,
        0.9982, 0.9960, 0.9954, 0.9985, 0.9972, 0.9942, 0.9963, 0.9971, 0.9989,
        1.0000, 1.0000, 1.0000, 1.0000, 1.0000, 1.0000, 1.0000, 1.0000, 1.0000,
        1.0000, 1.0000, 1.0000, 1.0000, 1.0000, 1.0000], device='cuda:0')]
2021-01-11 23:05:03.485 | INFO     | adsh:train:99 - [Training time:1045.43]
2021-01-11 23:05:05.956 | INFO     | __main__:run:42 - [code_length:48][map:0.5622][Prec:tensor([1.0000, 1.0000, 1.0000, 1.0000, 1.0000, 1.0000, 1.0000, 1.0000, 1.0000,
        1.0000, 1.0000, 0.9991, 0.9928, 0.9694, 0.9549, 0.9245, 0.8930, 0.8596,
        0.8176, 0.7838, 0.7180, 0.6286, 0.5078, 0.3150, 0.1298, 0.0789, 0.0612,
        0.0543, 0.0519, 0.0507, 0.0503, 0.0501, 0.0500, 0.0500, 0.0500, 0.0500,
        0.0500, 0.0500, 0.0500, 0.0500, 0.0500, 0.0500, 0.0500, 0.0500, 0.0500,
        0.0500, 0.0500, 0.0500, 0.0500], device='cuda:0')][Reca:tensor([0.7937, 0.8139, 0.9183, 0.9511, 0.9686, 0.9867, 0.9861, 0.9906, 0.9900,
        0.9924, 0.9926, 0.9927, 0.9940, 0.9890, 0.9908, 0.9854, 0.9817, 0.9834,
        0.9781, 0.9857, 0.9891, 0.9842, 0.9823, 0.9786, 0.9813, 0.9852, 0.9922,
        0.9916, 1.0000, 1.0000, 1.0000, 1.0000, 1.0000, 1.0000, 1.0000, 1.0000,
        1.0000, 1.0000, 1.0000, 1.0000, 1.0000, 1.0000, 1.0000, 1.0000, 1.0000,
        1.0000, 1.0000, 1.0000, 1.0000], device='cuda:0')]
