2021-01-07 15:41:06.183 | INFO     | __main__:run:12 - Namespace(batch_size=128, code_length=[12, 24, 32, 48], dataset='cifar-100', device=device(type='cuda', index=0), gamma=200, gpu=0, lr=0.0001, max_epoch=1, max_iter=1, num_query=1000, num_samples=2000, num_workers=0, root='data/', topk=2000)
2021-01-07 15:41:17.247 | INFO     | adsh:train:100 - [Training time:9.08]
2021-01-07 15:41:20.560 | INFO     | __main__:run:42 - [code_length:12][map:0.0660][Prec:tensor([0.2425, 0.1832, 0.0787, 0.0571, 0.0517, 0.0506, 0.0505, 0.0498, 0.0501,
        0.0500, 0.0500, 0.0500, 0.0500], device='cuda:0')][Reca:tensor([0.0030, 0.0124, 0.0315, 0.0821, 0.2026, 0.3861, 0.5993, 0.7813, 0.9096,
        0.9706, 0.9900, 0.9980, 1.0000], device='cuda:0')]
2021-01-07 15:41:24.389 | INFO     | adsh:train:100 - [Training time:3.55]
2021-01-07 15:41:26.904 | INFO     | __main__:run:42 - [code_length:24][map:0.0634][Prec:tensor([0.0000, 0.0000, 0.0000, 1.0000, 0.6551, 0.2042, 0.0892, 0.0663, 0.0558,
        0.0519, 0.0506, 0.0503, 0.0505, 0.0503, 0.0502, 0.0501, 0.0500, 0.0500,
        0.0500, 0.0500, 0.0500, 0.0500, 0.0500, 0.0500, 0.0500],
       device='cuda:0')][Reca:tensor([0.0000e+00, 0.0000e+00, 0.0000e+00, 3.3898e-04, 5.9036e-04, 1.6499e-03,
        5.2660e-03, 1.7526e-02, 5.1055e-02, 1.2092e-01, 2.4077e-01, 4.0256e-01,
        5.7997e-01, 7.3724e-01, 8.5858e-01, 9.3432e-01, 9.7389e-01, 9.9117e-01,
        9.9758e-01, 9.9943e-01, 9.9991e-01, 1.0000e+00, 1.0000e+00, 1.0000e+00,
        1.0000e+00], device='cuda:0')]
2021-01-07 15:41:30.764 | INFO     | adsh:train:100 - [Training time:3.58]
2021-01-07 15:41:33.239 | INFO     | __main__:run:42 - [code_length:32][map:0.0555][Prec:tensor([0.0000, 0.0000, 0.0000, 0.0000, 0.0000, 1.0000, 0.7101, 0.4165, 0.1987,
        0.1186, 0.0865, 0.0658, 0.0564, 0.0522, 0.0503, 0.0498, 0.0498, 0.0499,
        0.0500, 0.0501, 0.0501, 0.0501, 0.0500, 0.0500, 0.0500, 0.0500, 0.0500,
        0.0500, 0.0500, 0.0500, 0.0500, 0.0500, 0.0500], device='cuda:0')][Reca:tensor([0.0000, 0.0000, 0.0000, 0.0000, 0.0000, 0.0011, 0.0029, 0.0075, 0.0157,
        0.0294, 0.0526, 0.0849, 0.1351, 0.2077, 0.3033, 0.4227, 0.5572, 0.6920,
        0.8114, 0.9023, 0.9587, 0.9866, 0.9968, 0.9995, 1.0000, 1.0000, 1.0000,
        1.0000, 1.0000, 1.0000, 1.0000, 1.0000, 1.0000], device='cuda:0')]
2021-01-07 15:41:37.142 | INFO     | adsh:train:100 - [Training time:3.61]
2021-01-07 15:41:39.598 | INFO     | __main__:run:42 - [code_length:48][map:0.0543][Prec:tensor([0.0000, 0.0000, 0.0000, 0.0000, 0.0000, 0.0000, 1.0000, 1.0000, 1.0000,
        0.8689, 0.6873, 0.4075, 0.3091, 0.2768, 0.2436, 0.2098, 0.1762, 0.1369,
        0.1104, 0.0886, 0.0775, 0.0697, 0.0608, 0.0560, 0.0534, 0.0525, 0.0513,
        0.0509, 0.0506, 0.0504, 0.0502, 0.0502, 0.0501, 0.0501, 0.0501, 0.0500,
        0.0500, 0.0500, 0.0500, 0.0500, 0.0500, 0.0500, 0.0500, 0.0500, 0.0500,
        0.0500, 0.0500, 0.0500, 0.0500], device='cuda:0')][Reca:tensor([0.0000e+00, 0.0000e+00, 0.0000e+00, 0.0000e+00, 0.0000e+00, 0.0000e+00,
        6.7797e-04, 1.3183e-03, 4.6489e-03, 1.2712e-02, 2.5198e-02, 3.6186e-02,
        5.5624e-02, 9.0169e-02, 1.3248e-01, 1.8325e-01, 2.4010e-01, 2.7551e-01,
        3.0707e-01, 3.1911e-01, 3.4325e-01, 3.6865e-01, 3.8566e-01, 4.3320e-01,
        5.0838e-01, 6.0638e-01, 7.0142e-01, 7.9608e-01, 8.7118e-01, 9.2316e-01,
        9.5492e-01, 9.7457e-01, 9.8647e-01, 9.9363e-01, 9.9753e-01, 9.9922e-01,
        9.9982e-01, 9.9997e-01, 1.0000e+00, 1.0000e+00, 1.0000e+00, 1.0000e+00,
        1.0000e+00, 1.0000e+00, 1.0000e+00, 1.0000e+00, 1.0000e+00, 1.0000e+00,
        1.0000e+00], device='cuda:0')]
