2021-01-10 11:01:23.089 | INFO     | __main__:run:12 - Namespace(batch_size=128, code_length=[12, 24, 32, 48], dataset='cifar-100', device=device(type='cuda', index=0), gamma=200, gpu=0, lr=0.0001, max_epoch=10, max_iter=30, num_query=1000, num_samples=2000, num_workers=0, root='data/', topk=-1)
2021-01-10 11:16:05.574 | INFO     | adsh:train:99 - [Training time:880.47]
2021-01-10 11:16:08.855 | INFO     | __main__:run:42 - [code_length:12][map:0.5542][Prec:tensor([0.9883, 0.9759, 0.9498, 0.7734, 0.3992, 0.1581, 0.0804, 0.0572, 0.0512,
        0.0501, 0.0500, 0.0500, 0.0500], device='cuda:0')][Reca:tensor([0.4692, 0.8893, 0.9667, 0.9766, 0.9657, 0.9618, 0.9744, 0.9917, 1.0000,
        1.0000, 1.0000, 1.0000, 1.0000], device='cuda:0')]
2021-01-10 11:30:48.150 | INFO     | adsh:train:99 - [Training time:879.03]
2021-01-10 11:30:50.666 | INFO     | __main__:run:42 - [code_length:24][map:0.5718][Prec:tensor([1.0000, 1.0000, 1.0000, 1.0000, 1.0000, 0.9979, 0.9727, 0.9331, 0.8474,
        0.7141, 0.4580, 0.1945, 0.0949, 0.0631, 0.0530, 0.0505, 0.0500, 0.0500,
        0.0500, 0.0500, 0.0500, 0.0500, 0.0500, 0.0500, 0.0500],
       device='cuda:0')][Reca:tensor([0.6323, 0.8276, 0.8976, 0.9415, 0.9709, 0.9925, 0.9912, 0.9973, 0.9914,
        0.9890, 0.9889, 0.9791, 0.9933, 0.9958, 0.9970, 0.9990, 0.9990, 1.0000,
        1.0000, 1.0000, 1.0000, 1.0000, 1.0000, 1.0000, 1.0000],
       device='cuda:0')]
2021-01-10 11:45:39.567 | INFO     | adsh:train:99 - [Training time:888.62]
2021-01-10 11:45:42.263 | INFO     | __main__:run:42 - [code_length:32][map:0.6031][Prec:tensor([1.0000, 1.0000, 1.0000, 1.0000, 1.0000, 1.0000, 0.9990, 0.9990, 0.9782,
        0.9438, 0.9021, 0.8413, 0.7686, 0.6299, 0.4108, 0.1917, 0.1002, 0.0680,
        0.0561, 0.0518, 0.0505, 0.0501, 0.0500, 0.0500, 0.0500, 0.0500, 0.0500,
        0.0500, 0.0500, 0.0500, 0.0500, 0.0500, 0.0500], device='cuda:0')][Reca:tensor([0.4756, 0.6583, 0.7376, 0.8709, 0.9327, 0.9470, 0.9766, 0.9742, 0.9696,
        0.9646, 0.9698, 0.9628, 0.9663, 0.9609, 0.9597, 0.9659, 0.9791, 0.9868,
        0.9966, 0.9996, 1.0000, 1.0000, 1.0000, 1.0000, 1.0000, 1.0000, 1.0000,
        1.0000, 1.0000, 1.0000, 1.0000, 1.0000, 1.0000], device='cuda:0')]
2021-01-10 12:00:26.038 | INFO     | adsh:train:99 - [Training time:883.47]
2021-01-10 12:00:28.722 | INFO     | __main__:run:42 - [code_length:48][map:0.6047][Prec:tensor([1.0000, 1.0000, 1.0000, 1.0000, 1.0000, 1.0000, 1.0000, 1.0000, 1.0000,
        1.0000, 0.9983, 0.9949, 0.9861, 0.9737, 0.9451, 0.9186, 0.8877, 0.8553,
        0.8211, 0.7727, 0.7205, 0.6421, 0.5130, 0.2796, 0.1225, 0.0770, 0.0604,
        0.0544, 0.0517, 0.0505, 0.0501, 0.0500, 0.0500, 0.0500, 0.0500, 0.0500,
        0.0500, 0.0500, 0.0500, 0.0500, 0.0500, 0.0500, 0.0500, 0.0500, 0.0500,
        0.0500, 0.0500, 0.0500, 0.0500], device='cuda:0')][Reca:tensor([0.9565, 0.7710, 0.8509, 0.9084, 0.9340, 0.9731, 0.9813, 0.9862, 0.9799,
        0.9768, 0.9747, 0.9793, 0.9807, 0.9870, 0.9823, 0.9842, 0.9790, 0.9715,
        0.9734, 0.9667, 0.9594, 0.9611, 0.9476, 0.9443, 0.9446, 0.9647, 0.9783,
        0.9946, 0.9961, 0.9960, 0.9976, 0.9983, 0.9999, 0.9999, 1.0000, 1.0000,
        1.0000, 1.0000, 1.0000, 1.0000, 1.0000, 1.0000, 1.0000, 1.0000, 1.0000,
        1.0000, 1.0000, 1.0000, 1.0000], device='cuda:0')]
