2021-01-07 17:14:27.166 | INFO     | __main__:run:12 - Namespace(batch_size=128, code_length=[12, 24, 32, 48], dataset='cifar-10', device=device(type='cuda', index=0), gamma=200, gpu=0, lr=0.0001, max_epoch=3, max_iter=50, num_query=1000, num_samples=2000, num_workers=0, root='data/', topk=-1)
2021-01-07 17:23:15.416 | INFO     | adsh:train:100 - [Training time:526.28]
2021-01-07 17:23:18.686 | INFO     | __main__:run:42 - [code_length:12][map:0.8032][Prec:tensor([1.0000, 1.0000, 0.9986, 0.9812, 0.8839, 0.5423, 0.1937, 0.1167, 0.1018,
        0.1000, 0.1000, 0.1000, 0.1000], device='cuda:0')][Reca:tensor([0.5864, 0.7738, 0.9774, 0.9947, 0.9880, 0.9772, 0.9867, 0.9990, 1.0000,
        1.0000, 1.0000, 1.0000, 1.0000], device='cuda:0')]
2021-01-07 17:32:02.380 | INFO     | adsh:train:100 - [Training time:523.41]
2021-01-07 17:32:04.836 | INFO     | __main__:run:42 - [code_length:24][map:0.7593][Prec:tensor([1.0000, 1.0000, 1.0000, 1.0000, 1.0000, 1.0000, 0.9949, 0.9738, 0.9372,
        0.8934, 0.8241, 0.6871, 0.3231, 0.1624, 0.1128, 0.1031, 0.1009, 0.1002,
        0.1000, 0.1000, 0.1000, 0.1000, 0.1000, 0.1000, 0.1000],
       device='cuda:0')][Reca:tensor([1., 1., 1., 1., 1., 1., 1., 1., 1., 1., 1., 1., 1., 1., 1., 1., 1., 1.,
        1., 1., 1., 1., 1., 1., 1.], device='cuda:0')]
2021-01-07 17:40:50.863 | INFO     | adsh:train:100 - [Training time:525.73]
2021-01-07 17:40:53.410 | INFO     | __main__:run:42 - [code_length:32][map:0.7825][Prec:tensor([1.0000, 1.0000, 1.0000, 1.0000, 1.0000, 1.0000, 1.0000, 0.9993, 0.9993,
        0.9874, 0.9664, 0.9356, 0.9067, 0.8460, 0.7748, 0.6909, 0.4740, 0.2003,
        0.1267, 0.1075, 0.1027, 0.1010, 0.1003, 0.1001, 0.1000, 0.1000, 0.1000,
        0.1000, 0.1000, 0.1000, 0.1000, 0.1000, 0.1000], device='cuda:0')][Reca:tensor([1., 1., 1., 1., 1., 1., 1., 1., 1., 1., 1., 1., 1., 1., 1., 1., 1., 1.,
        1., 1., 1., 1., 1., 1., 1., 1., 1., 1., 1., 1., 1., 1., 1.],
       device='cuda:0')]
2021-01-07 17:49:40.205 | INFO     | adsh:train:100 - [Training time:526.50]
2021-01-07 17:49:42.830 | INFO     | __main__:run:42 - [code_length:48][map:0.8110][Prec:tensor([1.0000, 1.0000, 1.0000, 1.0000, 1.0000, 1.0000, 1.0000, 1.0000, 1.0000,
        1.0000, 1.0000, 1.0000, 0.9987, 0.9954, 0.9851, 0.9648, 0.9489, 0.9317,
        0.9184, 0.9011, 0.8846, 0.8615, 0.8328, 0.7991, 0.7145, 0.4725, 0.1938,
        0.1228, 0.1094, 0.1052, 0.1028, 0.1011, 0.1005, 0.1002, 0.1001, 0.1000,
        0.1000, 0.1000, 0.1000, 0.1000, 0.1000, 0.1000, 0.1000, 0.1000, 0.1000,
        0.1000, 0.1000, 0.1000, 0.1000], device='cuda:0')][Reca:tensor([0.0829, 0.9342, 0.9817, 0.9952, 0.9953, 0.9970, 0.9971, 0.9957, 0.9972,
        0.9986, 0.9959, 1.0000, 0.9973, 0.9974, 0.9974, 0.9975, 0.9963, 0.9927,
        0.9988, 1.0000, 0.9976, 0.9977, 0.9954, 0.9955, 0.9934, 0.9894, 0.9948,
        0.9980, 1.0000, 1.0000, 1.0000, 1.0000, 1.0000, 1.0000, 1.0000, 1.0000,
        1.0000, 1.0000, 1.0000, 1.0000, 1.0000, 1.0000, 1.0000, 1.0000, 1.0000,
        1.0000, 1.0000, 1.0000, 1.0000], device='cuda:0')]
