2021-01-09 15:20:28.930 | INFO     | __main__:run:12 - Namespace(batch_size=128, code_length=[12, 24, 32, 48], dataset='cifar-10', device=device(type='cuda', index=0), gamma=200, gpu=0, lr=0.0001, max_epoch=10, max_iter=50, num_query=1000, num_samples=3000, num_workers=0, root='data/', topk=-1)
2021-01-09 15:57:03.777 | INFO     | adsh:train:99 - [Training time:2192.84]
2021-01-09 15:57:06.716 | INFO     | __main__:run:42 - [code_length:12][map:0.8472][Prec:tensor([1.0000, 1.0000, 0.9994, 0.9831, 0.9450, 0.5510, 0.1765, 0.1137, 0.1006,
        0.1000, 0.1000, 0.1000, 0.1000], device='cuda:0')][Reca:tensor([0.9539, 0.9727, 0.9799, 0.9927, 0.9953, 0.9934, 0.9989, 0.9980, 1.0000,
        1.0000, 1.0000, 1.0000, 1.0000], device='cuda:0')]
2021-01-09 16:33:37.786 | INFO     | adsh:train:99 - [Training time:2190.77]
2021-01-09 16:33:40.182 | INFO     | __main__:run:42 - [code_length:24][map:0.8533][Prec:tensor([1.0000, 1.0000, 1.0000, 1.0000, 1.0000, 1.0000, 0.9988, 0.9925, 0.9747,
        0.9643, 0.9294, 0.8503, 0.3466, 0.1356, 0.1049, 0.1010, 0.1002, 0.1000,
        0.1000, 0.1000, 0.1000, 0.1000, 0.1000, 0.1000, 0.1000],
       device='cuda:0')][Reca:tensor([0.9702, 0.9949, 1.0000, 1.0000, 1.0000, 1.0000, 1.0000, 1.0000, 0.9988,
        0.9988, 1.0000, 0.9989, 0.9989, 1.0000, 1.0000, 1.0000, 1.0000, 1.0000,
        1.0000, 1.0000, 1.0000, 1.0000, 1.0000, 1.0000, 1.0000],
       device='cuda:0')]
2021-01-09 17:10:13.086 | INFO     | adsh:train:99 - [Training time:2192.61]
2021-01-09 17:10:15.565 | INFO     | __main__:run:42 - [code_length:32][map:0.8726][Prec:tensor([1.0000, 1.0000, 1.0000, 1.0000, 1.0000, 1.0000, 1.0000, 1.0000, 0.9988,
        0.9921, 0.9826, 0.9738, 0.9633, 0.9512, 0.9338, 0.8226, 0.4313, 0.1960,
        0.1228, 0.1036, 0.1008, 0.1002, 0.1000, 0.1000, 0.1000, 0.1000, 0.1000,
        0.1000, 0.1000, 0.1000, 0.1000, 0.1000, 0.1000], device='cuda:0')][Reca:tensor([1., 1., 1., 1., 1., 1., 1., 1., 1., 1., 1., 1., 1., 1., 1., 1., 1., 1.,
        1., 1., 1., 1., 1., 1., 1., 1., 1., 1., 1., 1., 1., 1., 1.],
       device='cuda:0')]
