2021-01-07 19:52:23.341 | INFO     | __main__:run:12 - Namespace(batch_size=128, code_length=[12, 24, 32, 48], dataset='cifar-10', device=device(type='cuda', index=0), gamma=200, gpu=0, lr=0.0001, max_epoch=3, max_iter=100, num_query=1000, num_samples=2000, num_workers=0, root='data/', topk=-1)
2021-01-07 20:10:12.729 | INFO     | adsh:train:100 - [Training time:1067.42]
2021-01-07 20:10:16.032 | INFO     | __main__:run:42 - [code_length:12][map:0.8236][Prec:tensor([1.0000, 1.0000, 0.9973, 0.9338, 0.7592, 0.5113, 0.1846, 0.1152, 0.1013,
        0.1001, 0.1000, 0.1000, 0.1000], device='cuda:0')][Reca:tensor([0.7710, 0.9260, 0.9960, 0.9975, 0.9987, 0.9999, 1.0000, 1.0000, 1.0000,
        1.0000, 1.0000, 1.0000, 1.0000], device='cuda:0')]
2021-01-07 20:28:02.766 | INFO     | adsh:train:100 - [Training time:1066.45]
2021-01-07 20:28:05.310 | INFO     | __main__:run:42 - [code_length:24][map:0.8030][Prec:tensor([1.0000, 1.0000, 1.0000, 1.0000, 1.0000, 1.0000, 0.9953, 0.9769, 0.9579,
        0.9164, 0.7839, 0.5952, 0.3189, 0.1480, 0.1089, 0.1016, 0.1003, 0.1001,
        0.1000, 0.1000, 0.1000, 0.1000, 0.1000, 0.1000, 0.1000],
       device='cuda:0')][Reca:tensor([0.5970, 0.7903, 0.9158, 0.9659, 0.9781, 0.9905, 0.9881, 0.9909, 0.9949,
        0.9937, 0.9845, 0.9865, 0.9830, 0.9848, 0.9980, 0.9990, 1.0000, 1.0000,
        1.0000, 1.0000, 1.0000, 1.0000, 1.0000, 1.0000, 1.0000],
       device='cuda:0')]
2021-01-07 20:45:54.832 | INFO     | adsh:train:100 - [Training time:1069.23]
2021-01-07 20:45:57.429 | INFO     | __main__:run:42 - [code_length:32][map:0.8457][Prec:tensor([1.0000, 1.0000, 1.0000, 1.0000, 1.0000, 1.0000, 1.0000, 1.0000, 0.9994,
        0.9907, 0.9767, 0.9655, 0.9486, 0.9222, 0.8896, 0.8234, 0.5694, 0.1763,
        0.1190, 0.1047, 0.1018, 0.1006, 0.1002, 0.1000, 0.1000, 0.1000, 0.1000,
        0.1000, 0.1000, 0.1000, 0.1000, 0.1000, 0.1000], device='cuda:0')][Reca:tensor([1., 1., 1., 1., 1., 1., 1., 1., 1., 1., 1., 1., 1., 1., 1., 1., 1., 1.,
        1., 1., 1., 1., 1., 1., 1., 1., 1., 1., 1., 1., 1., 1., 1.],
       device='cuda:0')]
2021-01-07 21:03:48.659 | INFO     | adsh:train:100 - [Training time:1070.93]
2021-01-07 21:03:51.322 | INFO     | __main__:run:42 - [code_length:48][map:0.8372][Prec:tensor([1.0000, 1.0000, 1.0000, 1.0000, 1.0000, 1.0000, 1.0000, 1.0000, 1.0000,
        1.0000, 1.0000, 1.0000, 0.9987, 0.9938, 0.9868, 0.9741, 0.9620, 0.9492,
        0.9396, 0.9281, 0.9180, 0.9028, 0.8849, 0.8520, 0.7264, 0.5282, 0.1634,
        0.1125, 0.1059, 0.1032, 0.1017, 0.1008, 0.1003, 0.1001, 0.1000, 0.1000,
        0.1000, 0.1000, 0.1000, 0.1000, 0.1000, 0.1000, 0.1000, 0.1000, 0.1000,
        0.1000, 0.1000, 0.1000, 0.1000], device='cuda:0')][Reca:tensor([1.0000, 0.9979, 0.9884, 0.9981, 0.9994, 0.9986, 0.9998, 0.9985, 0.9999,
        0.9986, 0.9986, 0.9960, 0.9984, 0.9985, 0.9988, 0.9988, 0.9988, 0.9976,
        1.0000, 0.9987, 0.9988, 0.9988, 0.9977, 0.9967, 0.9902, 0.9916, 0.9970,
        0.9990, 1.0000, 1.0000, 1.0000, 1.0000, 1.0000, 1.0000, 1.0000, 1.0000,
        1.0000, 1.0000, 1.0000, 1.0000, 1.0000, 1.0000, 1.0000, 1.0000, 1.0000,
        1.0000, 1.0000, 1.0000, 1.0000], device='cuda:0')]
