2021-01-11 23:06:01.545 | INFO     | __main__:run:12 - Namespace(batch_size=128, code_length=[12, 24, 32, 48], dataset='cifar-100c', device=device(type='cuda', index=0), gamma=200, gpu=0, lr=0.0001, max_epoch=10, max_iter=30, num_query=1000, num_samples=2000, num_workers=0, root='data/', topk=10)
2021-01-11 23:20:52.161 | INFO     | adsh:train:99 - [Training time:888.60]
2021-01-11 23:20:55.438 | INFO     | __main__:run:42 - [code_length:12][map:0.5171][Prec:tensor([1.0000, 0.9982, 0.9603, 0.7854, 0.4219, 0.1645, 0.0801, 0.0570, 0.0511,
        0.0501, 0.0500, 0.0500, 0.0500], device='cuda:0')][Reca:tensor([1.0000, 0.9997, 0.9996, 0.9979, 0.9953, 0.9960, 0.9935, 0.9979, 0.9980,
        1.0000, 1.0000, 1.0000, 1.0000], device='cuda:0')]
2021-01-11 23:35:40.039 | INFO     | adsh:train:99 - [Training time:884.31]
2021-01-11 23:35:42.321 | INFO     | __main__:run:42 - [code_length:24][map:0.5507][Prec:tensor([1.0000, 1.0000, 1.0000, 1.0000, 1.0000, 0.9895, 0.9558, 0.8986, 0.8149,
        0.7029, 0.4781, 0.1991, 0.0964, 0.0645, 0.0541, 0.0507, 0.0501, 0.0500,
        0.0500, 0.0500, 0.0500, 0.0500, 0.0500, 0.0500, 0.0500],
       device='cuda:0')][Reca:tensor([0.4144, 0.4814, 0.8209, 0.9382, 0.9360, 0.9408, 0.9439, 0.9540, 0.9492,
        0.9567, 0.9568, 0.9693, 0.9777, 0.9927, 0.9988, 0.9989, 1.0000, 1.0000,
        1.0000, 1.0000, 1.0000, 1.0000, 1.0000, 1.0000, 1.0000],
       device='cuda:0')]
2021-01-11 23:50:28.525 | INFO     | adsh:train:99 - [Training time:885.92]
2021-01-11 23:50:30.838 | INFO     | __main__:run:42 - [code_length:32][map:0.5774][Prec:tensor([1.0000, 1.0000, 1.0000, 1.0000, 1.0000, 1.0000, 1.0000, 0.9934, 0.9836,
        0.9529, 0.9085, 0.8377, 0.7578, 0.6310, 0.4279, 0.2083, 0.1037, 0.0697,
        0.0563, 0.0518, 0.0504, 0.0501, 0.0500, 0.0500, 0.0500, 0.0500, 0.0500,
        0.0500, 0.0500, 0.0500, 0.0500, 0.0500, 0.0500], device='cuda:0')][Reca:tensor([0.1669, 0.7914, 0.8047, 0.8283, 0.9114, 0.9321, 0.9478, 0.9475, 0.9711,
        0.9743, 0.9754, 0.9647, 0.9613, 0.9687, 0.9647, 0.9708, 0.9813, 0.9896,
        0.9949, 0.9979, 0.9980, 0.9990, 1.0000, 1.0000, 1.0000, 1.0000, 1.0000,
        1.0000, 1.0000, 1.0000, 1.0000, 1.0000, 1.0000], device='cuda:0')]
2021-01-12 00:05:21.913 | INFO     | adsh:train:99 - [Training time:890.77]
2021-01-12 00:05:24.404 | INFO     | __main__:run:42 - [code_length:48][map:0.5861][Prec:tensor([1.0000, 1.0000, 1.0000, 1.0000, 1.0000, 1.0000, 1.0000, 1.0000, 1.0000,
        1.0000, 1.0000, 1.0000, 0.9965, 0.9724, 0.9594, 0.9335, 0.8994, 0.8636,
        0.8238, 0.7784, 0.7387, 0.6491, 0.5184, 0.3174, 0.1330, 0.0771, 0.0603,
        0.0539, 0.0518, 0.0505, 0.0501, 0.0500, 0.0500, 0.0500, 0.0500, 0.0500,
        0.0500, 0.0500, 0.0500, 0.0500, 0.0500, 0.0500, 0.0500, 0.0500, 0.0500,
        0.0500, 0.0500, 0.0500, 0.0500], device='cuda:0')][Reca:tensor([0.9413, 0.9326, 0.9816, 0.9639, 0.9531, 0.9517, 0.9670, 0.9800, 0.9809,
        0.9833, 0.9821, 0.9928, 0.9947, 0.9799, 0.9820, 0.9842, 0.9845, 0.9746,
        0.9713, 0.9706, 0.9808, 0.9778, 0.9654, 0.9671, 0.9755, 0.9809, 0.9897,
        0.9909, 0.9960, 0.9960, 0.9980, 0.9980, 0.9990, 0.9990, 0.9990, 0.9990,
        1.0000, 1.0000, 1.0000, 1.0000, 1.0000, 1.0000, 1.0000, 1.0000, 1.0000,
        1.0000, 1.0000, 1.0000, 1.0000], device='cuda:0')]
