2021-01-06 00:33:34.351 | INFO     | __main__:run:12 - Namespace(batch_size=64, code_length=[12, 24, 32, 48], dataset='cifar-100', device=device(type='cuda', index=0), gamma=200, gpu=0, lr=0.0001, max_epoch=3, max_iter=3, num_query=1000, num_samples=2000, num_workers=0, root='data/', topk=-1)
2021-01-06 00:34:13.636 | INFO     | adsh:train:100 - [Training time:37.33]
2021-01-06 00:34:16.655 | INFO     | __main__:run:42 - [code_length:12][map:0.2792][Prec:tensor([0.8885, 0.7702, 0.4710, 0.2808, 0.1595, 0.0974, 0.0698, 0.0577, 0.0523,
        0.0504, 0.0501, 0.0500, 0.0500], device='cuda:0')][Reca:tensor([0.2881, 0.3186, 0.3634, 0.4317, 0.5435, 0.6846, 0.8248, 0.9304, 0.9862,
        0.9987, 1.0000, 1.0000, 1.0000], device='cuda:0')]
2021-01-06 00:34:50.500 | INFO     | adsh:train:100 - [Training time:33.56]
2021-01-06 00:34:53.142 | INFO     | __main__:run:42 - [code_length:24][map:0.2701][Prec:tensor([1.0000, 1.0000, 1.0000, 0.9886, 0.8990, 0.7002, 0.4882, 0.3521, 0.2567,
        0.1889, 0.1427, 0.1018, 0.0771, 0.0647, 0.0576, 0.0531, 0.0517, 0.0505,
        0.0502, 0.0500, 0.0500, 0.0500, 0.0500, 0.0500, 0.0500],
       device='cuda:0')][Reca:tensor([0.3699, 0.4252, 0.4567, 0.4932, 0.4634, 0.4262, 0.4095, 0.4293, 0.4526,
        0.5055, 0.6272, 0.7200, 0.8066, 0.8895, 0.9429, 0.9668, 0.9917, 0.9953,
        0.9991, 1.0000, 1.0000, 1.0000, 1.0000, 1.0000, 1.0000],
       device='cuda:0')]
2021-01-06 00:35:27.020 | INFO     | adsh:train:100 - [Training time:33.58]
2021-01-06 00:35:29.670 | INFO     | __main__:run:42 - [code_length:32][map:0.2935][Prec:tensor([1.0000, 1.0000, 0.9977, 0.9736, 0.9437, 0.9478, 0.8995, 0.7774, 0.6525,
        0.5280, 0.4031, 0.3027, 0.2393, 0.1834, 0.1340, 0.1001, 0.0790, 0.0662,
        0.0587, 0.0543, 0.0520, 0.0508, 0.0503, 0.0501, 0.0500, 0.0500, 0.0500,
        0.0500, 0.0500, 0.0500, 0.0500, 0.0500, 0.0500], device='cuda:0')][Reca:tensor([0.1114, 0.2844, 0.4617, 0.7166, 0.6573, 0.5785, 0.5421, 0.5268, 0.5207,
        0.5466, 0.5457, 0.5273, 0.5360, 0.5800, 0.6428, 0.7241, 0.8017, 0.8751,
        0.9283, 0.9637, 0.9865, 0.9951, 0.9999, 1.0000, 1.0000, 1.0000, 1.0000,
        1.0000, 1.0000, 1.0000, 1.0000, 1.0000, 1.0000], device='cuda:0')]
2021-01-06 00:36:04.319 | INFO     | adsh:train:100 - [Training time:34.33]
2021-01-06 00:36:07.047 | INFO     | __main__:run:42 - [code_length:48][map:0.3014][Prec:tensor([1.0000, 1.0000, 1.0000, 1.0000, 1.0000, 1.0000, 1.0000, 0.9863, 0.9685,
        0.9073, 0.8563, 0.8096, 0.7099, 0.6323, 0.5267, 0.4541, 0.3810, 0.3264,
        0.2736, 0.2272, 0.1899, 0.1529, 0.1226, 0.1015, 0.0853, 0.0743, 0.0665,
        0.0609, 0.0564, 0.0538, 0.0522, 0.0511, 0.0505, 0.0501, 0.0501, 0.0500,
        0.0500, 0.0500, 0.0500, 0.0500, 0.0500, 0.0500, 0.0500, 0.0500, 0.0500,
        0.0500, 0.0500, 0.0500, 0.0500], device='cuda:0')][Reca:tensor([0.0010, 0.0064, 0.4990, 0.5582, 0.5680, 0.4961, 0.3841, 0.3987, 0.4122,
        0.4477, 0.4925, 0.5246, 0.5283, 0.5761, 0.5730, 0.5843, 0.5988, 0.6045,
        0.6153, 0.6294, 0.6655, 0.6974, 0.7198, 0.7719, 0.8118, 0.8603, 0.9015,
        0.9396, 0.9613, 0.9786, 0.9909, 0.9976, 0.9989, 0.9990, 1.0000, 1.0000,
        1.0000, 1.0000, 1.0000, 1.0000, 1.0000, 1.0000, 1.0000, 1.0000, 1.0000,
        1.0000, 1.0000, 1.0000, 1.0000], device='cuda:0')]
