2021-01-11 13:51:11.074 | INFO     | __main__:run:12 - Namespace(batch_size=128, code_length=[12, 24, 32, 48], dataset='cifar-10', device=device(type='cuda', index=0), gamma=200, gpu=0, lr=0.0001, max_epoch=10, max_iter=30, num_query=1000, num_samples=2000, num_workers=0, root='data/', topk=1000)
2021-01-11 14:08:43.085 | INFO     | adsh:train:99 - [Training time:1049.52]
2021-01-11 14:08:46.243 | INFO     | __main__:run:42 - [code_length:12][map:0.7159][Prec:tensor([1.0000, 1.0000, 0.9547, 0.8683, 0.8227, 0.5178, 0.1945, 0.1143, 0.1007,
        0.1000, 0.1000, 0.1000, 0.1000], device='cuda:0')][Reca:tensor([0.9212, 0.9174, 0.9742, 0.9887, 0.9881, 0.9880, 0.9919, 0.9990, 0.9999,
        1.0000, 1.0000, 1.0000, 1.0000], device='cuda:0')]
2021-01-11 14:26:22.584 | INFO     | adsh:train:99 - [Training time:1056.06]
2021-01-11 14:26:24.985 | INFO     | __main__:run:42 - [code_length:24][map:0.7690][Prec:tensor([1.0000, 1.0000, 1.0000, 1.0000, 1.0000, 1.0000, 0.9967, 0.9790, 0.9549,
        0.9280, 0.8832, 0.7047, 0.3692, 0.1538, 0.1070, 0.1016, 0.1004, 0.1001,
        0.1000, 0.1000, 0.1000, 0.1000, 0.1000, 0.1000, 0.1000],
       device='cuda:0')][Reca:tensor([1., 1., 1., 1., 1., 1., 1., 1., 1., 1., 1., 1., 1., 1., 1., 1., 1., 1.,
        1., 1., 1., 1., 1., 1., 1.], device='cuda:0')]
2021-01-11 14:43:53.041 | INFO     | adsh:train:99 - [Training time:1047.75]
2021-01-11 14:43:55.588 | INFO     | __main__:run:42 - [code_length:32][map:0.7976][Prec:tensor([1.0000, 1.0000, 1.0000, 1.0000, 1.0000, 1.0000, 1.0000, 1.0000, 1.0000,
        0.9910, 0.9756, 0.9593, 0.9428, 0.9255, 0.8718, 0.7154, 0.4606, 0.1999,
        0.1189, 0.1038, 0.1015, 0.1004, 0.1001, 0.1001, 0.1000, 0.1000, 0.1000,
        0.1000, 0.1000, 0.1000, 0.1000, 0.1000, 0.1000], device='cuda:0')][Reca:tensor([0.7347, 0.9200, 0.9854, 0.9973, 0.9973, 0.9987, 1.0000, 0.9969, 0.9994,
        0.9976, 0.9976, 0.9976, 0.9977, 0.9954, 0.9842, 0.9910, 0.9884, 0.9938,
        0.9970, 0.9990, 1.0000, 1.0000, 1.0000, 1.0000, 1.0000, 1.0000, 1.0000,
        1.0000, 1.0000, 1.0000, 1.0000, 1.0000, 1.0000], device='cuda:0')]
2021-01-11 15:01:24.420 | INFO     | adsh:train:99 - [Training time:1048.53]
2021-01-11 15:01:26.983 | INFO     | __main__:run:42 - [code_length:48][map:0.8050][Prec:tensor([1.0000, 1.0000, 1.0000, 1.0000, 1.0000, 1.0000, 1.0000, 1.0000, 1.0000,
        1.0000, 1.0000, 1.0000, 1.0000, 0.9968, 0.9919, 0.9807, 0.9665, 0.9570,
        0.9476, 0.9405, 0.9276, 0.9181, 0.8925, 0.8413, 0.7234, 0.4461, 0.1752,
        0.1150, 0.1060, 0.1028, 0.1015, 0.1007, 0.1003, 0.1001, 0.1000, 0.1000,
        0.1000, 0.1000, 0.1000, 0.1000, 0.1000, 0.1000, 0.1000, 0.1000, 0.1000,
        0.1000, 0.1000, 0.1000, 0.1000], device='cuda:0')][Reca:tensor([0.8460, 0.9071, 0.9948, 0.9978, 0.9959, 0.9979, 0.9993, 1.0000, 0.9987,
        1.0000, 1.0000, 0.9993, 0.9986, 0.9993, 1.0000, 1.0000, 1.0000, 1.0000,
        0.9970, 0.9982, 0.9988, 0.9988, 0.9988, 1.0000, 0.9989, 0.9968, 0.9922,
        0.9984, 1.0000, 1.0000, 1.0000, 1.0000, 1.0000, 1.0000, 1.0000, 1.0000,
        1.0000, 1.0000, 1.0000, 1.0000, 1.0000, 1.0000, 1.0000, 1.0000, 1.0000,
        1.0000, 1.0000, 1.0000, 1.0000], device='cuda:0')]
