2021-01-08 19:17:46.209 | INFO     | __main__:run:12 - Namespace(batch_size=128, code_length=[12, 24, 32, 48], dataset='cifar-10', device=device(type='cuda', index=0), gamma=200, gpu=0, lr=0.0001, max_epoch=10, max_iter=30, num_query=1000, num_samples=2000, num_workers=0, root='data/', topk=-1)
2021-01-08 19:35:18.186 | INFO     | adsh:train:100 - [Training time:1050.00]
2021-01-08 19:35:21.552 | INFO     | __main__:run:42 - [code_length:12][map:0.8212][Prec:tensor([1.0000, 1.0000, 1.0000, 0.9831, 0.8867, 0.6103, 0.1943, 0.1139, 0.1015,
        0.1001, 0.1000, 0.1000, 0.1000], device='cuda:0')][Reca:tensor([0.8436, 0.7917, 0.9876, 0.9962, 0.9988, 0.9967, 0.9978, 1.0000, 1.0000,
        1.0000, 1.0000, 1.0000, 1.0000], device='cuda:0')]
2021-01-08 19:52:44.014 | INFO     | adsh:train:100 - [Training time:1042.17]
2021-01-08 19:52:46.528 | INFO     | __main__:run:42 - [code_length:24][map:0.8171][Prec:tensor([1.0000, 1.0000, 1.0000, 1.0000, 1.0000, 0.9993, 0.9935, 0.9738, 0.9524,
        0.9239, 0.8501, 0.6636, 0.3291, 0.1511, 0.1098, 0.1018, 0.1005, 0.1001,
        0.1000, 0.1000, 0.1000, 0.1000, 0.1000, 0.1000, 0.1000],
       device='cuda:0')][Reca:tensor([0.8147, 0.9005, 0.9725, 0.9914, 0.9973, 0.9960, 0.9961, 0.9987, 0.9975,
        0.9963, 0.9976, 0.9922, 0.9915, 0.9990, 1.0000, 1.0000, 1.0000, 1.0000,
        1.0000, 1.0000, 1.0000, 1.0000, 1.0000, 1.0000, 1.0000],
       device='cuda:0')]
2021-01-08 20:10:16.988 | INFO     | adsh:train:100 - [Training time:1050.17]
2021-01-08 20:10:19.573 | INFO     | __main__:run:42 - [code_length:32][map:0.8071][Prec:tensor([1.0000, 1.0000, 1.0000, 1.0000, 1.0000, 1.0000, 1.0000, 1.0000, 0.9973,
        0.9921, 0.9738, 0.9546, 0.9415, 0.9181, 0.8906, 0.8042, 0.4579, 0.1846,
        0.1209, 0.1049, 0.1017, 0.1006, 0.1001, 0.1001, 0.1000, 0.1000, 0.1000,
        0.1000, 0.1000, 0.1000, 0.1000, 0.1000, 0.1000], device='cuda:0')][Reca:tensor([0.8055, 0.8762, 0.9781, 0.9945, 0.9986, 1.0000, 0.9953, 0.9980, 0.9973,
        0.9974, 0.9974, 1.0000, 1.0000, 0.9952, 0.9935, 0.9903, 0.9819, 0.9874,
        0.9980, 0.9995, 1.0000, 1.0000, 0.9990, 1.0000, 1.0000, 1.0000, 1.0000,
        1.0000, 1.0000, 1.0000, 1.0000, 1.0000, 1.0000], device='cuda:0')]
2021-01-08 20:27:50.687 | INFO     | adsh:train:100 - [Training time:1050.80]
2021-01-08 20:27:53.329 | INFO     | __main__:run:42 - [code_length:48][map:0.7750][Prec:tensor([1.0000, 1.0000, 1.0000, 1.0000, 1.0000, 1.0000, 1.0000, 1.0000, 1.0000,
        1.0000, 1.0000, 1.0000, 1.0000, 1.0000, 0.9931, 0.9779, 0.9645, 0.9524,
        0.9416, 0.9296, 0.9084, 0.8880, 0.8645, 0.8268, 0.6660, 0.3432, 0.1843,
        0.1237, 0.1066, 0.1033, 0.1017, 0.1007, 0.1003, 0.1001, 0.1000, 0.1000,
        0.1000, 0.1000, 0.1000, 0.1000, 0.1000, 0.1000, 0.1000, 0.1000, 0.1000,
        0.1000, 0.1000, 0.1000, 0.1000], device='cuda:0')][Reca:tensor([1., 1., 1., 1., 1., 1., 1., 1., 1., 1., 1., 1., 1., 1., 1., 1., 1., 1.,
        1., 1., 1., 1., 1., 1., 1., 1., 1., 1., 1., 1., 1., 1., 1., 1., 1., 1.,
        1., 1., 1., 1., 1., 1., 1., 1., 1., 1., 1., 1., 1.], device='cuda:0')]
