2021-01-10 12:18:04.932 | INFO     | __main__:run:12 - Namespace(batch_size=128, code_length=[12, 24, 32, 48], dataset='cifar-100', device=device(type='cuda', index=0), gamma=200, gpu=0, lr=0.0001, max_epoch=10, max_iter=30, num_query=1000, num_samples=2000, num_workers=0, root='data/', topk=-1)
2021-01-10 12:32:49.852 | INFO     | adsh:train:99 - [Training time:882.90]
2021-01-10 12:32:53.129 | INFO     | __main__:run:42 - [code_length:12][map:0.1801][Prec:tensor([0.5402, 0.4044, 0.2452, 0.1265, 0.0498, 0.0222, 0.0143, 0.0115, 0.0104,
        0.0100, 0.0100, 0.0100, 0.0100], device='cuda:0')][Reca:tensor([0.6866, 0.6073, 0.5734, 0.5753, 0.6534, 0.7620, 0.8784, 0.9619, 0.9925,
        0.9965, 1.0000, 1.0000, 1.0000], device='cuda:0')]
2021-01-10 12:47:46.728 | INFO     | adsh:train:99 - [Training time:893.32]
2021-01-10 12:47:49.244 | INFO     | __main__:run:42 - [code_length:24][map:0.3586][Prec:tensor([0.9772, 0.9314, 0.9017, 0.8255, 0.7427, 0.6378, 0.4604, 0.2936, 0.1688,
        0.0874, 0.0424, 0.0245, 0.0165, 0.0130, 0.0112, 0.0104, 0.0101, 0.0100,
        0.0100, 0.0100, 0.0100, 0.0100, 0.0100, 0.0100, 0.0100],
       device='cuda:0')][Reca:tensor([0.7271, 0.8991, 0.8965, 0.8624, 0.8887, 0.8699, 0.8293, 0.8170, 0.8072,
        0.8387, 0.8572, 0.8975, 0.9353, 0.9701, 0.9826, 0.9966, 0.9965, 0.9996,
        0.9996, 1.0000, 1.0000, 1.0000, 1.0000, 1.0000, 1.0000],
       device='cuda:0')]
2021-01-10 13:02:31.509 | INFO     | adsh:train:99 - [Training time:881.97]
2021-01-10 13:02:34.088 | INFO     | __main__:run:42 - [code_length:32][map:0.3795][Prec:tensor([1.0000, 0.9884, 0.9905, 0.9315, 0.8842, 0.8236, 0.7336, 0.6452, 0.5377,
        0.4167, 0.3151, 0.2225, 0.1387, 0.0745, 0.0394, 0.0239, 0.0169, 0.0133,
        0.0115, 0.0107, 0.0103, 0.0101, 0.0100, 0.0100, 0.0100, 0.0100, 0.0100,
        0.0100, 0.0100, 0.0100, 0.0100, 0.0100, 0.0100], device='cuda:0')][Reca:tensor([0.8444, 0.8606, 0.8915, 0.9060, 0.8225, 0.7981, 0.7895, 0.7624, 0.7655,
        0.7493, 0.7504, 0.7646, 0.8050, 0.8405, 0.8676, 0.9112, 0.9434, 0.9630,
        0.9813, 0.9935, 0.9982, 0.9991, 1.0000, 1.0000, 1.0000, 1.0000, 1.0000,
        1.0000, 1.0000, 1.0000, 1.0000, 1.0000, 1.0000], device='cuda:0')]
2021-01-10 13:17:13.399 | INFO     | adsh:train:99 - [Training time:879.01]
2021-01-10 13:17:16.041 | INFO     | __main__:run:42 - [code_length:48][map:0.3914][Prec:tensor([1.0000, 1.0000, 1.0000, 0.9997, 0.9790, 0.9592, 0.9463, 0.9213, 0.9086,
        0.8528, 0.8143, 0.7583, 0.7004, 0.6101, 0.5295, 0.4456, 0.3748, 0.3086,
        0.2436, 0.1753, 0.1161, 0.0636, 0.0360, 0.0235, 0.0173, 0.0139, 0.0121,
        0.0111, 0.0105, 0.0102, 0.0101, 0.0100, 0.0100, 0.0100, 0.0100, 0.0100,
        0.0100, 0.0100, 0.0100, 0.0100, 0.0100, 0.0100, 0.0100, 0.0100, 0.0100,
        0.0100, 0.0100, 0.0100, 0.0100], device='cuda:0')][Reca:tensor([0.8287, 0.8667, 0.9000, 0.9499, 0.9432, 0.9214, 0.9231, 0.9223, 0.9293,
        0.8923, 0.8706, 0.8439, 0.8236, 0.7910, 0.7578, 0.7309, 0.7412, 0.7425,
        0.7563, 0.7825, 0.8146, 0.8468, 0.8841, 0.9096, 0.9379, 0.9592, 0.9760,
        0.9887, 0.9920, 0.9973, 0.9988, 0.9997, 0.9999, 1.0000, 1.0000, 1.0000,
        1.0000, 1.0000, 1.0000, 1.0000, 1.0000, 1.0000, 1.0000, 1.0000, 1.0000,
        1.0000, 1.0000, 1.0000, 1.0000], device='cuda:0')]
