2021-01-09 19:28:41.194 | INFO     | __main__:run:12 - Namespace(batch_size=128, code_length=[12, 24, 32, 48], dataset='cifar-10', device=device(type='cuda', index=0), gamma=200, gpu=0, lr=0.0001, max_epoch=10, max_iter=50, num_query=1000, num_samples=2000, num_workers=0, root='data/', topk=-1)
2021-01-09 19:57:31.428 | INFO     | adsh:train:99 - [Training time:1728.24]
2021-01-09 19:57:34.700 | INFO     | __main__:run:42 - [code_length:12][map:0.8488][Prec:tensor([1.0000, 1.0000, 0.9994, 0.9778, 0.8995, 0.4821, 0.2207, 0.1117, 0.1010,
        0.1000, 0.1000, 0.1000, 0.1000], device='cuda:0')][Reca:tensor([1., 1., 1., 1., 1., 1., 1., 1., 1., 1., 1., 1., 1.], device='cuda:0')]
2021-01-09 20:26:21.608 | INFO     | adsh:train:99 - [Training time:1726.63]
2021-01-09 20:26:24.083 | INFO     | __main__:run:42 - [code_length:24][map:0.8369][Prec:tensor([1.0000, 1.0000, 1.0000, 1.0000, 1.0000, 1.0000, 0.9985, 0.9805, 0.9628,
        0.9427, 0.9074, 0.7579, 0.3624, 0.1441, 0.1085, 0.1017, 0.1002, 0.1000,
        0.1000, 0.1000, 0.1000, 0.1000, 0.1000, 0.1000, 0.1000],
       device='cuda:0')][Reca:tensor([0.9881, 0.9110, 0.9751, 0.9917, 0.9941, 0.9968, 0.9969, 0.9951, 0.9964,
        0.9950, 0.9946, 0.9915, 0.9912, 0.9947, 0.9990, 0.9995, 1.0000, 1.0000,
        1.0000, 1.0000, 1.0000, 1.0000, 1.0000, 1.0000, 1.0000],
       device='cuda:0')]
2021-01-09 20:55:06.685 | INFO     | adsh:train:99 - [Training time:1722.31]
2021-01-09 20:55:09.354 | INFO     | __main__:run:42 - [code_length:32][map:0.8468][Prec:tensor([1.0000, 1.0000, 1.0000, 1.0000, 1.0000, 1.0000, 1.0000, 1.0000, 0.9981,
        0.9924, 0.9827, 0.9705, 0.9569, 0.9373, 0.8998, 0.7521, 0.5082, 0.2280,
        0.1207, 0.1039, 0.1013, 0.1004, 0.1002, 0.1001, 0.1000, 0.1000, 0.1000,
        0.1000, 0.1000, 0.1000, 0.1000, 0.1000, 0.1000], device='cuda:0')][Reca:tensor([1., 1., 1., 1., 1., 1., 1., 1., 1., 1., 1., 1., 1., 1., 1., 1., 1., 1.,
        1., 1., 1., 1., 1., 1., 1., 1., 1., 1., 1., 1., 1., 1., 1.],
       device='cuda:0')]
2021-01-09 21:24:03.957 | INFO     | adsh:train:99 - [Training time:1734.30]
2021-01-09 21:24:06.590 | INFO     | __main__:run:42 - [code_length:48][map:0.8559][Prec:tensor([1.0000, 1.0000, 1.0000, 1.0000, 1.0000, 1.0000, 1.0000, 1.0000, 1.0000,
        1.0000, 1.0000, 1.0000, 1.0000, 0.9982, 0.9905, 0.9785, 0.9717, 0.9630,
        0.9546, 0.9437, 0.9278, 0.9207, 0.9078, 0.8864, 0.7396, 0.3800, 0.1666,
        0.1151, 0.1049, 0.1027, 0.1012, 0.1005, 0.1003, 0.1001, 0.1001, 0.1000,
        0.1000, 0.1000, 0.1000, 0.1000, 0.1000, 0.1000, 0.1000, 0.1000, 0.1000,
        0.1000, 0.1000, 0.1000, 0.1000], device='cuda:0')][Reca:tensor([1.0000, 0.9714, 0.9678, 0.9846, 0.9980, 1.0000, 0.9987, 1.0000, 1.0000,
        1.0000, 1.0000, 0.9988, 1.0000, 1.0000, 0.9970, 0.9994, 1.0000, 0.9994,
        0.9976, 0.9994, 0.9977, 0.9989, 0.9989, 0.9989, 0.9989, 0.9958, 0.9949,
        1.0000, 1.0000, 1.0000, 1.0000, 1.0000, 1.0000, 1.0000, 1.0000, 1.0000,
        1.0000, 1.0000, 1.0000, 1.0000, 1.0000, 1.0000, 1.0000, 1.0000, 1.0000,
        1.0000, 1.0000, 1.0000, 1.0000], device='cuda:0')]
