2021-01-10 16:18:33.986 | INFO     | __main__:run:12 - Namespace(batch_size=128, code_length=[12, 24, 32, 48], dataset='cifar-100', device=device(type='cuda', index=0), gamma=200, gpu=0, lr=0.0001, max_epoch=10, max_iter=30, num_query=1000, num_samples=2000, num_workers=0, root='data/', topk=1000)
2021-01-10 16:33:19.359 | INFO     | adsh:train:99 - [Training time:883.32]
2021-01-10 16:33:22.441 | INFO     | __main__:run:42 - [code_length:12][map:0.1861][Prec:tensor([0.5821, 0.3338, 0.2166, 0.1232, 0.0589, 0.0251, 0.0151, 0.0115, 0.0104,
        0.0101, 0.0100, 0.0100, 0.0100], device='cuda:0')][Reca:tensor([0.4777, 0.5830, 0.6390, 0.6539, 0.7045, 0.7842, 0.8964, 0.9627, 0.9914,
        0.9980, 1.0000, 1.0000, 1.0000], device='cuda:0')]
2021-01-10 16:48:05.696 | INFO     | adsh:train:99 - [Training time:882.97]
2021-01-10 16:48:08.347 | INFO     | __main__:run:42 - [code_length:24][map:0.3031][Prec:tensor([0.9603, 0.9297, 0.8581, 0.7754, 0.6867, 0.5975, 0.4596, 0.3110, 0.1718,
        0.0870, 0.0432, 0.0242, 0.0166, 0.0130, 0.0112, 0.0104, 0.0101, 0.0100,
        0.0100, 0.0100, 0.0100, 0.0100, 0.0100, 0.0100, 0.0100],
       device='cuda:0')][Reca:tensor([0.8158, 0.7982, 0.8299, 0.8466, 0.8484, 0.8496, 0.8413, 0.8388, 0.8221,
        0.8116, 0.8397, 0.8691, 0.9285, 0.9694, 0.9861, 0.9960, 0.9988, 0.9992,
        0.9992, 1.0000, 1.0000, 1.0000, 1.0000, 1.0000, 1.0000],
       device='cuda:0')]
2021-01-10 17:02:48.584 | INFO     | adsh:train:99 - [Training time:879.94]
2021-01-10 17:02:50.990 | INFO     | __main__:run:42 - [code_length:32][map:0.3461][Prec:tensor([1.0000, 1.0000, 0.9780, 0.9527, 0.9073, 0.8780, 0.8148, 0.7413, 0.6460,
        0.5207, 0.3958, 0.2551, 0.1508, 0.0804, 0.0391, 0.0237, 0.0166, 0.0133,
        0.0115, 0.0106, 0.0102, 0.0101, 0.0100, 0.0100, 0.0100, 0.0100, 0.0100,
        0.0100, 0.0100, 0.0100, 0.0100, 0.0100, 0.0100], device='cuda:0')][Reca:tensor([0.9234, 0.8695, 0.9563, 0.9512, 0.9391, 0.9379, 0.9136, 0.9098, 0.8958,
        0.8579, 0.8386, 0.8105, 0.8193, 0.8328, 0.8456, 0.8861, 0.9199, 0.9597,
        0.9782, 0.9899, 0.9975, 0.9999, 1.0000, 1.0000, 1.0000, 1.0000, 1.0000,
        1.0000, 1.0000, 1.0000, 1.0000, 1.0000, 1.0000], device='cuda:0')]
2021-01-10 17:17:33.102 | INFO     | adsh:train:99 - [Training time:881.81]
2021-01-10 17:17:35.650 | INFO     | __main__:run:42 - [code_length:48][map:0.3918][Prec:tensor([1.0000, 1.0000, 0.9891, 0.9790, 0.9484, 0.9520, 0.9357, 0.9100, 0.8835,
        0.8430, 0.7943, 0.7681, 0.7007, 0.6404, 0.5613, 0.4694, 0.3888, 0.3207,
        0.2526, 0.1866, 0.1234, 0.0709, 0.0375, 0.0238, 0.0174, 0.0140, 0.0121,
        0.0110, 0.0105, 0.0102, 0.0101, 0.0100, 0.0100, 0.0100, 0.0100, 0.0100,
        0.0100, 0.0100, 0.0100, 0.0100, 0.0100, 0.0100, 0.0100, 0.0100, 0.0100,
        0.0100, 0.0100, 0.0100, 0.0100], device='cuda:0')][Reca:tensor([1.0000, 0.9824, 0.9619, 0.9563, 0.9342, 0.9274, 0.9262, 0.9104, 0.8764,
        0.8446, 0.8314, 0.8252, 0.7993, 0.8083, 0.7871, 0.7698, 0.7539, 0.7413,
        0.7672, 0.7807, 0.8118, 0.8433, 0.8773, 0.9110, 0.9360, 0.9578, 0.9743,
        0.9814, 0.9922, 0.9980, 0.9995, 0.9999, 0.9999, 1.0000, 1.0000, 1.0000,
        1.0000, 1.0000, 1.0000, 1.0000, 1.0000, 1.0000, 1.0000, 1.0000, 1.0000,
        1.0000, 1.0000, 1.0000, 1.0000], device='cuda:0')]
