2021-01-07 15:52:39.615 | INFO     | __main__:run:12 - Namespace(batch_size=128, code_length=[12, 24, 32, 48], dataset='cifar-100', device=device(type='cuda', index=0), gamma=200, gpu=0, lr=0.0001, max_epoch=1, max_iter=1, num_query=1000, num_samples=1000, num_workers=0, root='data/', topk=2000)
2021-01-07 15:52:49.129 | INFO     | adsh:train:100 - [Training time:7.54]
2021-01-07 15:52:51.583 | INFO     | __main__:run:42 - [code_length:12][map:0.0179][Prec:tensor([0.0000, 0.0500, 0.0127, 0.0102, 0.0101, 0.0100, 0.0100, 0.0100, 0.0100,
        0.0100, 0.0100, 0.0100, 0.0100], device='cuda:0')][Reca:tensor([0.0000, 0.0064, 0.0209, 0.0759, 0.1987, 0.3766, 0.6200, 0.8042, 0.9263,
        0.9838, 0.9986, 1.0000, 1.0000], device='cuda:0')]
2021-01-07 15:52:53.676 | INFO     | adsh:train:100 - [Training time:1.81]
2021-01-07 15:52:56.286 | INFO     | __main__:run:42 - [code_length:24][map:0.0135][Prec:tensor([0.0000, 0.0000, 0.0000, 1.0000, 0.2101, 0.0391, 0.0220, 0.0136, 0.0106,
        0.0100, 0.0100, 0.0100, 0.0100, 0.0100, 0.0100, 0.0100, 0.0100, 0.0100,
        0.0100, 0.0100, 0.0100, 0.0100, 0.0100, 0.0100, 0.0100],
       device='cuda:0')][Reca:tensor([0.0000, 0.0000, 0.0000, 0.0017, 0.0034, 0.0055, 0.0134, 0.0292, 0.0636,
        0.1382, 0.2603, 0.4203, 0.5968, 0.7520, 0.8696, 0.9431, 0.9801, 0.9947,
        0.9990, 0.9999, 1.0000, 1.0000, 1.0000, 1.0000, 1.0000],
       device='cuda:0')]
2021-01-07 15:52:58.380 | INFO     | adsh:train:100 - [Training time:1.81]
2021-01-07 15:53:00.943 | INFO     | __main__:run:42 - [code_length:32][map:0.0127][Prec:tensor([0.0000, 0.0000, 0.0000, 0.0000, 0.0000, 1.0000, 0.5615, 0.1154, 0.0490,
        0.0234, 0.0155, 0.0123, 0.0107, 0.0103, 0.0102, 0.0100, 0.0100, 0.0100,
        0.0100, 0.0100, 0.0100, 0.0100, 0.0100, 0.0100, 0.0100, 0.0100, 0.0100,
        0.0100, 0.0100, 0.0100, 0.0100, 0.0100, 0.0100], device='cuda:0')][Reca:tensor([0.0000, 0.0000, 0.0000, 0.0000, 0.0000, 0.0017, 0.0025, 0.0037, 0.0079,
        0.0129, 0.0260, 0.0519, 0.0974, 0.1805, 0.3012, 0.4460, 0.6021, 0.7424,
        0.8515, 0.9236, 0.9653, 0.9864, 0.9954, 0.9989, 0.9998, 1.0000, 1.0000,
        1.0000, 1.0000, 1.0000, 1.0000, 1.0000, 1.0000], device='cuda:0')]
2021-01-07 15:53:03.083 | INFO     | adsh:train:100 - [Training time:1.84]
2021-01-07 15:53:05.662 | INFO     | __main__:run:42 - [code_length:48][map:0.0135][Prec:tensor([0.0000, 0.0000, 0.0000, 0.0000, 0.0000, 0.0000, 0.0000, 1.0000, 0.9500,
        0.8611, 0.4251, 0.2053, 0.1138, 0.0685, 0.0387, 0.0252, 0.0176, 0.0138,
        0.0120, 0.0110, 0.0106, 0.0104, 0.0102, 0.0102, 0.0101, 0.0101, 0.0100,
        0.0100, 0.0100, 0.0100, 0.0100, 0.0100, 0.0100, 0.0100, 0.0100, 0.0100,
        0.0100, 0.0100, 0.0100, 0.0100, 0.0100, 0.0100, 0.0100, 0.0100, 0.0100,
        0.0100, 0.0100, 0.0100, 0.0100], device='cuda:0')][Reca:tensor([0.0000, 0.0000, 0.0000, 0.0000, 0.0000, 0.0000, 0.0000, 0.0017, 0.0031,
        0.0042, 0.0086, 0.0099, 0.0146, 0.0186, 0.0215, 0.0283, 0.0392, 0.0579,
        0.0868, 0.1292, 0.1908, 0.2699, 0.3625, 0.4688, 0.5750, 0.6791, 0.7700,
        0.8435, 0.9011, 0.9421, 0.9683, 0.9843, 0.9934, 0.9976, 0.9993, 0.9998,
        1.0000, 1.0000, 1.0000, 1.0000, 1.0000, 1.0000, 1.0000, 1.0000, 1.0000,
        1.0000, 1.0000, 1.0000, 1.0000], device='cuda:0')]
