2021-01-07 01:04:23.495 | INFO     | __main__:run:12 - Namespace(batch_size=128, code_length=[12, 24, 32, 48], dataset='cifar-100', device=device(type='cuda', index=0), gamma=300.0, gpu=0, lr=0.0001, max_epoch=15, max_iter=10, num_query=1000, num_samples=2000, num_workers=0, root='data/', topk=-1)
2021-01-07 01:11:49.693 | INFO     | adsh:train:100 - [Training time:444.20]
2021-01-07 01:11:52.979 | INFO     | __main__:run:42 - [code_length:12][map:0.4771][Prec:tensor([1.0000, 0.9870, 0.9050, 0.7103, 0.3915, 0.1549, 0.0814, 0.0580, 0.0515,
        0.0502, 0.0500, 0.0500, 0.0500], device='cuda:0')][Reca:tensor([0.9620, 0.9431, 0.9409, 0.9392, 0.9492, 0.9445, 0.9555, 0.9835, 0.9939,
        1.0000, 1.0000, 1.0000, 1.0000], device='cuda:0')]
2021-01-07 01:19:13.120 | INFO     | adsh:train:100 - [Training time:439.86]
2021-01-07 01:19:15.687 | INFO     | __main__:run:42 - [code_length:24][map:0.5286][Prec:tensor([1.0000, 1.0000, 1.0000, 1.0000, 0.9974, 0.9893, 0.9453, 0.8491, 0.7421,
        0.5684, 0.3225, 0.1548, 0.0900, 0.0643, 0.0545, 0.0509, 0.0502, 0.0500,
        0.0500, 0.0500, 0.0500, 0.0500, 0.0500, 0.0500, 0.0500],
       device='cuda:0')][Reca:tensor([0.6940, 0.6158, 0.6884, 0.8055, 0.8514, 0.9102, 0.9013, 0.8956, 0.8924,
        0.8733, 0.8707, 0.8992, 0.9394, 0.9639, 0.9874, 0.9934, 0.9992, 1.0000,
        1.0000, 1.0000, 1.0000, 1.0000, 1.0000, 1.0000, 1.0000],
       device='cuda:0')]
2021-01-07 01:26:37.900 | INFO     | adsh:train:100 - [Training time:441.91]
2021-01-07 01:26:40.552 | INFO     | __main__:run:42 - [code_length:32][map:0.5142][Prec:tensor([1.0000, 1.0000, 1.0000, 1.0000, 1.0000, 1.0000, 1.0000, 0.9903, 0.9534,
        0.8933, 0.8353, 0.7597, 0.6746, 0.5460, 0.4086, 0.2027, 0.1063, 0.0693,
        0.0572, 0.0523, 0.0506, 0.0501, 0.0500, 0.0500, 0.0500, 0.0500, 0.0500,
        0.0500, 0.0500, 0.0500, 0.0500, 0.0500, 0.0500], device='cuda:0')][Reca:tensor([0.3724, 0.8137, 0.8732, 0.8382, 0.8641, 0.8861, 0.8791, 0.9025, 0.8843,
        0.8921, 0.9065, 0.9076, 0.8969, 0.8815, 0.8968, 0.9116, 0.9375, 0.9600,
        0.9826, 0.9947, 0.9979, 0.9999, 1.0000, 1.0000, 1.0000, 1.0000, 1.0000,
        1.0000, 1.0000, 1.0000, 1.0000, 1.0000, 1.0000], device='cuda:0')]
2021-01-07 01:34:01.786 | INFO     | adsh:train:100 - [Training time:440.93]
2021-01-07 01:34:04.479 | INFO     | __main__:run:42 - [code_length:48][map:0.5004][Prec:tensor([1.0000, 1.0000, 1.0000, 1.0000, 1.0000, 1.0000, 1.0000, 1.0000, 1.0000,
        0.9980, 0.9916, 0.9801, 0.9631, 0.9236, 0.8712, 0.8259, 0.7669, 0.7228,
        0.6668, 0.5999, 0.5279, 0.4592, 0.3397, 0.1928, 0.1129, 0.0794, 0.0634,
        0.0561, 0.0527, 0.0512, 0.0504, 0.0501, 0.0500, 0.0500, 0.0500, 0.0500,
        0.0500, 0.0500, 0.0500, 0.0500, 0.0500, 0.0500, 0.0500, 0.0500, 0.0500,
        0.0500, 0.0500, 0.0500, 0.0500], device='cuda:0')][Reca:tensor([0.5892, 0.7030, 0.8436, 0.8498, 0.9218, 0.9204, 0.9242, 0.9158, 0.9225,
        0.9176, 0.9027, 0.9165, 0.9212, 0.9099, 0.9027, 0.9075, 0.8842, 0.8974,
        0.8910, 0.8846, 0.8729, 0.8806, 0.8702, 0.8803, 0.9134, 0.9520, 0.9695,
        0.9872, 0.9923, 0.9978, 0.9970, 0.9990, 1.0000, 1.0000, 1.0000, 1.0000,
        1.0000, 1.0000, 1.0000, 1.0000, 1.0000, 1.0000, 1.0000, 1.0000, 1.0000,
        1.0000, 1.0000, 1.0000, 1.0000], device='cuda:0')]
