2021-01-10 22:28:42.305 | INFO     | __main__:run:12 - Namespace(batch_size=128, code_length=[12, 24, 32, 48], dataset='cifar-10', device=device(type='cuda', index=0), gamma=200, gpu=0, lr=0.0001, max_epoch=10, max_iter=30, num_query=1000, num_samples=2000, num_workers=0, root='data/', topk=-1)
2021-01-10 22:46:02.568 | INFO     | adsh:train:99 - [Training time:1038.35]
2021-01-10 22:46:05.819 | INFO     | __main__:run:42 - [code_length:12][map:0.8365][Prec:tensor([1.0000, 1.0000, 1.0000, 0.9744, 0.8767, 0.5513, 0.1841, 0.1133, 0.1011,
        0.1000, 0.1000, 0.1000, 0.1000], device='cuda:0')][Reca:tensor([0.9482, 0.9420, 0.9883, 0.9902, 0.9976, 0.9989, 0.9979, 0.9980, 1.0000,
        1.0000, 1.0000, 1.0000, 1.0000], device='cuda:0')]
2021-01-10 23:03:24.272 | INFO     | adsh:train:99 - [Training time:1038.24]
2021-01-10 23:03:26.878 | INFO     | __main__:run:42 - [code_length:24][map:0.8242][Prec:tensor([1.0000, 1.0000, 1.0000, 1.0000, 1.0000, 1.0000, 0.9974, 0.9808, 0.9507,
        0.9187, 0.8653, 0.6880, 0.3045, 0.1503, 0.1120, 0.1020, 0.1005, 0.1001,
        0.1000, 0.1000, 0.1000, 0.1000, 0.1000, 0.1000, 0.1000],
       device='cuda:0')][Reca:tensor([0.4538, 0.7104, 0.9892, 0.9959, 0.9960, 0.9948, 0.9973, 0.9975, 0.9964,
        0.9975, 0.9962, 0.9954, 0.9936, 0.9959, 0.9991, 0.9991, 1.0000, 1.0000,
        1.0000, 1.0000, 1.0000, 1.0000, 1.0000, 1.0000, 1.0000],
       device='cuda:0')]
2021-01-10 23:20:55.050 | INFO     | adsh:train:99 - [Training time:1047.94]
2021-01-10 23:20:57.604 | INFO     | __main__:run:42 - [code_length:32][map:0.8372][Prec:tensor([1.0000, 1.0000, 1.0000, 1.0000, 1.0000, 1.0000, 1.0000, 1.0000, 0.9987,
        0.9925, 0.9773, 0.9640, 0.9450, 0.9229, 0.8930, 0.7102, 0.3633, 0.1828,
        0.1172, 0.1037, 0.1013, 0.1004, 0.1001, 0.1000, 0.1000, 0.1000, 0.1000,
        0.1000, 0.1000, 0.1000, 0.1000, 0.1000, 0.1000], device='cuda:0')][Reca:tensor([1.0000, 0.9865, 0.9934, 1.0000, 1.0000, 1.0000, 1.0000, 1.0000, 0.9987,
        0.9988, 1.0000, 1.0000, 1.0000, 1.0000, 1.0000, 1.0000, 1.0000, 0.9990,
        0.9990, 1.0000, 1.0000, 1.0000, 1.0000, 1.0000, 1.0000, 1.0000, 1.0000,
        1.0000, 1.0000, 1.0000, 1.0000, 1.0000, 1.0000], device='cuda:0')]
2021-01-10 23:38:22.741 | INFO     | adsh:train:99 - [Training time:1044.90]
2021-01-10 23:38:25.359 | INFO     | __main__:run:42 - [code_length:48][map:0.8275][Prec:tensor([1.0000, 1.0000, 1.0000, 1.0000, 1.0000, 1.0000, 1.0000, 1.0000, 1.0000,
        1.0000, 1.0000, 1.0000, 1.0000, 0.9994, 0.9924, 0.9790, 0.9672, 0.9576,
        0.9494, 0.9386, 0.9236, 0.9069, 0.8901, 0.8635, 0.7166, 0.3654, 0.1713,
        0.1162, 0.1061, 0.1031, 0.1014, 0.1007, 0.1003, 0.1001, 0.1000, 0.1000,
        0.1000, 0.1000, 0.1000, 0.1000, 0.1000, 0.1000, 0.1000, 0.1000, 0.1000,
        0.1000, 0.1000, 0.1000, 0.1000], device='cuda:0')][Reca:tensor([3.3898e-04, 8.7315e-01, 9.8093e-01, 9.9935e-01, 9.9937e-01, 9.9938e-01,
        1.0000e+00, 1.0000e+00, 1.0000e+00, 9.9867e-01, 9.9868e-01, 1.0000e+00,
        1.0000e+00, 1.0000e+00, 1.0000e+00, 1.0000e+00, 1.0000e+00, 1.0000e+00,
        1.0000e+00, 1.0000e+00, 9.9881e-01, 9.9882e-01, 9.9831e-01, 9.9604e-01,
        9.9777e-01, 1.0000e+00, 1.0000e+00, 1.0000e+00, 1.0000e+00, 1.0000e+00,
        1.0000e+00, 1.0000e+00, 1.0000e+00, 1.0000e+00, 1.0000e+00, 1.0000e+00,
        1.0000e+00, 1.0000e+00, 1.0000e+00, 1.0000e+00, 1.0000e+00, 1.0000e+00,
        1.0000e+00, 1.0000e+00, 1.0000e+00, 1.0000e+00, 1.0000e+00, 1.0000e+00,
        1.0000e+00], device='cuda:0')]
