2021-01-07 15:49:49.951 | INFO     | __main__:run:12 - Namespace(batch_size=128, code_length=[12, 24, 32, 48], dataset='cifar-100', device=device(type='cuda', index=0), gamma=200, gpu=0, lr=0.0001, max_epoch=1, max_iter=1, num_query=1000, num_samples=1000, num_workers=0, root='data/', topk=2000)
2021-01-07 15:49:59.500 | INFO     | adsh:train:100 - [Training time:7.56]
2021-01-07 15:50:01.936 | INFO     | __main__:run:42 - [code_length:12][map:0.0569][Prec:tensor([0.0000, 0.2455, 0.0914, 0.0525, 0.0502, 0.0500, 0.0501, 0.0501, 0.0500,
        0.0500, 0.0500, 0.0500, 0.0500], device='cuda:0')][Reca:tensor([0.0000, 0.0309, 0.0304, 0.0543, 0.1402, 0.3285, 0.5788, 0.7990, 0.9359,
        0.9916, 0.9982, 1.0000, 1.0000], device='cuda:0')]
2021-01-07 15:50:04.048 | INFO     | adsh:train:100 - [Training time:1.81]
2021-01-07 15:50:06.450 | INFO     | __main__:run:42 - [code_length:24][map:0.0613][Prec:tensor([0.0000, 0.0000, 0.0000, 1.0000, 0.3654, 0.1749, 0.1129, 0.1104, 0.0670,
        0.0552, 0.0522, 0.0509, 0.0500, 0.0501, 0.0501, 0.0501, 0.0501, 0.0500,
        0.0500, 0.0500, 0.0500, 0.0500, 0.0500, 0.0500, 0.0500],
       device='cuda:0')][Reca:tensor([0.0000, 0.0000, 0.0000, 0.0015, 0.0018, 0.0070, 0.0233, 0.0803, 0.1285,
        0.2049, 0.3090, 0.4215, 0.5392, 0.6785, 0.8090, 0.9039, 0.9605, 0.9861,
        0.9957, 0.9991, 0.9999, 1.0000, 1.0000, 1.0000, 1.0000],
       device='cuda:0')]
2021-01-07 15:50:08.544 | INFO     | adsh:train:100 - [Training time:1.81]
2021-01-07 15:50:11.015 | INFO     | __main__:run:42 - [code_length:32][map:0.0528][Prec:tensor([0.0000, 0.0000, 0.0000, 0.0000, 0.0000, 0.0000, 1.0000, 0.3652, 0.2077,
        0.1363, 0.0977, 0.0744, 0.0592, 0.0573, 0.0514, 0.0504, 0.0503, 0.0502,
        0.0501, 0.0500, 0.0500, 0.0500, 0.0500, 0.0500, 0.0500, 0.0500, 0.0500,
        0.0500, 0.0500, 0.0500, 0.0500, 0.0500, 0.0500], device='cuda:0')][Reca:tensor([0.0000, 0.0000, 0.0000, 0.0000, 0.0000, 0.0000, 0.0017, 0.0022, 0.0082,
        0.0203, 0.0399, 0.0730, 0.1172, 0.2015, 0.2924, 0.4266, 0.5788, 0.7216,
        0.8325, 0.9103, 0.9571, 0.9818, 0.9932, 0.9979, 0.9995, 0.9999, 1.0000,
        1.0000, 1.0000, 1.0000, 1.0000, 1.0000, 1.0000], device='cuda:0')]
2021-01-07 15:50:13.159 | INFO     | adsh:train:100 - [Training time:1.83]
2021-01-07 15:50:15.706 | INFO     | __main__:run:42 - [code_length:48][map:0.0565][Prec:tensor([0.0000, 0.0000, 0.0000, 0.0000, 0.0000, 0.0000, 0.0000, 0.0000, 0.0000,
        0.0000, 0.0000, 0.9684, 0.7176, 0.5040, 0.3771, 0.2520, 0.1685, 0.1015,
        0.0759, 0.0635, 0.0580, 0.0538, 0.0528, 0.0514, 0.0502, 0.0497, 0.0498,
        0.0500, 0.0502, 0.0502, 0.0502, 0.0501, 0.0501, 0.0500, 0.0500, 0.0500,
        0.0500, 0.0500, 0.0500, 0.0500, 0.0500, 0.0500, 0.0500, 0.0500, 0.0500,
        0.0500, 0.0500, 0.0500, 0.0500], device='cuda:0')][Reca:tensor([0.0000e+00, 0.0000e+00, 0.0000e+00, 0.0000e+00, 0.0000e+00, 0.0000e+00,
        0.0000e+00, 0.0000e+00, 0.0000e+00, 0.0000e+00, 0.0000e+00, 3.9251e-04,
        1.5152e-03, 4.8130e-03, 1.2837e-02, 2.5000e-02, 4.1806e-02, 5.5020e-02,
        8.0384e-02, 1.1989e-01, 1.8239e-01, 2.6203e-01, 3.6326e-01, 4.6409e-01,
        5.6171e-01, 6.5855e-01, 7.5327e-01, 8.3490e-01, 8.9800e-01, 9.4196e-01,
        9.7040e-01, 9.8720e-01, 9.9531e-01, 9.9870e-01, 9.9973e-01, 9.9995e-01,
        9.9999e-01, 1.0000e+00, 1.0000e+00, 1.0000e+00, 1.0000e+00, 1.0000e+00,
        1.0000e+00, 1.0000e+00, 1.0000e+00, 1.0000e+00, 1.0000e+00, 1.0000e+00,
        1.0000e+00], device='cuda:0')]
